17:57:03.322  INFO  manager.ApplicationManager - All tests run in chrome browser
17:57:05.721  INFO  manager.ApplicationManager - Current Url---->https://ilcarro-1578153671498.web.app/search
17:57:06.265  INFO  manager.MyListener - WebDriver start find element---->By.cssSelector: .ng-touched.ng-dirty.ng-valid
17:57:11.293  INFO  manager.MyListener - The name of method with error-->findElement
17:57:11.296  INFO  manager.MyListener - We have a problem--->org.openqa.selenium.NoSuchElementException: Unable to locate element: .ng-touched.ng-dirty.ng-valid
For documentation on this error, please visit: https://selenium.dev/exceptions/#no_such_element
Build info: version: '4.2.2', revision: '683ccb65d6'
System info: host: 'DESKTOP-O54QV38', ip: '192.168.14.148', os.name: 'Windows 10', os.arch: 'amd64', os.version: '10.0', java.version: '13.0.2'
Driver info: org.openqa.selenium.firefox.FirefoxDriver
Command: [94733b65-3617-4dd7-b93b-22874bce5c54, findElement {using=css selector, value=.ng-touched.ng-dirty.ng-valid}]
Capabilities {acceptInsecureCerts: true, browserName: firefox, browserVersion: 94.0.2, moz:accessibilityChecks: false, moz:buildID: 20211119140621, moz:debuggerAddress: localhost:56589, moz:geckodriverVersion: 0.31.0, moz:headless: false, moz:processID: 32764, moz:profile: C:\Users\allan\AppData\Loca..., moz:shutdownTimeout: 60000, moz:useNonSpecCompliantPointerOrigin: false, moz:webdriverClick: true, pageLoadStrategy: normal, platformName: WINDOWS, platformVersion: 10.0, proxy: Proxy(), se:cdp: ws://localhost:56589/devtoo..., se:cdpVersion: 85.0, setWindowRect: true, strictFileInteractability: false, timeouts: {implicit: 0, pageLoad: 300000, script: 30000}, unhandledPromptBehavior: dismiss and notify}
Session ID: 94733b65-3617-4dd7-b93b-22874bce5c54
17:57:11.301  INFO  manager.MyListener - WebDriver start find element---->By.cssSelector: .logo
17:57:11.321  INFO  manager.MyListener - WebDriver found element by locator---->By.cssSelector: .logo
17:57:11.665  INFO  manager.MyListener - WebDriver start find element---->By.id: city
17:57:11.680  INFO  manager.MyListener - WebDriver found element by locator---->By.id: city
17:57:12.947  INFO  manager.MyListener - WebDriver start find element---->By.cssSelector: .pac-item
17:57:12.960  INFO  manager.MyListener - WebDriver found element by locator---->By.cssSelector: .pac-item
17:57:14.188  INFO  manager.MyListener - WebDriver start find element---->By.id: dates
17:57:14.200  INFO  manager.MyListener - WebDriver found element by locator---->By.id: dates
17:57:14.483  INFO  manager.MyListener - WebDriver start find element---->By.cssSelector: button[aria-label='Next month']
17:57:14.502  INFO  manager.MyListener - WebDriver found element by locator---->By.cssSelector: button[aria-label='Next month']
17:57:14.738  INFO  manager.MyListener - WebDriver start find element---->By.xpath: //div[text()=' 10 ']
17:57:14.755  INFO  manager.MyListener - WebDriver found element by locator---->By.xpath: //div[text()=' 10 ']
17:57:15.006  INFO  manager.MyListener - WebDriver start find element---->By.cssSelector: button[aria-label='Next month']
17:57:15.017  INFO  manager.MyListener - WebDriver found element by locator---->By.cssSelector: button[aria-label='Next month']
17:57:15.249  INFO  manager.MyListener - WebDriver start find element---->By.cssSelector: button[aria-label='Next month']
17:57:15.260  INFO  manager.MyListener - WebDriver found element by locator---->By.cssSelector: button[aria-label='Next month']
17:57:15.489  INFO  manager.MyListener - WebDriver start find element---->By.cssSelector: button[aria-label='Next month']
17:57:15.501  INFO  manager.MyListener - WebDriver found element by locator---->By.cssSelector: button[aria-label='Next month']
17:57:15.730  INFO  manager.MyListener - WebDriver start find element---->By.cssSelector: button[aria-label='Next month']
17:57:15.743  INFO  manager.MyListener - WebDriver found element by locator---->By.cssSelector: button[aria-label='Next month']
17:57:15.972  INFO  manager.MyListener - WebDriver start find element---->By.cssSelector: button[aria-label='Next month']
17:57:15.984  INFO  manager.MyListener - WebDriver found element by locator---->By.cssSelector: button[aria-label='Next month']
17:57:16.211  INFO  manager.MyListener - WebDriver start find element---->By.cssSelector: button[aria-label='Next month']
17:57:16.221  INFO  manager.MyListener - WebDriver found element by locator---->By.cssSelector: button[aria-label='Next month']
17:57:16.449  INFO  manager.MyListener - WebDriver start find element---->By.cssSelector: button[aria-label='Next month']
17:57:16.460  INFO  manager.MyListener - WebDriver found element by locator---->By.cssSelector: button[aria-label='Next month']
17:57:16.685  INFO  manager.MyListener - WebDriver start find element---->By.xpath: //div[text()=' 20 ']
17:57:16.696  INFO  manager.MyListener - WebDriver found element by locator---->By.xpath: //div[text()=' 20 ']
17:57:16.934  INFO  manager.MyListener - WebDriver start find element---->By.cssSelector: button[type='submit']
17:57:16.946  INFO  manager.MyListener - WebDriver found element by locator---->By.cssSelector: button[type='submit']
17:57:16.977  INFO  manager.MyListener - WebDriver start find element---->By.cssSelector: button[type='submit']
17:57:16.986  INFO  manager.MyListener - WebDriver found element by locator---->By.cssSelector: button[type='submit']
17:57:17.816  INFO  manager.MyListener - WebDriver start find element---->By.cssSelector: .logo
17:57:17.826  INFO  manager.MyListener - WebDriver found element by locator---->By.cssSelector: .logo
17:57:18.571  INFO  manager.MyListener - WebDriver start find element---->By.cssSelector: .ng-touched.ng-dirty.ng-valid
17:57:23.590  INFO  manager.MyListener - The name of method with error-->findElement
17:57:23.590  INFO  manager.MyListener - We have a problem--->org.openqa.selenium.NoSuchElementException: Unable to locate element: .ng-touched.ng-dirty.ng-valid
For documentation on this error, please visit: https://selenium.dev/exceptions/#no_such_element
Build info: version: '4.2.2', revision: '683ccb65d6'
System info: host: 'DESKTOP-O54QV38', ip: '192.168.14.148', os.name: 'Windows 10', os.arch: 'amd64', os.version: '10.0', java.version: '13.0.2'
Driver info: org.openqa.selenium.firefox.FirefoxDriver
Command: [94733b65-3617-4dd7-b93b-22874bce5c54, findElement {using=css selector, value=.ng-touched.ng-dirty.ng-valid}]
Capabilities {acceptInsecureCerts: true, browserName: firefox, browserVersion: 94.0.2, moz:accessibilityChecks: false, moz:buildID: 20211119140621, moz:debuggerAddress: localhost:56589, moz:geckodriverVersion: 0.31.0, moz:headless: false, moz:processID: 32764, moz:profile: C:\Users\allan\AppData\Loca..., moz:shutdownTimeout: 60000, moz:useNonSpecCompliantPointerOrigin: false, moz:webdriverClick: true, pageLoadStrategy: normal, platformName: WINDOWS, platformVersion: 10.0, proxy: Proxy(), se:cdp: ws://localhost:56589/devtoo..., se:cdpVersion: 85.0, setWindowRect: true, strictFileInteractability: false, timeouts: {implicit: 0, pageLoad: 300000, script: 30000}, unhandledPromptBehavior: dismiss and notify}
Session ID: 94733b65-3617-4dd7-b93b-22874bce5c54
17:57:23.591  INFO  manager.MyListener - WebDriver start find element---->By.cssSelector: .logo
17:57:23.604  INFO  manager.MyListener - WebDriver found element by locator---->By.cssSelector: .logo
