19:34:16.555  INFO  manager.ApplicationManager - All tests run in chrome browser
19:34:18.064  INFO  manager.ApplicationManager - Current Url---->https://ilcarro-1578153671498.web.app/search
19:34:18.095  INFO  manager.MyListener - WebDriver start find element---->By.id: city
19:34:18.120  INFO  manager.MyListener - WebDriver found element by locator---->By.id: city
19:34:19.243  INFO  manager.MyListener - WebDriver start find element---->By.cssSelector: .pac-item
19:34:19.263  INFO  manager.MyListener - WebDriver found element by locator---->By.cssSelector: .pac-item
19:34:19.804  INFO  manager.MyListener - WebDriver start find element---->By.id: dates
19:34:19.828  INFO  manager.MyListener - WebDriver found element by locator---->By.id: dates
19:34:19.888  INFO  manager.MyListener - WebDriver start find element---->By.id: dates
19:34:19.905  INFO  manager.MyListener - WebDriver found element by locator---->By.id: dates
19:34:19.988  INFO  manager.MyListener - WebDriver start find element---->By.cssSelector: button[aria-label='Next month']
19:34:20.012  INFO  manager.MyListener - WebDriver found element by locator---->By.cssSelector: button[aria-label='Next month']
19:34:20.063  INFO  manager.MyListener - WebDriver start find element---->By.xpath: //div[text()=' 10 ']
19:34:20.092  INFO  manager.MyListener - WebDriver found element by locator---->By.xpath: //div[text()=' 10 ']
19:34:20.145  INFO  manager.MyListener - WebDriver start find element---->By.cssSelector: button[aria-label='Next month']
19:34:20.170  INFO  manager.MyListener - WebDriver found element by locator---->By.cssSelector: button[aria-label='Next month']
19:34:20.241  INFO  manager.MyListener - WebDriver start find element---->By.cssSelector: button[aria-label='Next month']
19:34:20.257  INFO  manager.MyListener - WebDriver found element by locator---->By.cssSelector: button[aria-label='Next month']
19:34:20.300  INFO  manager.MyListener - WebDriver start find element---->By.cssSelector: button[aria-label='Next month']
19:34:20.318  INFO  manager.MyListener - WebDriver found element by locator---->By.cssSelector: button[aria-label='Next month']
19:34:20.353  INFO  manager.MyListener - WebDriver start find element---->By.cssSelector: button[aria-label='Next month']
19:34:20.367  INFO  manager.MyListener - WebDriver found element by locator---->By.cssSelector: button[aria-label='Next month']
19:34:20.404  INFO  manager.MyListener - WebDriver start find element---->By.cssSelector: button[aria-label='Next month']
19:34:20.420  INFO  manager.MyListener - WebDriver found element by locator---->By.cssSelector: button[aria-label='Next month']
19:34:20.454  INFO  manager.MyListener - WebDriver start find element---->By.cssSelector: button[aria-label='Next month']
19:34:20.468  INFO  manager.MyListener - WebDriver found element by locator---->By.cssSelector: button[aria-label='Next month']
19:34:20.505  INFO  manager.MyListener - WebDriver start find element---->By.cssSelector: button[aria-label='Next month']
19:34:20.517  INFO  manager.MyListener - WebDriver found element by locator---->By.cssSelector: button[aria-label='Next month']
19:34:20.553  INFO  manager.MyListener - WebDriver start find element---->By.xpath: //div[text()=' 20 ']
19:34:20.569  INFO  manager.MyListener - WebDriver found element by locator---->By.xpath: //div[text()=' 20 ']
19:34:20.618  INFO  manager.MyListener - WebDriver start find element---->By.cssSelector: button[type='submit']
19:34:20.635  INFO  manager.MyListener - WebDriver found element by locator---->By.cssSelector: button[type='submit']
19:34:20.672  INFO  manager.MyListener - WebDriver start find element---->By.cssSelector: button[type='submit']
19:34:20.688  INFO  manager.MyListener - WebDriver found element by locator---->By.cssSelector: button[type='submit']
19:34:21.902  INFO  manager.MyListener - WebDriver start find element---->By.cssSelector: .logo
19:34:21.919  INFO  manager.MyListener - WebDriver found element by locator---->By.cssSelector: .logo
19:34:22.183  INFO  manager.MyListener - WebDriver start find element---->By.id: city
19:34:22.196  INFO  manager.MyListener - WebDriver found element by locator---->By.id: city
19:34:23.339  INFO  manager.MyListener - WebDriver start find element---->By.cssSelector: .pac-item
19:34:23.352  INFO  manager.MyListener - WebDriver found element by locator---->By.cssSelector: .pac-item
19:34:23.888  INFO  manager.MyListener - WebDriver start find element---->By.id: dates
19:34:23.900  INFO  manager.MyListener - WebDriver found element by locator---->By.id: dates
19:34:23.959  INFO  manager.MyListener - WebDriver start find element---->By.id: dates
19:34:23.973  INFO  manager.MyListener - WebDriver found element by locator---->By.id: dates
19:34:24.022  INFO  manager.MyListener - WebDriver start find element---->By.cssSelector: button[aria-label='Next month']
19:34:24.036  INFO  manager.MyListener - WebDriver found element by locator---->By.cssSelector: button[aria-label='Next month']
19:34:24.082  INFO  manager.MyListener - WebDriver start find element---->By.xpath: //div[text()=' 10 ']
19:34:24.095  INFO  manager.MyListener - WebDriver found element by locator---->By.xpath: //div[text()=' 10 ']
19:34:24.140  INFO  manager.MyListener - WebDriver start find element---->By.cssSelector: button[aria-label='Next month']
19:34:24.154  INFO  manager.MyListener - WebDriver found element by locator---->By.cssSelector: button[aria-label='Next month']
19:34:24.193  INFO  manager.MyListener - WebDriver start find element---->By.cssSelector: button[aria-label='Next month']
19:34:24.205  INFO  manager.MyListener - WebDriver found element by locator---->By.cssSelector: button[aria-label='Next month']
19:34:24.239  INFO  manager.MyListener - WebDriver start find element---->By.cssSelector: button[aria-label='Next month']
19:34:24.253  INFO  manager.MyListener - WebDriver found element by locator---->By.cssSelector: button[aria-label='Next month']
19:34:24.292  INFO  manager.MyListener - WebDriver start find element---->By.cssSelector: button[aria-label='Next month']
19:34:24.306  INFO  manager.MyListener - WebDriver found element by locator---->By.cssSelector: button[aria-label='Next month']
19:34:24.337  INFO  manager.MyListener - WebDriver start find element---->By.cssSelector: button[aria-label='Next month']
19:34:24.349  INFO  manager.MyListener - WebDriver found element by locator---->By.cssSelector: button[aria-label='Next month']
19:34:24.381  INFO  manager.MyListener - WebDriver start find element---->By.cssSelector: button[aria-label='Next month']
19:34:24.391  INFO  manager.MyListener - WebDriver found element by locator---->By.cssSelector: button[aria-label='Next month']
19:34:24.420  INFO  manager.MyListener - WebDriver start find element---->By.cssSelector: button[aria-label='Next month']
19:34:24.433  INFO  manager.MyListener - WebDriver found element by locator---->By.cssSelector: button[aria-label='Next month']
19:34:24.468  INFO  manager.MyListener - WebDriver start find element---->By.xpath: //div[text()=' 20 ']
19:34:24.482  INFO  manager.MyListener - WebDriver found element by locator---->By.xpath: //div[text()=' 20 ']
19:34:24.532  INFO  manager.MyListener - WebDriver start find element---->By.cssSelector: button[type='submit']
19:34:24.541  INFO  manager.MyListener - WebDriver found element by locator---->By.cssSelector: button[type='submit']
19:34:24.565  INFO  manager.MyListener - WebDriver start find element---->By.cssSelector: button[type='submit']
19:34:24.575  INFO  manager.MyListener - WebDriver found element by locator---->By.cssSelector: button[type='submit']
19:34:25.869  INFO  manager.MyListener - WebDriver start find element---->By.cssSelector: .logo
19:34:25.883  INFO  manager.MyListener - WebDriver found element by locator---->By.cssSelector: .logo
19:34:26.095  INFO  manager.MyListener - WebDriver start find element---->By.id: city
19:34:26.111  INFO  manager.MyListener - WebDriver found element by locator---->By.id: city
19:34:27.257  INFO  manager.MyListener - WebDriver start find element---->By.cssSelector: .pac-item
19:34:27.269  INFO  manager.MyListener - WebDriver found element by locator---->By.cssSelector: .pac-item
19:34:27.801  INFO  manager.MyListener - WebDriver start find element---->By.id: dates
19:34:27.813  INFO  manager.MyListener - WebDriver found element by locator---->By.id: dates
19:34:27.870  INFO  manager.MyListener - WebDriver start find element---->By.id: dates
19:34:27.883  INFO  manager.MyListener - WebDriver found element by locator---->By.id: dates
19:34:27.934  INFO  manager.MyListener - WebDriver start find element---->By.xpath: //div[text()=' 25 ']
19:34:27.952  INFO  manager.MyListener - WebDriver found element by locator---->By.xpath: //div[text()=' 25 ']
19:34:27.999  INFO  manager.MyListener - WebDriver start find element---->By.xpath: //div[text()=' 31 ']
19:34:28.014  INFO  manager.MyListener - WebDriver found element by locator---->By.xpath: //div[text()=' 31 ']
19:34:28.065  INFO  manager.MyListener - WebDriver start find element---->By.cssSelector: button[type='submit']
19:34:28.076  INFO  manager.MyListener - WebDriver found element by locator---->By.cssSelector: button[type='submit']
19:34:28.096  INFO  manager.MyListener - WebDriver start find element---->By.cssSelector: button[type='submit']
19:34:28.108  INFO  manager.MyListener - WebDriver found element by locator---->By.cssSelector: button[type='submit']
19:34:29.855  INFO  manager.MyListener - WebDriver start find element---->By.cssSelector: .logo
19:34:29.867  INFO  manager.MyListener - WebDriver found element by locator---->By.cssSelector: .logo
19:34:30.056  INFO  manager.MyListener - WebDriver start find element---->By.id: city
19:34:30.069  INFO  manager.MyListener - WebDriver found element by locator---->By.id: city
19:34:31.215  INFO  manager.MyListener - WebDriver start find element---->By.cssSelector: .pac-item
19:34:31.227  INFO  manager.MyListener - WebDriver found element by locator---->By.cssSelector: .pac-item
19:34:31.772  INFO  manager.MyListener - WebDriver start find element---->By.id: dates
19:34:31.783  INFO  manager.MyListener - WebDriver found element by locator---->By.id: dates
19:34:31.843  INFO  manager.MyListener - WebDriver start find element---->By.id: dates
19:34:31.856  INFO  manager.MyListener - WebDriver found element by locator---->By.id: dates
19:34:31.906  INFO  manager.MyListener - WebDriver start find element---->By.cssSelector: button[aria-label='Next month']
19:34:31.920  INFO  manager.MyListener - WebDriver found element by locator---->By.cssSelector: button[aria-label='Next month']
19:34:31.964  INFO  manager.MyListener - WebDriver start find element---->By.xpath: //div[text()=' 10 ']
19:34:31.977  INFO  manager.MyListener - WebDriver found element by locator---->By.xpath: //div[text()=' 10 ']
19:34:32.023  INFO  manager.MyListener - WebDriver start find element---->By.xpath: //div[text()=' 20 ']
19:34:32.037  INFO  manager.MyListener - WebDriver found element by locator---->By.xpath: //div[text()=' 20 ']
19:34:32.085  INFO  manager.MyListener - WebDriver start find element---->By.cssSelector: button[type='submit']
19:34:32.096  INFO  manager.MyListener - WebDriver found element by locator---->By.cssSelector: button[type='submit']
19:34:32.118  INFO  manager.MyListener - WebDriver start find element---->By.cssSelector: button[type='submit']
19:34:32.129  INFO  manager.MyListener - WebDriver found element by locator---->By.cssSelector: button[type='submit']
19:34:33.472  INFO  manager.MyListener - WebDriver start find element---->By.cssSelector: .logo
19:34:33.483  INFO  manager.MyListener - WebDriver found element by locator---->By.cssSelector: .logo
19:34:33.697  INFO  manager.MyListener - WebDriver start find element---->By.id: city
19:34:33.712  INFO  manager.MyListener - WebDriver found element by locator---->By.id: city
19:34:34.839  INFO  manager.MyListener - WebDriver start find element---->By.cssSelector: .pac-item
19:34:34.850  INFO  manager.MyListener - WebDriver found element by locator---->By.cssSelector: .pac-item
19:34:35.381  INFO  manager.MyListener - WebDriver start find element---->By.id: dates
19:34:35.395  INFO  manager.MyListener - WebDriver found element by locator---->By.id: dates
19:34:35.456  INFO  manager.MyListener - WebDriver start find element---->By.id: dates
19:34:35.467  INFO  manager.MyListener - WebDriver found element by locator---->By.id: dates
19:34:35.529  INFO  manager.MyListener - WebDriver start find element---->By.cssSelector: button[aria-label='Next month']
19:34:35.543  INFO  manager.MyListener - WebDriver found element by locator---->By.cssSelector: button[aria-label='Next month']
19:34:35.588  INFO  manager.MyListener - WebDriver start find element---->By.xpath: //div[text()=' 10 ']
19:34:35.599  INFO  manager.MyListener - WebDriver found element by locator---->By.xpath: //div[text()=' 10 ']
19:34:35.645  INFO  manager.MyListener - WebDriver start find element---->By.cssSelector: button[aria-label='Next month']
19:34:35.659  INFO  manager.MyListener - WebDriver found element by locator---->By.cssSelector: button[aria-label='Next month']
19:34:35.699  INFO  manager.MyListener - WebDriver start find element---->By.cssSelector: button[aria-label='Next month']
19:34:35.711  INFO  manager.MyListener - WebDriver found element by locator---->By.cssSelector: button[aria-label='Next month']
19:34:35.744  INFO  manager.MyListener - WebDriver start find element---->By.xpath: //div[text()=' 20 ']
19:34:35.757  INFO  manager.MyListener - WebDriver found element by locator---->By.xpath: //div[text()=' 20 ']
19:34:35.803  INFO  manager.MyListener - WebDriver start find element---->By.cssSelector: button[type='submit']
19:34:35.814  INFO  manager.MyListener - WebDriver found element by locator---->By.cssSelector: button[type='submit']
19:34:35.834  INFO  manager.MyListener - WebDriver start find element---->By.cssSelector: button[type='submit']
19:34:35.845  INFO  manager.MyListener - WebDriver found element by locator---->By.cssSelector: button[type='submit']
19:34:37.785  INFO  manager.MyListener - WebDriver start find element---->By.cssSelector: .logo
19:34:37.796  INFO  manager.MyListener - WebDriver found element by locator---->By.cssSelector: .logo
19:34:38.007  INFO  manager.MyListener - WebDriver start find element---->By.id: city
19:34:38.017  INFO  manager.MyListener - WebDriver found element by locator---->By.id: city
19:34:39.166  INFO  manager.MyListener - WebDriver start find element---->By.cssSelector: .pac-item
19:34:39.177  INFO  manager.MyListener - WebDriver found element by locator---->By.cssSelector: .pac-item
19:34:39.712  INFO  manager.MyListener - WebDriver start find element---->By.id: dates
19:34:39.723  INFO  manager.MyListener - WebDriver found element by locator---->By.id: dates
19:34:39.779  INFO  manager.MyListener - WebDriver start find element---->By.id: dates
19:34:39.790  INFO  manager.MyListener - WebDriver found element by locator---->By.id: dates
19:34:39.839  INFO  manager.MyListener - WebDriver start find element---->By.cssSelector: button[aria-label='Next month']
19:34:39.852  INFO  manager.MyListener - WebDriver found element by locator---->By.cssSelector: button[aria-label='Next month']
19:34:39.896  INFO  manager.MyListener - WebDriver start find element---->By.xpath: //div[text()=' 10 ']
19:34:39.908  INFO  manager.MyListener - WebDriver found element by locator---->By.xpath: //div[text()=' 10 ']
19:34:39.952  INFO  manager.MyListener - WebDriver start find element---->By.cssSelector: button[aria-label='Next month']
19:34:39.968  INFO  manager.MyListener - WebDriver found element by locator---->By.cssSelector: button[aria-label='Next month']
19:34:40.005  INFO  manager.MyListener - WebDriver start find element---->By.cssSelector: button[aria-label='Next month']
19:34:40.019  INFO  manager.MyListener - WebDriver found element by locator---->By.cssSelector: button[aria-label='Next month']
19:34:40.063  INFO  manager.MyListener - WebDriver start find element---->By.xpath: //div[text()=' 20 ']
19:34:40.075  INFO  manager.MyListener - WebDriver found element by locator---->By.xpath: //div[text()=' 20 ']
19:34:40.124  INFO  manager.MyListener - WebDriver start find element---->By.cssSelector: button[type='submit']
19:34:40.136  INFO  manager.MyListener - WebDriver found element by locator---->By.cssSelector: button[type='submit']
19:34:40.155  INFO  manager.MyListener - WebDriver start find element---->By.cssSelector: button[type='submit']
19:34:40.168  INFO  manager.MyListener - WebDriver found element by locator---->By.cssSelector: button[type='submit']
19:34:41.950  INFO  manager.MyListener - WebDriver start find element---->By.cssSelector: .logo
19:34:41.962  INFO  manager.MyListener - WebDriver found element by locator---->By.cssSelector: .logo
19:34:42.123  INFO  manager.MyListener - WebDriver start find element---->By.id: city
19:34:42.137  INFO  manager.MyListener - WebDriver found element by locator---->By.id: city
19:34:43.275  INFO  manager.MyListener - WebDriver start find element---->By.cssSelector: .pac-item
19:34:43.287  INFO  manager.MyListener - WebDriver found element by locator---->By.cssSelector: .pac-item
19:34:43.819  INFO  manager.MyListener - WebDriver start find element---->By.id: dates
19:34:43.830  INFO  manager.MyListener - WebDriver found element by locator---->By.id: dates
19:34:43.887  INFO  manager.MyListener - WebDriver start find element---->By.id: dates
19:34:43.898  INFO  manager.MyListener - WebDriver found element by locator---->By.id: dates
19:34:43.948  INFO  manager.MyListener - WebDriver start find element---->By.cssSelector: button[aria-label='Next month']
19:34:43.959  INFO  manager.MyListener - WebDriver found element by locator---->By.cssSelector: button[aria-label='Next month']
19:34:44.007  INFO  manager.MyListener - WebDriver start find element---->By.xpath: //div[text()=' 20 ']
19:34:44.020  INFO  manager.MyListener - WebDriver found element by locator---->By.xpath: //div[text()=' 20 ']
19:34:44.061  INFO  manager.MyListener - WebDriver start find element---->By.xpath: //div[text()=' 31 ']
19:34:44.077  INFO  manager.MyListener - WebDriver found element by locator---->By.xpath: //div[text()=' 31 ']
19:34:44.123  INFO  manager.MyListener - WebDriver start find element---->By.cssSelector: button[type='submit']
19:34:44.135  INFO  manager.MyListener - WebDriver found element by locator---->By.cssSelector: button[type='submit']
19:34:44.156  INFO  manager.MyListener - WebDriver start find element---->By.cssSelector: button[type='submit']
19:34:44.167  INFO  manager.MyListener - WebDriver found element by locator---->By.cssSelector: button[type='submit']
19:34:45.896  INFO  manager.MyListener - WebDriver start find element---->By.cssSelector: .logo
19:34:45.912  INFO  manager.MyListener - WebDriver found element by locator---->By.cssSelector: .logo
19:34:46.075  INFO  manager.MyListener - WebDriver start find element---->By.id: city
19:34:46.088  INFO  manager.MyListener - WebDriver found element by locator---->By.id: city
19:34:47.236  INFO  manager.MyListener - WebDriver start find element---->By.cssSelector: .pac-item
19:34:47.247  INFO  manager.MyListener - WebDriver found element by locator---->By.cssSelector: .pac-item
19:34:47.779  INFO  manager.MyListener - WebDriver start find element---->By.id: dates
19:34:47.789  INFO  manager.MyListener - WebDriver found element by locator---->By.id: dates
19:34:47.843  INFO  manager.MyListener - WebDriver start find element---->By.id: dates
19:34:47.854  INFO  manager.MyListener - WebDriver found element by locator---->By.id: dates
19:34:48.507  INFO  manager.MyListener - WebDriver start find element---->By.cssSelector: .cdk-overlay-container
19:34:48.522  INFO  manager.MyListener - WebDriver found element by locator---->By.cssSelector: .cdk-overlay-container
19:34:48.557  INFO  manager.MyListener - WebDriver start find element---->By.cssSelector: button[type='submit']
19:34:48.568  INFO  manager.MyListener - WebDriver found element by locator---->By.cssSelector: button[type='submit']
19:34:48.627  INFO  manager.MyListener - WebDriver start find element---->By.cssSelector: [type=submit]
19:34:48.642  INFO  manager.MyListener - WebDriver found element by locator---->By.cssSelector: [type=submit]
19:34:48.652  INFO  manager.MyListener - WebDriver start find element---->By.cssSelector: div.error div
19:34:48.664  INFO  manager.MyListener - WebDriver found element by locator---->By.cssSelector: div.error div
19:34:48.677  INFO  manager.MyListener - WebDriver start find element---->By.cssSelector: .logo
19:34:48.688  INFO  manager.MyListener - WebDriver found element by locator---->By.cssSelector: .logo
