20:32:51.696  INFO  manager.ApplicationManager - All tests run in chrome browser
20:32:53.825  INFO  manager.ApplicationManager - Current Url---->https://ilcarro-1578153671498.web.app/search
20:32:53.852  INFO  manager.MyListener - WebDriver start find element---->By.id: city
20:32:53.878  INFO  manager.MyListener - WebDriver found element by locator---->By.id: city
20:32:54.996  INFO  manager.MyListener - WebDriver start find element---->By.cssSelector: .pac-item
20:32:55.026  INFO  manager.MyListener - WebDriver found element by locator---->By.cssSelector: .pac-item
20:32:55.591  INFO  manager.MyListener - WebDriver start find element---->By.id: dates
20:32:55.618  INFO  manager.MyListener - WebDriver found element by locator---->By.id: dates
20:32:55.705  INFO  manager.MyListener - WebDriver start find element---->By.cssSelector: button[aria-label='Next month']
20:32:55.727  INFO  manager.MyListener - WebDriver found element by locator---->By.cssSelector: button[aria-label='Next month']
20:32:55.790  INFO  manager.MyListener - WebDriver start find element---->By.xpath: //div[text()=' 10 ']
20:32:55.811  INFO  manager.MyListener - WebDriver found element by locator---->By.xpath: //div[text()=' 10 ']
20:32:55.860  INFO  manager.MyListener - WebDriver start find element---->By.cssSelector: button[aria-label='Next month']
20:32:55.881  INFO  manager.MyListener - WebDriver found element by locator---->By.cssSelector: button[aria-label='Next month']
20:32:55.943  INFO  manager.MyListener - WebDriver start find element---->By.cssSelector: button[aria-label='Next month']
20:32:55.964  INFO  manager.MyListener - WebDriver found element by locator---->By.cssSelector: button[aria-label='Next month']
20:32:56.003  INFO  manager.MyListener - WebDriver start find element---->By.cssSelector: button[aria-label='Next month']
20:32:56.017  INFO  manager.MyListener - WebDriver found element by locator---->By.cssSelector: button[aria-label='Next month']
20:32:56.053  INFO  manager.MyListener - WebDriver start find element---->By.cssSelector: button[aria-label='Next month']
20:32:56.067  INFO  manager.MyListener - WebDriver found element by locator---->By.cssSelector: button[aria-label='Next month']
20:32:56.103  INFO  manager.MyListener - WebDriver start find element---->By.cssSelector: button[aria-label='Next month']
20:32:56.121  INFO  manager.MyListener - WebDriver found element by locator---->By.cssSelector: button[aria-label='Next month']
20:32:56.161  INFO  manager.MyListener - WebDriver start find element---->By.cssSelector: button[aria-label='Next month']
20:32:56.174  INFO  manager.MyListener - WebDriver found element by locator---->By.cssSelector: button[aria-label='Next month']
20:32:56.210  INFO  manager.MyListener - WebDriver start find element---->By.cssSelector: button[aria-label='Next month']
20:32:56.223  INFO  manager.MyListener - WebDriver found element by locator---->By.cssSelector: button[aria-label='Next month']
20:32:56.267  INFO  manager.MyListener - WebDriver start find element---->By.xpath: //div[text()=' 20 ']
20:32:56.290  INFO  manager.MyListener - WebDriver found element by locator---->By.xpath: //div[text()=' 20 ']
20:32:56.340  INFO  manager.MyListener - WebDriver start find element---->By.cssSelector: button[type='submit']
20:32:56.356  INFO  manager.MyListener - WebDriver found element by locator---->By.cssSelector: button[type='submit']
20:32:56.417  INFO  manager.MyListener - WebDriver start find element---->By.cssSelector: button[type='submit']
20:32:56.430  INFO  manager.MyListener - WebDriver found element by locator---->By.cssSelector: button[type='submit']
20:32:57.603  INFO  manager.MyListener - WebDriver start find element---->By.cssSelector: .logo
20:32:57.619  INFO  manager.MyListener - WebDriver found element by locator---->By.cssSelector: .logo
