18:35:19.835  INFO  manager.ApplicationManager - All tests run in chrome browser
18:35:21.699  INFO  manager.ApplicationManager - Current Url---->https://ilcarro-1578153671498.web.app/search
18:35:21.725  INFO  manager.MyListener - WebDriver start find element---->By.id: city
18:35:21.753  INFO  manager.MyListener - WebDriver found element by locator---->By.id: city
18:35:23.027  INFO  manager.MyListener - WebDriver start find element---->By.cssSelector: .pac-item
18:35:23.041  INFO  manager.MyListener - WebDriver found element by locator---->By.cssSelector: .pac-item
18:35:24.257  INFO  manager.MyListener - WebDriver start find element---->By.id: dates
18:35:24.280  INFO  manager.MyListener - WebDriver found element by locator---->By.id: dates
18:35:24.302  INFO  manager.MyListener - WebDriver start find element---->By.id: dates
18:35:24.317  INFO  manager.MyListener - WebDriver found element by locator---->By.id: dates
18:35:24.598  INFO  manager.MyListener - WebDriver start find element---->By.xpath: //div[text()=' 20 ']
18:35:24.609  INFO  manager.MyListener - WebDriver found element by locator---->By.xpath: //div[text()=' 20 ']
18:35:24.830  INFO  manager.MyListener - WebDriver start find element---->By.xpath: //div[text()=' 31 ']
18:35:24.848  INFO  manager.MyListener - WebDriver found element by locator---->By.xpath: //div[text()=' 31 ']
18:35:25.090  INFO  manager.MyListener - WebDriver start find element---->By.cssSelector: button[type='submit']
18:35:25.102  INFO  manager.MyListener - WebDriver found element by locator---->By.cssSelector: button[type='submit']
18:35:30.391  INFO  manager.MyListener - WebDriver start find element---->By.cssSelector: .logo
18:35:30.406  INFO  manager.MyListener - WebDriver found element by locator---->By.cssSelector: .logo
18:35:30.420  INFO  manager.MyListener - The name of method with error-->click
18:35:30.421  INFO  manager.MyListener - We have a problem--->org.openqa.selenium.ElementClickInterceptedException: Element <a class="logo" href="/"> is not clickable at point (348,34) because another element <div class="cdk-overlay-backdrop mat-overlay-transparent-backdrop cdk-overlay-backdrop-showing"> obscures it
Build info: version: '4.2.2', revision: '683ccb65d6'
System info: host: 'DESKTOP-O54QV38', ip: '192.168.14.148', os.name: 'Windows 10', os.arch: 'amd64', os.version: '10.0', java.version: '13.0.2'
Driver info: org.openqa.selenium.firefox.FirefoxDriver
Command: [c917f2d2-7035-457a-b913-f61a275d1f3f, clickElement {id=6a993d63-3031-4cbd-9d2f-5bbe9d885fd2}]
Capabilities {acceptInsecureCerts: true, browserName: firefox, browserVersion: 94.0.2, moz:accessibilityChecks: false, moz:buildID: 20211119140621, moz:debuggerAddress: localhost:57290, moz:geckodriverVersion: 0.31.0, moz:headless: false, moz:processID: 18208, moz:profile: C:\Users\allan\AppData\Loca..., moz:shutdownTimeout: 60000, moz:useNonSpecCompliantPointerOrigin: false, moz:webdriverClick: true, pageLoadStrategy: normal, platformName: WINDOWS, platformVersion: 10.0, proxy: Proxy(), se:cdp: ws://localhost:57290/devtoo..., se:cdpVersion: 85.0, setWindowRect: true, strictFileInteractability: false, timeouts: {implicit: 0, pageLoad: 300000, script: 30000}, unhandledPromptBehavior: dismiss and notify}
Element: [[FirefoxDriver: firefox on WINDOWS (c917f2d2-7035-457a-b913-f61a275d1f3f)] -> css selector: .logo]
Session ID: c917f2d2-7035-457a-b913-f61a275d1f3f
