20:35:47.128  INFO  manager.ApplicationManager - All tests run in chrome browser
20:35:49.278  INFO  manager.ApplicationManager - Current Url---->https://ilcarro-1578153671498.web.app/search
20:35:54.327  INFO  manager.MyListener - WebDriver start find element---->By.cssSelector: div[class='header'] a:nth-child(6)
20:35:54.346  INFO  manager.MyListener - WebDriver found element by locator---->By.cssSelector: div[class='header'] a:nth-child(6)
20:35:54.599  INFO  manager.MyListener - WebDriver start find element---->By.cssSelector: #email
20:35:54.612  INFO  manager.MyListener - WebDriver found element by locator---->By.cssSelector: #email
20:35:55.368  INFO  manager.MyListener - WebDriver start find element---->By.cssSelector: #password
20:35:55.383  INFO  manager.MyListener - WebDriver found element by locator---->By.cssSelector: #password
20:35:56.128  INFO  manager.MyListener - WebDriver start find element---->By.cssSelector: button[type='submit']
20:35:56.140  INFO  manager.MyListener - WebDriver found element by locator---->By.cssSelector: button[type='submit']
20:35:56.181  INFO  manager.MyListener - WebDriver start find element---->By.cssSelector: button[type='submit']
20:35:56.194  INFO  manager.MyListener - WebDriver found element by locator---->By.cssSelector: button[type='submit']
20:35:57.242  INFO  manager.MyListener - WebDriver start find element---->By.xpath: //button[text()='Ok']
20:35:57.254  INFO  manager.MyListener - WebDriver found element by locator---->By.xpath: //button[text()='Ok']
20:35:58.481  INFO  manager.MyListener - WebDriver start find element---->By.id: 1
20:35:58.492  INFO  manager.MyListener - WebDriver found element by locator---->By.id: 1
20:35:58.755  INFO  manager.MyListener - WebDriver start find element---->By.id: pickUpPlace
20:35:58.767  INFO  manager.MyListener - WebDriver found element by locator---->By.id: pickUpPlace
20:35:59.534  INFO  manager.MyListener - WebDriver start find element---->By.cssSelector: div.pac-item
20:35:59.898  INFO  manager.MyListener - WebDriver found element by locator---->By.cssSelector: div.pac-item
20:36:01.118  INFO  manager.MyListener - WebDriver start find element---->By.id: make
20:36:01.128  INFO  manager.MyListener - WebDriver found element by locator---->By.id: make
20:36:01.870  INFO  manager.MyListener - WebDriver start find element---->By.id: model
20:36:01.881  INFO  manager.MyListener - WebDriver found element by locator---->By.id: model
20:36:02.618  INFO  manager.MyListener - WebDriver start find element---->By.id: year
20:36:02.634  INFO  manager.MyListener - WebDriver found element by locator---->By.id: year
20:36:03.383  INFO  manager.MyListener - WebDriver start find element---->By.id: engine
20:36:03.392  INFO  manager.MyListener - WebDriver found element by locator---->By.id: engine
20:36:04.132  INFO  manager.MyListener - WebDriver start find element---->By.id: fuel
20:36:04.143  INFO  manager.MyListener - WebDriver found element by locator---->By.id: fuel
20:36:04.382  INFO  manager.MyListener - WebDriver start find element---->By.id: gear
20:36:04.392  INFO  manager.MyListener - WebDriver found element by locator---->By.id: gear
20:36:04.624  INFO  manager.MyListener - WebDriver start find element---->By.id: wheelsDrive
20:36:04.635  INFO  manager.MyListener - WebDriver found element by locator---->By.id: wheelsDrive
20:36:04.867  INFO  manager.MyListener - WebDriver start find element---->By.id: doors
20:36:04.875  INFO  manager.MyListener - WebDriver found element by locator---->By.id: doors
20:36:05.601  INFO  manager.MyListener - WebDriver start find element---->By.id: seats
20:36:05.620  INFO  manager.MyListener - WebDriver found element by locator---->By.id: seats
20:36:06.360  INFO  manager.MyListener - WebDriver start find element---->By.id: class
20:36:06.370  INFO  manager.MyListener - WebDriver found element by locator---->By.id: class
20:36:07.103  INFO  manager.MyListener - WebDriver start find element---->By.id: fuelConsumption
20:36:07.111  INFO  manager.MyListener - WebDriver found element by locator---->By.id: fuelConsumption
20:36:07.857  INFO  manager.MyListener - WebDriver start find element---->By.id: serialNumber
20:36:07.865  INFO  manager.MyListener - WebDriver found element by locator---->By.id: serialNumber
20:36:08.617  INFO  manager.MyListener - WebDriver start find element---->By.id: price
20:36:08.626  INFO  manager.MyListener - WebDriver found element by locator---->By.id: price
20:36:09.358  INFO  manager.MyListener - WebDriver start find element---->By.id: distance
20:36:09.367  INFO  manager.MyListener - WebDriver found element by locator---->By.id: distance
20:36:10.100  INFO  manager.MyListener - WebDriver start find element---->By.cssSelector: input[placeholder='Type feature']
20:36:10.109  INFO  manager.MyListener - WebDriver found element by locator---->By.cssSelector: input[placeholder='Type feature']
20:36:10.845  INFO  manager.MyListener - WebDriver start find element---->By.id: about
20:36:10.854  INFO  manager.MyListener - WebDriver found element by locator---->By.id: about
20:36:11.595  INFO  manager.MyListener - WebDriver start find element---->By.id: photos
20:36:11.603  INFO  manager.MyListener - WebDriver found element by locator---->By.id: photos
20:36:11.632  INFO  manager.MyListener - WebDriver start find element---->By.cssSelector: button[type='submit']
20:36:11.642  INFO  manager.MyListener - WebDriver found element by locator---->By.cssSelector: button[type='submit']
20:36:14.294  INFO  manager.MyListener - WebDriver start find element---->By.cssSelector: button[type='submit']
20:36:14.302  INFO  manager.MyListener - WebDriver found element by locator---->By.cssSelector: button[type='submit']
20:36:14.531  INFO  manager.MyListener - WebDriver start find element---->By.cssSelector: div.dialog-container
20:36:15.673  INFO  manager.MyListener - WebDriver found element by locator---->By.cssSelector: div.dialog-container
20:36:15.690  INFO  manager.MyListener - WebDriver start find element---->By.cssSelector: div.dialog-container h1
20:36:15.701  INFO  manager.MyListener - WebDriver found element by locator---->By.cssSelector: div.dialog-container h1
20:36:15.714  INFO  manager.MyListener - WebDriver start find element---->By.xpath: //button[text()='Search cars']
20:36:15.722  INFO  manager.MyListener - WebDriver found element by locator---->By.xpath: //button[text()='Search cars']
20:36:16.951  INFO  manager.MyListener - WebDriver start find element---->By.id: 1
20:36:16.959  INFO  manager.MyListener - WebDriver found element by locator---->By.id: 1
20:36:17.208  INFO  manager.MyListener - WebDriver start find element---->By.id: pickUpPlace
20:36:17.217  INFO  manager.MyListener - WebDriver found element by locator---->By.id: pickUpPlace
20:36:17.981  INFO  manager.MyListener - WebDriver start find element---->By.cssSelector: div.pac-item
20:36:18.266  INFO  manager.MyListener - WebDriver found element by locator---->By.cssSelector: div.pac-item
20:36:19.489  INFO  manager.MyListener - WebDriver start find element---->By.id: make
20:36:19.497  INFO  manager.MyListener - WebDriver found element by locator---->By.id: make
20:36:20.228  INFO  manager.MyListener - WebDriver start find element---->By.id: model
20:36:20.237  INFO  manager.MyListener - WebDriver found element by locator---->By.id: model
20:36:20.975  INFO  manager.MyListener - WebDriver start find element---->By.id: year
20:36:20.983  INFO  manager.MyListener - WebDriver found element by locator---->By.id: year
20:36:21.713  INFO  manager.MyListener - WebDriver start find element---->By.id: engine
20:36:21.721  INFO  manager.MyListener - WebDriver found element by locator---->By.id: engine
20:36:22.451  INFO  manager.MyListener - WebDriver start find element---->By.id: fuel
20:36:22.457  INFO  manager.MyListener - WebDriver found element by locator---->By.id: fuel
20:36:22.688  INFO  manager.MyListener - WebDriver start find element---->By.id: gear
20:36:22.696  INFO  manager.MyListener - WebDriver found element by locator---->By.id: gear
20:36:22.922  INFO  manager.MyListener - WebDriver start find element---->By.id: wheelsDrive
20:36:22.929  INFO  manager.MyListener - WebDriver found element by locator---->By.id: wheelsDrive
20:36:23.155  INFO  manager.MyListener - WebDriver start find element---->By.id: doors
20:36:23.163  INFO  manager.MyListener - WebDriver found element by locator---->By.id: doors
20:36:23.897  INFO  manager.MyListener - WebDriver start find element---->By.id: seats
20:36:23.905  INFO  manager.MyListener - WebDriver found element by locator---->By.id: seats
20:36:24.639  INFO  manager.MyListener - WebDriver start find element---->By.id: class
20:36:24.645  INFO  manager.MyListener - WebDriver found element by locator---->By.id: class
20:36:25.381  INFO  manager.MyListener - WebDriver start find element---->By.id: fuelConsumption
20:36:25.390  INFO  manager.MyListener - WebDriver found element by locator---->By.id: fuelConsumption
20:36:26.126  INFO  manager.MyListener - WebDriver start find element---->By.id: serialNumber
20:36:26.133  INFO  manager.MyListener - WebDriver found element by locator---->By.id: serialNumber
20:36:26.875  INFO  manager.MyListener - WebDriver start find element---->By.id: price
20:36:26.883  INFO  manager.MyListener - WebDriver found element by locator---->By.id: price
20:36:27.608  INFO  manager.MyListener - WebDriver start find element---->By.id: distance
20:36:27.615  INFO  manager.MyListener - WebDriver found element by locator---->By.id: distance
20:36:28.346  INFO  manager.MyListener - WebDriver start find element---->By.cssSelector: input[placeholder='Type feature']
20:36:28.355  INFO  manager.MyListener - WebDriver found element by locator---->By.cssSelector: input[placeholder='Type feature']
20:36:29.090  INFO  manager.MyListener - WebDriver start find element---->By.id: about
20:36:29.097  INFO  manager.MyListener - WebDriver found element by locator---->By.id: about
20:36:29.840  INFO  manager.MyListener - WebDriver start find element---->By.id: photos
20:36:29.849  INFO  manager.MyListener - WebDriver found element by locator---->By.id: photos
20:36:29.865  INFO  manager.MyListener - WebDriver start find element---->By.cssSelector: button[type='submit']
20:36:29.874  INFO  manager.MyListener - WebDriver found element by locator---->By.cssSelector: button[type='submit']
20:36:32.513  INFO  manager.MyListener - WebDriver start find element---->By.cssSelector: button[type='submit']
20:36:32.520  INFO  manager.MyListener - WebDriver found element by locator---->By.cssSelector: button[type='submit']
20:36:32.740  INFO  manager.MyListener - WebDriver start find element---->By.cssSelector: div.dialog-container
20:36:33.812  INFO  manager.MyListener - WebDriver found element by locator---->By.cssSelector: div.dialog-container
20:36:34.348  INFO  manager.MyListener - WebDriver start find element---->By.cssSelector: div.dialog-container h1
20:36:34.355  INFO  manager.MyListener - WebDriver found element by locator---->By.cssSelector: div.dialog-container h1
20:36:34.360  INFO  manager.MyListener - WebDriver start find element---->By.xpath: //button[text()='Search cars']
20:36:34.369  INFO  manager.MyListener - WebDriver found element by locator---->By.xpath: //button[text()='Search cars']
20:36:34.594  INFO  manager.MyListener - WebDriver start find element---->By.cssSelector: div[class='header'] a:nth-child(5)
20:36:34.600  INFO  manager.MyListener - WebDriver found element by locator---->By.cssSelector: div[class='header'] a:nth-child(5)
20:36:34.837  INFO  tests.LoginTest - Test stars with email: noam@gmail.com&password:Nnoa12345$
20:36:34.838  INFO  manager.MyListener - WebDriver start find element---->By.cssSelector: div[class='header'] a:nth-child(6)
20:36:34.845  INFO  manager.MyListener - WebDriver found element by locator---->By.cssSelector: div[class='header'] a:nth-child(6)
20:36:35.073  INFO  manager.MyListener - WebDriver start find element---->By.cssSelector: #email
20:36:35.080  INFO  manager.MyListener - WebDriver found element by locator---->By.cssSelector: #email
20:36:36.020  INFO  manager.MyListener - WebDriver start find element---->By.cssSelector: #password
20:36:36.028  INFO  manager.MyListener - WebDriver found element by locator---->By.cssSelector: #password
20:36:36.772  INFO  manager.MyListener - WebDriver start find element---->By.cssSelector: button[type='submit']
20:36:36.780  INFO  manager.MyListener - WebDriver found element by locator---->By.cssSelector: button[type='submit']
20:36:36.797  INFO  manager.MyListener - WebDriver start find element---->By.cssSelector: button[type='submit']
20:36:36.804  INFO  manager.MyListener - WebDriver found element by locator---->By.cssSelector: button[type='submit']
20:36:37.020  INFO  manager.MyListener - WebDriver start find element---->By.cssSelector: div.dialog-container
20:36:37.752  INFO  manager.MyListener - WebDriver found element by locator---->By.cssSelector: div.dialog-container
20:36:38.287  INFO  manager.MyListener - WebDriver start find element---->By.cssSelector: div.dialog-container h1
20:36:38.295  INFO  manager.MyListener - WebDriver found element by locator---->By.cssSelector: div.dialog-container h1
20:36:38.299  INFO  tests.LoginTest - Test passed
20:36:38.309  INFO  manager.MyListener - WebDriver start find element---->By.xpath: //button[text()='Ok']
20:36:38.317  INFO  manager.MyListener - WebDriver found element by locator---->By.xpath: //button[text()='Ok']
20:36:38.538  INFO  manager.MyListener - WebDriver start find element---->By.cssSelector: div[class='header'] a:nth-child(5)
20:36:38.547  INFO  manager.MyListener - WebDriver found element by locator---->By.cssSelector: div[class='header'] a:nth-child(5)
20:36:38.783  INFO  tests.LoginTest - Test stars with email: sonya@gmail.com&password:Ss12345$
20:36:38.784  INFO  manager.MyListener - WebDriver start find element---->By.cssSelector: div[class='header'] a:nth-child(6)
20:36:38.791  INFO  manager.MyListener - WebDriver found element by locator---->By.cssSelector: div[class='header'] a:nth-child(6)
20:36:39.017  INFO  manager.MyListener - WebDriver start find element---->By.cssSelector: #email
20:36:39.025  INFO  manager.MyListener - WebDriver found element by locator---->By.cssSelector: #email
20:36:39.916  INFO  manager.MyListener - WebDriver start find element---->By.cssSelector: #password
20:36:39.925  INFO  manager.MyListener - WebDriver found element by locator---->By.cssSelector: #password
20:36:40.669  INFO  manager.MyListener - WebDriver start find element---->By.cssSelector: button[type='submit']
20:36:40.676  INFO  manager.MyListener - WebDriver found element by locator---->By.cssSelector: button[type='submit']
20:36:40.693  INFO  manager.MyListener - WebDriver start find element---->By.cssSelector: button[type='submit']
20:36:40.701  INFO  manager.MyListener - WebDriver found element by locator---->By.cssSelector: button[type='submit']
20:36:40.920  INFO  manager.MyListener - WebDriver start find element---->By.cssSelector: div.dialog-container
20:36:41.912  INFO  manager.MyListener - WebDriver found element by locator---->By.cssSelector: div.dialog-container
20:36:41.927  INFO  manager.MyListener - WebDriver start find element---->By.cssSelector: div.dialog-container h1
20:36:41.935  INFO  manager.MyListener - WebDriver found element by locator---->By.cssSelector: div.dialog-container h1
20:36:41.940  INFO  tests.LoginTest - Test passed
20:36:41.949  INFO  manager.MyListener - WebDriver start find element---->By.xpath: //button[text()='Ok']
20:36:41.956  INFO  manager.MyListener - WebDriver found element by locator---->By.xpath: //button[text()='Ok']
20:36:42.177  INFO  manager.MyListener - WebDriver start find element---->By.cssSelector: div[class='header'] a:nth-child(5)
20:36:42.185  INFO  manager.MyListener - WebDriver found element by locator---->By.cssSelector: div[class='header'] a:nth-child(5)
20:36:42.428  INFO  tests.LoginTest - Test stars with email: noam@gmail.com&password:Nnoa12345$
20:36:42.428  INFO  manager.MyListener - WebDriver start find element---->By.cssSelector: div[class='header'] a:nth-child(6)
20:36:42.435  INFO  manager.MyListener - WebDriver found element by locator---->By.cssSelector: div[class='header'] a:nth-child(6)
20:36:42.661  INFO  manager.MyListener - WebDriver start find element---->By.cssSelector: #email
20:36:42.667  INFO  manager.MyListener - WebDriver found element by locator---->By.cssSelector: #email
20:36:43.556  INFO  manager.MyListener - WebDriver start find element---->By.cssSelector: #password
20:36:43.563  INFO  manager.MyListener - WebDriver found element by locator---->By.cssSelector: #password
20:36:44.314  INFO  manager.MyListener - WebDriver start find element---->By.cssSelector: button[type='submit']
20:36:44.321  INFO  manager.MyListener - WebDriver found element by locator---->By.cssSelector: button[type='submit']
20:36:44.340  INFO  manager.MyListener - WebDriver start find element---->By.cssSelector: button[type='submit']
20:36:44.347  INFO  manager.MyListener - WebDriver found element by locator---->By.cssSelector: button[type='submit']
20:36:44.567  INFO  manager.MyListener - WebDriver start find element---->By.cssSelector: div.dialog-container
20:36:45.483  INFO  manager.MyListener - WebDriver found element by locator---->By.cssSelector: div.dialog-container
20:36:45.498  INFO  manager.MyListener - WebDriver start find element---->By.cssSelector: div.dialog-container h1
20:36:45.507  INFO  manager.MyListener - WebDriver found element by locator---->By.cssSelector: div.dialog-container h1
20:36:45.512  INFO  tests.LoginTest - Test passed
20:36:45.522  INFO  manager.MyListener - WebDriver start find element---->By.xpath: //button[text()='Ok']
20:36:45.530  INFO  manager.MyListener - WebDriver found element by locator---->By.xpath: //button[text()='Ok']
20:36:45.750  INFO  manager.MyListener - WebDriver start find element---->By.cssSelector: div[class='header'] a:nth-child(5)
20:36:45.758  INFO  manager.MyListener - WebDriver found element by locator---->By.cssSelector: div[class='header'] a:nth-child(5)
20:36:45.996  INFO  tests.LoginTest - Test stars with email: sonya@gmail.com&password:Ss12345$
20:36:45.996  INFO  manager.MyListener - WebDriver start find element---->By.cssSelector: div[class='header'] a:nth-child(6)
20:36:46.004  INFO  manager.MyListener - WebDriver found element by locator---->By.cssSelector: div[class='header'] a:nth-child(6)
20:36:46.229  INFO  manager.MyListener - WebDriver start find element---->By.cssSelector: #email
20:36:46.237  INFO  manager.MyListener - WebDriver found element by locator---->By.cssSelector: #email
20:36:47.121  INFO  manager.MyListener - WebDriver start find element---->By.cssSelector: #password
20:36:47.128  INFO  manager.MyListener - WebDriver found element by locator---->By.cssSelector: #password
20:36:47.856  INFO  manager.MyListener - WebDriver start find element---->By.cssSelector: button[type='submit']
20:36:47.863  INFO  manager.MyListener - WebDriver found element by locator---->By.cssSelector: button[type='submit']
20:36:47.879  INFO  manager.MyListener - WebDriver start find element---->By.cssSelector: button[type='submit']
20:36:47.885  INFO  manager.MyListener - WebDriver found element by locator---->By.cssSelector: button[type='submit']
20:36:48.100  INFO  manager.MyListener - WebDriver start find element---->By.cssSelector: div.dialog-container
20:36:48.958  INFO  manager.MyListener - WebDriver found element by locator---->By.cssSelector: div.dialog-container
20:36:48.974  INFO  manager.MyListener - WebDriver start find element---->By.cssSelector: div.dialog-container h1
20:36:48.979  INFO  manager.MyListener - WebDriver found element by locator---->By.cssSelector: div.dialog-container h1
20:36:48.986  INFO  tests.LoginTest - Test passed
20:36:48.994  INFO  manager.MyListener - WebDriver start find element---->By.xpath: //button[text()='Ok']
20:36:49.001  INFO  manager.MyListener - WebDriver found element by locator---->By.xpath: //button[text()='Ok']
20:36:49.233  INFO  manager.MyListener - WebDriver start find element---->By.cssSelector: div[class='header'] a:nth-child(5)
20:36:49.240  INFO  manager.MyListener - WebDriver found element by locator---->By.cssSelector: div[class='header'] a:nth-child(5)
20:36:49.494  INFO  tests.LoginTest - Test stars with email:
20:36:49.494  INFO  manager.MyListener - WebDriver start find element---->By.cssSelector: div[class='header'] a:nth-child(6)
20:36:49.501  INFO  manager.MyListener - WebDriver found element by locator---->By.cssSelector: div[class='header'] a:nth-child(6)
20:36:49.733  INFO  manager.MyListener - WebDriver start find element---->By.cssSelector: #email
20:36:49.739  INFO  manager.MyListener - WebDriver found element by locator---->By.cssSelector: #email
20:36:50.472  INFO  manager.MyListener - WebDriver start find element---->By.cssSelector: #password
20:36:50.478  INFO  manager.MyListener - WebDriver found element by locator---->By.cssSelector: #password
20:36:51.225  INFO  manager.MyListener - WebDriver start find element---->By.cssSelector: button[type='submit']
20:36:51.232  INFO  manager.MyListener - WebDriver found element by locator---->By.cssSelector: button[type='submit']
20:36:51.247  INFO  manager.MyListener - WebDriver start find element---->By.cssSelector: button[type='submit']
20:36:51.254  INFO  manager.MyListener - WebDriver found element by locator---->By.cssSelector: button[type='submit']
20:36:51.476  INFO  manager.MyListener - WebDriver start find element---->By.cssSelector: div.dialog-container
20:36:52.362  INFO  manager.MyListener - WebDriver found element by locator---->By.cssSelector: div.dialog-container
20:36:52.889  INFO  manager.MyListener - WebDriver start find element---->By.cssSelector: div.dialog-container h1
20:36:52.896  INFO  manager.MyListener - WebDriver found element by locator---->By.cssSelector: div.dialog-container h1
20:36:52.901  INFO  tests.LoginTest - Test passed
20:36:52.908  INFO  manager.MyListener - WebDriver start find element---->By.xpath: //button[text()='Ok']
20:36:52.915  INFO  manager.MyListener - WebDriver found element by locator---->By.xpath: //button[text()='Ok']
20:36:53.134  INFO  manager.MyListener - WebDriver start find element---->By.cssSelector: div[class='header'] a:nth-child(5)
20:36:53.144  INFO  manager.MyListener - WebDriver found element by locator---->By.cssSelector: div[class='header'] a:nth-child(5)
20:36:53.391  INFO  tests.LoginTest - Test stars with email:
20:36:53.391  INFO  manager.MyListener - WebDriver start find element---->By.cssSelector: div[class='header'] a:nth-child(6)
20:36:53.398  INFO  manager.MyListener - WebDriver found element by locator---->By.cssSelector: div[class='header'] a:nth-child(6)
20:36:53.621  INFO  manager.MyListener - WebDriver start find element---->By.cssSelector: #email
20:36:53.629  INFO  manager.MyListener - WebDriver found element by locator---->By.cssSelector: #email
20:36:54.379  INFO  manager.MyListener - WebDriver start find element---->By.cssSelector: #password
20:36:54.385  INFO  manager.MyListener - WebDriver found element by locator---->By.cssSelector: #password
20:36:55.134  INFO  manager.MyListener - WebDriver start find element---->By.cssSelector: button[type='submit']
20:36:55.141  INFO  manager.MyListener - WebDriver found element by locator---->By.cssSelector: button[type='submit']
20:36:55.157  INFO  manager.MyListener - WebDriver start find element---->By.cssSelector: button[type='submit']
20:36:55.164  INFO  manager.MyListener - WebDriver found element by locator---->By.cssSelector: button[type='submit']
20:36:55.387  INFO  manager.MyListener - WebDriver start find element---->By.cssSelector: div.dialog-container
20:36:55.613  INFO  manager.MyListener - WebDriver found element by locator---->By.cssSelector: div.dialog-container
20:36:56.144  INFO  manager.MyListener - WebDriver start find element---->By.cssSelector: div.dialog-container h1
20:36:56.151  INFO  manager.MyListener - WebDriver found element by locator---->By.cssSelector: div.dialog-container h1
20:36:56.156  INFO  tests.LoginTest - Test passed
20:36:56.164  INFO  manager.MyListener - WebDriver start find element---->By.xpath: //button[text()='Ok']
20:36:56.171  INFO  manager.MyListener - WebDriver found element by locator---->By.xpath: //button[text()='Ok']
20:36:56.406  INFO  manager.MyListener - WebDriver start find element---->By.cssSelector: div[class='header'] a:nth-child(5)
20:36:56.413  INFO  manager.MyListener - WebDriver found element by locator---->By.cssSelector: div[class='header'] a:nth-child(5)
20:36:56.645  INFO  tests.LoginTest - Test stars with email:
20:36:56.645  INFO  manager.MyListener - WebDriver start find element---->By.cssSelector: div[class='header'] a:nth-child(6)
20:36:56.658  INFO  manager.MyListener - WebDriver found element by locator---->By.cssSelector: div[class='header'] a:nth-child(6)
20:36:56.909  INFO  manager.MyListener - WebDriver start find element---->By.cssSelector: #email
20:36:56.915  INFO  manager.MyListener - WebDriver found element by locator---->By.cssSelector: #email
20:36:57.668  INFO  manager.MyListener - WebDriver start find element---->By.cssSelector: #password
20:36:57.674  INFO  manager.MyListener - WebDriver found element by locator---->By.cssSelector: #password
20:36:58.418  INFO  manager.MyListener - WebDriver start find element---->By.cssSelector: button[type='submit']
20:36:58.425  INFO  manager.MyListener - WebDriver found element by locator---->By.cssSelector: button[type='submit']
20:36:58.441  INFO  manager.MyListener - WebDriver start find element---->By.cssSelector: button[type='submit']
20:36:58.447  INFO  manager.MyListener - WebDriver found element by locator---->By.cssSelector: button[type='submit']
20:36:58.665  INFO  manager.MyListener - WebDriver start find element---->By.cssSelector: div.dialog-container
20:36:59.710  INFO  manager.MyListener - WebDriver found element by locator---->By.cssSelector: div.dialog-container
20:36:59.727  INFO  manager.MyListener - WebDriver start find element---->By.cssSelector: div.dialog-container h1
20:36:59.735  INFO  manager.MyListener - WebDriver found element by locator---->By.cssSelector: div.dialog-container h1
20:36:59.741  INFO  tests.LoginTest - Test passed
20:36:59.749  INFO  manager.MyListener - WebDriver start find element---->By.xpath: //button[text()='Ok']
20:36:59.756  INFO  manager.MyListener - WebDriver found element by locator---->By.xpath: //button[text()='Ok']
20:36:59.979  INFO  manager.MyListener - WebDriver start find element---->By.cssSelector: div[class='header'] a:nth-child(5)
20:36:59.985  INFO  manager.MyListener - WebDriver found element by locator---->By.cssSelector: div[class='header'] a:nth-child(5)
20:37:00.234  INFO  tests.LoginTest - Test stars with email:
20:37:00.234  INFO  manager.MyListener - WebDriver start find element---->By.cssSelector: div[class='header'] a:nth-child(6)
20:37:00.241  INFO  manager.MyListener - WebDriver found element by locator---->By.cssSelector: div[class='header'] a:nth-child(6)
20:37:00.467  INFO  manager.MyListener - WebDriver start find element---->By.cssSelector: #email
20:37:00.473  INFO  manager.MyListener - WebDriver found element by locator---->By.cssSelector: #email
20:37:01.229  INFO  manager.MyListener - WebDriver start find element---->By.cssSelector: #password
20:37:01.235  INFO  manager.MyListener - WebDriver found element by locator---->By.cssSelector: #password
20:37:01.967  INFO  manager.MyListener - WebDriver start find element---->By.cssSelector: button[type='submit']
20:37:01.974  INFO  manager.MyListener - WebDriver found element by locator---->By.cssSelector: button[type='submit']
20:37:01.993  INFO  manager.MyListener - WebDriver start find element---->By.cssSelector: button[type='submit']
20:37:02.000  INFO  manager.MyListener - WebDriver found element by locator---->By.cssSelector: button[type='submit']
20:37:02.221  INFO  manager.MyListener - WebDriver start find element---->By.cssSelector: div.dialog-container
20:37:02.419  INFO  manager.MyListener - WebDriver found element by locator---->By.cssSelector: div.dialog-container
20:37:02.432  INFO  manager.MyListener - WebDriver start find element---->By.cssSelector: div.dialog-container h1
20:37:02.439  INFO  manager.MyListener - WebDriver found element by locator---->By.cssSelector: div.dialog-container h1
20:37:02.444  INFO  tests.LoginTest - Test passed
20:37:02.451  INFO  manager.MyListener - WebDriver start find element---->By.xpath: //button[text()='Ok']
20:37:02.457  INFO  manager.MyListener - WebDriver found element by locator---->By.xpath: //button[text()='Ok']
20:37:02.693  INFO  manager.MyListener - WebDriver start find element---->By.cssSelector: div[class='header'] a:nth-child(5)
20:37:02.704  INFO  manager.MyListener - WebDriver found element by locator---->By.cssSelector: div[class='header'] a:nth-child(5)
20:37:02.946  INFO  manager.MyListener - WebDriver start find element---->By.cssSelector: div[class='header'] a:nth-child(5)
20:37:02.954  INFO  manager.MyListener - WebDriver found element by locator---->By.cssSelector: div[class='header'] a:nth-child(5)
20:37:03.193  INFO  manager.MyListener - WebDriver start find element---->By.id: name
20:37:03.199  INFO  manager.MyListener - WebDriver found element by locator---->By.id: name
20:37:03.940  INFO  manager.MyListener - WebDriver start find element---->By.id: lastName
20:37:03.945  INFO  manager.MyListener - WebDriver found element by locator---->By.id: lastName
20:37:04.675  INFO  manager.MyListener - WebDriver start find element---->By.id: email
20:37:04.681  INFO  manager.MyListener - WebDriver found element by locator---->By.id: email
20:37:05.434  INFO  manager.MyListener - WebDriver start find element---->By.id: password
20:37:05.442  INFO  manager.MyListener - WebDriver found element by locator---->By.id: password
20:37:06.188  INFO  manager.MyListener - WebDriver start find element---->By.cssSelector: label[for='terms-of-use']
20:37:06.194  INFO  manager.MyListener - WebDriver found element by locator---->By.cssSelector: label[for='terms-of-use']
20:37:06.551  INFO  manager.MyListener - WebDriver start find element---->By.cssSelector: button[type='submit']
20:37:06.558  INFO  manager.MyListener - WebDriver found element by locator---->By.cssSelector: button[type='submit']
20:37:21.837  INFO  manager.MyListener - WebDriver start find element---->By.cssSelector: div[class='header'] a:nth-child(5)
20:37:21.844  INFO  manager.MyListener - WebDriver found element by locator---->By.cssSelector: div[class='header'] a:nth-child(5)
20:37:22.069  INFO  manager.MyListener - WebDriver start find element---->By.id: name
20:37:22.076  INFO  manager.MyListener - WebDriver found element by locator---->By.id: name
20:37:22.828  INFO  manager.MyListener - WebDriver start find element---->By.id: lastName
20:37:22.836  INFO  manager.MyListener - WebDriver found element by locator---->By.id: lastName
20:37:23.579  INFO  manager.MyListener - WebDriver start find element---->By.id: email
20:37:23.587  INFO  manager.MyListener - WebDriver found element by locator---->By.id: email
20:37:24.344  INFO  manager.MyListener - WebDriver start find element---->By.id: password
20:37:24.350  INFO  manager.MyListener - WebDriver found element by locator---->By.id: password
20:37:25.115  INFO  manager.MyListener - WebDriver start find element---->By.cssSelector: label[for='terms-of-use']
20:37:25.122  INFO  manager.MyListener - WebDriver found element by locator---->By.cssSelector: label[for='terms-of-use']
20:37:25.473  INFO  manager.MyListener - WebDriver start find element---->By.cssSelector: button[type='submit']
20:37:25.481  INFO  manager.MyListener - WebDriver found element by locator---->By.cssSelector: button[type='submit']
20:37:40.759  INFO  manager.MyListener - WebDriver start find element---->By.cssSelector: div[class='header'] a:nth-child(5)
20:37:40.765  INFO  manager.MyListener - WebDriver found element by locator---->By.cssSelector: div[class='header'] a:nth-child(5)
20:37:40.991  INFO  manager.MyListener - WebDriver start find element---->By.id: name
20:37:40.997  INFO  manager.MyListener - WebDriver found element by locator---->By.id: name
20:37:41.727  INFO  manager.MyListener - WebDriver start find element---->By.id: lastName
20:37:41.734  INFO  manager.MyListener - WebDriver found element by locator---->By.id: lastName
20:37:42.478  INFO  manager.MyListener - WebDriver start find element---->By.id: email
20:37:42.484  INFO  manager.MyListener - WebDriver found element by locator---->By.id: email
20:37:43.230  INFO  manager.MyListener - WebDriver start find element---->By.id: password
20:37:43.236  INFO  manager.MyListener - WebDriver found element by locator---->By.id: password
20:37:43.990  INFO  manager.MyListener - WebDriver start find element---->By.cssSelector: label[for='terms-of-use']
20:37:43.996  INFO  manager.MyListener - WebDriver found element by locator---->By.cssSelector: label[for='terms-of-use']
20:37:44.337  INFO  manager.MyListener - WebDriver start find element---->By.cssSelector: button[type='submit']
20:37:44.343  INFO  manager.MyListener - WebDriver found element by locator---->By.cssSelector: button[type='submit']
20:37:59.620  INFO  manager.MyListener - WebDriver start find element---->By.cssSelector: div[class='header'] a:nth-child(5)
20:37:59.626  INFO  manager.MyListener - WebDriver found element by locator---->By.cssSelector: div[class='header'] a:nth-child(5)
20:37:59.851  INFO  manager.MyListener - WebDriver start find element---->By.id: name
20:37:59.857  INFO  manager.MyListener - WebDriver found element by locator---->By.id: name
20:38:00.589  INFO  manager.MyListener - WebDriver start find element---->By.id: lastName
20:38:00.595  INFO  manager.MyListener - WebDriver found element by locator---->By.id: lastName
20:38:01.332  INFO  manager.MyListener - WebDriver start find element---->By.id: email
20:38:01.339  INFO  manager.MyListener - WebDriver found element by locator---->By.id: email
20:38:02.097  INFO  manager.MyListener - WebDriver start find element---->By.id: password
20:38:02.107  INFO  manager.MyListener - WebDriver found element by locator---->By.id: password
20:38:02.847  INFO  manager.MyListener - WebDriver start find element---->By.cssSelector: label[for='terms-of-use']
20:38:02.853  INFO  manager.MyListener - WebDriver found element by locator---->By.cssSelector: label[for='terms-of-use']
20:38:03.188  INFO  manager.MyListener - WebDriver start find element---->By.cssSelector: button[type='submit']
20:38:03.194  INFO  manager.MyListener - WebDriver found element by locator---->By.cssSelector: button[type='submit']
20:38:18.461  INFO  manager.MyListener - WebDriver start find element---->By.cssSelector: div[class='header'] a:nth-child(5)
20:38:18.467  INFO  manager.MyListener - WebDriver found element by locator---->By.cssSelector: div[class='header'] a:nth-child(5)
20:38:18.691  INFO  manager.MyListener - WebDriver start find element---->By.id: name
20:38:18.697  INFO  manager.MyListener - WebDriver found element by locator---->By.id: name
20:38:19.455  INFO  manager.MyListener - WebDriver start find element---->By.id: lastName
20:38:19.463  INFO  manager.MyListener - WebDriver found element by locator---->By.id: lastName
20:38:20.226  INFO  manager.MyListener - WebDriver start find element---->By.id: email
20:38:20.232  INFO  manager.MyListener - WebDriver found element by locator---->By.id: email
20:38:20.986  INFO  manager.MyListener - WebDriver start find element---->By.id: password
20:38:20.993  INFO  manager.MyListener - WebDriver found element by locator---->By.id: password
20:38:21.742  INFO  manager.MyListener - WebDriver start find element---->By.cssSelector: label[for='terms-of-use']
20:38:21.747  INFO  manager.MyListener - WebDriver found element by locator---->By.cssSelector: label[for='terms-of-use']
20:38:22.083  INFO  manager.MyListener - WebDriver start find element---->By.cssSelector: button[type='submit']
20:38:22.089  INFO  manager.MyListener - WebDriver found element by locator---->By.cssSelector: button[type='submit']
20:38:37.363  INFO  manager.MyListener - WebDriver start find element---->By.cssSelector: div[class='header'] a:nth-child(5)
20:38:37.369  INFO  manager.MyListener - WebDriver found element by locator---->By.cssSelector: div[class='header'] a:nth-child(5)
20:38:37.580  INFO  manager.MyListener - WebDriver start find element---->By.id: name
20:38:37.586  INFO  manager.MyListener - WebDriver found element by locator---->By.id: name
20:38:38.314  INFO  manager.MyListener - WebDriver start find element---->By.id: lastName
20:38:38.324  INFO  manager.MyListener - WebDriver found element by locator---->By.id: lastName
20:38:39.052  INFO  manager.MyListener - WebDriver start find element---->By.id: email
20:38:39.059  INFO  manager.MyListener - WebDriver found element by locator---->By.id: email
20:38:39.820  INFO  manager.MyListener - WebDriver start find element---->By.id: password
20:38:39.826  INFO  manager.MyListener - WebDriver found element by locator---->By.id: password
20:38:40.561  INFO  manager.MyListener - WebDriver start find element---->By.cssSelector: label[for='terms-of-use']
20:38:40.567  INFO  manager.MyListener - WebDriver found element by locator---->By.cssSelector: label[for='terms-of-use']
20:38:40.909  INFO  manager.MyListener - WebDriver start find element---->By.cssSelector: div.error div:first-child
20:38:40.914  INFO  manager.MyListener - WebDriver found element by locator---->By.cssSelector: div.error div:first-child
20:38:40.922  INFO  manager.MyListener - WebDriver start find element---->By.cssSelector: div.error div:last-child
20:38:40.928  INFO  manager.MyListener - WebDriver found element by locator---->By.cssSelector: div.error div:last-child
20:38:40.939  INFO  manager.MyListener - WebDriver start find element---->By.cssSelector: [type=submit]
20:38:40.944  INFO  manager.MyListener - WebDriver found element by locator---->By.cssSelector: [type=submit]
20:38:45.961  INFO  manager.MyListener - WebDriver start find element---->By.cssSelector: .logo
20:38:45.966  INFO  manager.MyListener - WebDriver found element by locator---->By.cssSelector: .logo
20:38:46.534  INFO  manager.MyListener - WebDriver start find element---->By.id: city
20:38:46.541  INFO  manager.MyListener - WebDriver found element by locator---->By.id: city
20:38:47.801  INFO  manager.MyListener - WebDriver start find element---->By.cssSelector: .pac-item
20:38:47.806  INFO  manager.MyListener - WebDriver found element by locator---->By.cssSelector: .pac-item
20:38:49.018  INFO  manager.MyListener - WebDriver start find element---->By.id: dates
20:38:49.024  INFO  manager.MyListener - WebDriver found element by locator---->By.id: dates
20:38:49.051  INFO  manager.MyListener - WebDriver start find element---->By.id: dates
20:38:49.058  INFO  manager.MyListener - WebDriver found element by locator---->By.id: dates
20:38:49.333  INFO  manager.MyListener - WebDriver start find element---->By.cssSelector: button[aria-label='Next month']
20:38:49.338  INFO  manager.MyListener - WebDriver found element by locator---->By.cssSelector: button[aria-label='Next month']
20:38:49.571  INFO  manager.MyListener - WebDriver start find element---->By.xpath: //div[text()=' 10 ']
20:38:49.576  INFO  manager.MyListener - WebDriver found element by locator---->By.xpath: //div[text()=' 10 ']
20:38:49.808  INFO  manager.MyListener - WebDriver start find element---->By.cssSelector: button[aria-label='Next month']
20:38:49.815  INFO  manager.MyListener - WebDriver found element by locator---->By.cssSelector: button[aria-label='Next month']
20:38:50.041  INFO  manager.MyListener - WebDriver start find element---->By.cssSelector: button[aria-label='Next month']
20:38:50.047  INFO  manager.MyListener - WebDriver found element by locator---->By.cssSelector: button[aria-label='Next month']
20:38:50.272  INFO  manager.MyListener - WebDriver start find element---->By.cssSelector: button[aria-label='Next month']
20:38:50.278  INFO  manager.MyListener - WebDriver found element by locator---->By.cssSelector: button[aria-label='Next month']
20:38:50.502  INFO  manager.MyListener - WebDriver start find element---->By.cssSelector: button[aria-label='Next month']
20:38:50.507  INFO  manager.MyListener - WebDriver found element by locator---->By.cssSelector: button[aria-label='Next month']
20:38:50.735  INFO  manager.MyListener - WebDriver start find element---->By.cssSelector: button[aria-label='Next month']
20:38:50.740  INFO  manager.MyListener - WebDriver found element by locator---->By.cssSelector: button[aria-label='Next month']
20:38:50.967  INFO  manager.MyListener - WebDriver start find element---->By.cssSelector: button[aria-label='Next month']
20:38:50.973  INFO  manager.MyListener - WebDriver found element by locator---->By.cssSelector: button[aria-label='Next month']
20:38:51.199  INFO  manager.MyListener - WebDriver start find element---->By.cssSelector: button[aria-label='Next month']
20:38:51.204  INFO  manager.MyListener - WebDriver found element by locator---->By.cssSelector: button[aria-label='Next month']
20:38:51.432  INFO  manager.MyListener - WebDriver start find element---->By.xpath: //div[text()=' 20 ']
20:38:51.437  INFO  manager.MyListener - WebDriver found element by locator---->By.xpath: //div[text()=' 20 ']
20:38:51.669  INFO  manager.MyListener - WebDriver start find element---->By.cssSelector: button[type='submit']
20:38:51.674  INFO  manager.MyListener - WebDriver found element by locator---->By.cssSelector: button[type='submit']
20:38:51.689  INFO  manager.MyListener - WebDriver start find element---->By.cssSelector: button[type='submit']
20:38:51.695  INFO  manager.MyListener - WebDriver found element by locator---->By.cssSelector: button[type='submit']
20:38:52.887  INFO  manager.MyListener - WebDriver start find element---->By.cssSelector: .logo
20:38:52.892  INFO  manager.MyListener - WebDriver found element by locator---->By.cssSelector: .logo
20:38:53.170  INFO  manager.MyListener - WebDriver start find element---->By.id: city
20:38:53.176  INFO  manager.MyListener - WebDriver found element by locator---->By.id: city
20:38:54.462  INFO  manager.MyListener - WebDriver start find element---->By.cssSelector: .pac-item
20:38:54.474  INFO  manager.MyListener - WebDriver found element by locator---->By.cssSelector: .pac-item
20:38:55.696  INFO  manager.MyListener - WebDriver start find element---->By.id: dates
20:38:55.702  INFO  manager.MyListener - WebDriver found element by locator---->By.id: dates
20:38:55.722  INFO  manager.MyListener - WebDriver start find element---->By.id: dates
20:38:55.729  INFO  manager.MyListener - WebDriver found element by locator---->By.id: dates
20:38:55.994  INFO  manager.MyListener - WebDriver start find element---->By.cssSelector: button[aria-label='Next month']
20:38:56.001  INFO  manager.MyListener - WebDriver found element by locator---->By.cssSelector: button[aria-label='Next month']
20:38:56.236  INFO  manager.MyListener - WebDriver start find element---->By.xpath: //div[text()=' 10 ']
20:38:56.242  INFO  manager.MyListener - WebDriver found element by locator---->By.xpath: //div[text()=' 10 ']
20:38:56.473  INFO  manager.MyListener - WebDriver start find element---->By.cssSelector: button[aria-label='Next month']
20:38:56.480  INFO  manager.MyListener - WebDriver found element by locator---->By.cssSelector: button[aria-label='Next month']
20:38:56.712  INFO  manager.MyListener - WebDriver start find element---->By.cssSelector: button[aria-label='Next month']
20:38:56.720  INFO  manager.MyListener - WebDriver found element by locator---->By.cssSelector: button[aria-label='Next month']
20:38:56.949  INFO  manager.MyListener - WebDriver start find element---->By.cssSelector: button[aria-label='Next month']
20:38:56.954  INFO  manager.MyListener - WebDriver found element by locator---->By.cssSelector: button[aria-label='Next month']
20:38:57.182  INFO  manager.MyListener - WebDriver start find element---->By.cssSelector: button[aria-label='Next month']
20:38:57.193  INFO  manager.MyListener - WebDriver found element by locator---->By.cssSelector: button[aria-label='Next month']
20:38:57.420  INFO  manager.MyListener - WebDriver start find element---->By.cssSelector: button[aria-label='Next month']
20:38:57.426  INFO  manager.MyListener - WebDriver found element by locator---->By.cssSelector: button[aria-label='Next month']
20:38:57.652  INFO  manager.MyListener - WebDriver start find element---->By.cssSelector: button[aria-label='Next month']
20:38:57.658  INFO  manager.MyListener - WebDriver found element by locator---->By.cssSelector: button[aria-label='Next month']
20:38:57.883  INFO  manager.MyListener - WebDriver start find element---->By.cssSelector: button[aria-label='Next month']
20:38:57.889  INFO  manager.MyListener - WebDriver found element by locator---->By.cssSelector: button[aria-label='Next month']
20:38:58.114  INFO  manager.MyListener - WebDriver start find element---->By.xpath: //div[text()=' 20 ']
20:38:58.121  INFO  manager.MyListener - WebDriver found element by locator---->By.xpath: //div[text()=' 20 ']
20:38:58.354  INFO  manager.MyListener - WebDriver start find element---->By.cssSelector: button[type='submit']
20:38:58.360  INFO  manager.MyListener - WebDriver found element by locator---->By.cssSelector: button[type='submit']
20:38:58.376  INFO  manager.MyListener - WebDriver start find element---->By.cssSelector: button[type='submit']
20:38:58.381  INFO  manager.MyListener - WebDriver found element by locator---->By.cssSelector: button[type='submit']
20:38:59.507  INFO  manager.MyListener - WebDriver start find element---->By.cssSelector: .logo
20:38:59.514  INFO  manager.MyListener - WebDriver found element by locator---->By.cssSelector: .logo
20:38:59.761  INFO  manager.MyListener - WebDriver start find element---->By.id: city
20:38:59.777  INFO  manager.MyListener - WebDriver found element by locator---->By.id: city
20:39:01.048  INFO  manager.MyListener - WebDriver start find element---->By.cssSelector: .pac-item
20:39:01.054  INFO  manager.MyListener - WebDriver found element by locator---->By.cssSelector: .pac-item
20:39:02.284  INFO  manager.MyListener - WebDriver start find element---->By.id: dates
20:39:02.290  INFO  manager.MyListener - WebDriver found element by locator---->By.id: dates
20:39:02.311  INFO  manager.MyListener - WebDriver start find element---->By.id: dates
20:39:02.316  INFO  manager.MyListener - WebDriver found element by locator---->By.id: dates
20:39:02.574  INFO  manager.MyListener - WebDriver start find element---->By.xpath: //div[text()=' 25 ']
20:39:02.580  INFO  manager.MyListener - WebDriver found element by locator---->By.xpath: //div[text()=' 25 ']
20:39:02.814  INFO  manager.MyListener - WebDriver start find element---->By.xpath: //div[text()=' 31 ']
20:39:02.819  INFO  manager.MyListener - WebDriver found element by locator---->By.xpath: //div[text()=' 31 ']
20:39:03.050  INFO  manager.MyListener - WebDriver start find element---->By.cssSelector: button[type='submit']
20:39:03.056  INFO  manager.MyListener - WebDriver found element by locator---->By.cssSelector: button[type='submit']
20:39:03.089  INFO  manager.MyListener - WebDriver start find element---->By.cssSelector: button[type='submit']
20:39:03.103  INFO  manager.MyListener - WebDriver found element by locator---->By.cssSelector: button[type='submit']
20:39:04.413  INFO  manager.MyListener - WebDriver start find element---->By.cssSelector: .logo
20:39:04.418  INFO  manager.MyListener - WebDriver found element by locator---->By.cssSelector: .logo
20:39:04.637  INFO  manager.MyListener - WebDriver start find element---->By.id: city
20:39:04.645  INFO  manager.MyListener - WebDriver found element by locator---->By.id: city
20:39:05.919  INFO  manager.MyListener - WebDriver start find element---->By.cssSelector: .pac-item
20:39:05.925  INFO  manager.MyListener - WebDriver found element by locator---->By.cssSelector: .pac-item
20:39:07.148  INFO  manager.MyListener - WebDriver start find element---->By.id: dates
20:39:07.167  INFO  manager.MyListener - WebDriver found element by locator---->By.id: dates
20:39:07.190  INFO  manager.MyListener - WebDriver start find element---->By.id: dates
20:39:07.197  INFO  manager.MyListener - WebDriver found element by locator---->By.id: dates
20:39:07.462  INFO  manager.MyListener - WebDriver start find element---->By.cssSelector: button[aria-label='Next month']
20:39:07.468  INFO  manager.MyListener - WebDriver found element by locator---->By.cssSelector: button[aria-label='Next month']
20:39:07.701  INFO  manager.MyListener - WebDriver start find element---->By.xpath: //div[text()=' 10 ']
20:39:07.706  INFO  manager.MyListener - WebDriver found element by locator---->By.xpath: //div[text()=' 10 ']
20:39:07.937  INFO  manager.MyListener - WebDriver start find element---->By.xpath: //div[text()=' 20 ']
20:39:07.944  INFO  manager.MyListener - WebDriver found element by locator---->By.xpath: //div[text()=' 20 ']
20:39:08.181  INFO  manager.MyListener - WebDriver start find element---->By.cssSelector: button[type='submit']
20:39:08.187  INFO  manager.MyListener - WebDriver found element by locator---->By.cssSelector: button[type='submit']
20:39:08.202  INFO  manager.MyListener - WebDriver start find element---->By.cssSelector: button[type='submit']
20:39:08.207  INFO  manager.MyListener - WebDriver found element by locator---->By.cssSelector: button[type='submit']
20:39:09.587  INFO  manager.MyListener - WebDriver start find element---->By.cssSelector: .logo
20:39:09.592  INFO  manager.MyListener - WebDriver found element by locator---->By.cssSelector: .logo
20:39:09.815  INFO  manager.MyListener - WebDriver start find element---->By.id: city
20:39:09.821  INFO  manager.MyListener - WebDriver found element by locator---->By.id: city
20:39:11.086  INFO  manager.MyListener - WebDriver start find element---->By.cssSelector: .pac-item
20:39:11.091  INFO  manager.MyListener - WebDriver found element by locator---->By.cssSelector: .pac-item
20:39:12.315  INFO  manager.MyListener - WebDriver start find element---->By.id: dates
20:39:12.321  INFO  manager.MyListener - WebDriver found element by locator---->By.id: dates
20:39:12.343  INFO  manager.MyListener - WebDriver start find element---->By.id: dates
20:39:12.350  INFO  manager.MyListener - WebDriver found element by locator---->By.id: dates
20:39:12.617  INFO  manager.MyListener - WebDriver start find element---->By.cssSelector: button[aria-label='Next month']
20:39:12.625  INFO  manager.MyListener - WebDriver found element by locator---->By.cssSelector: button[aria-label='Next month']
20:39:12.858  INFO  manager.MyListener - WebDriver start find element---->By.xpath: //div[text()=' 10 ']
20:39:12.864  INFO  manager.MyListener - WebDriver found element by locator---->By.xpath: //div[text()=' 10 ']
20:39:13.095  INFO  manager.MyListener - WebDriver start find element---->By.cssSelector: button[aria-label='Next month']
20:39:13.102  INFO  manager.MyListener - WebDriver found element by locator---->By.cssSelector: button[aria-label='Next month']
20:39:13.329  INFO  manager.MyListener - WebDriver start find element---->By.cssSelector: button[aria-label='Next month']
20:39:13.334  INFO  manager.MyListener - WebDriver found element by locator---->By.cssSelector: button[aria-label='Next month']
20:39:13.560  INFO  manager.MyListener - WebDriver start find element---->By.xpath: //div[text()=' 20 ']
20:39:13.567  INFO  manager.MyListener - WebDriver found element by locator---->By.xpath: //div[text()=' 20 ']
20:39:13.801  INFO  manager.MyListener - WebDriver start find element---->By.cssSelector: button[type='submit']
20:39:13.806  INFO  manager.MyListener - WebDriver found element by locator---->By.cssSelector: button[type='submit']
20:39:13.824  INFO  manager.MyListener - WebDriver start find element---->By.cssSelector: button[type='submit']
20:39:13.829  INFO  manager.MyListener - WebDriver found element by locator---->By.cssSelector: button[type='submit']
20:39:15.161  INFO  manager.MyListener - WebDriver start find element---->By.cssSelector: .logo
20:39:15.171  INFO  manager.MyListener - WebDriver found element by locator---->By.cssSelector: .logo
20:39:15.397  INFO  manager.MyListener - WebDriver start find element---->By.id: city
20:39:15.405  INFO  manager.MyListener - WebDriver found element by locator---->By.id: city
20:39:16.683  INFO  manager.MyListener - WebDriver start find element---->By.cssSelector: .pac-item
20:39:16.688  INFO  manager.MyListener - WebDriver found element by locator---->By.cssSelector: .pac-item
20:39:17.904  INFO  manager.MyListener - WebDriver start find element---->By.id: dates
20:39:17.909  INFO  manager.MyListener - WebDriver found element by locator---->By.id: dates
20:39:17.926  INFO  manager.MyListener - WebDriver start find element---->By.id: dates
20:39:17.932  INFO  manager.MyListener - WebDriver found element by locator---->By.id: dates
20:39:18.195  INFO  manager.MyListener - WebDriver start find element---->By.cssSelector: button[aria-label='Next month']
20:39:18.202  INFO  manager.MyListener - WebDriver found element by locator---->By.cssSelector: button[aria-label='Next month']
20:39:18.435  INFO  manager.MyListener - WebDriver start find element---->By.xpath: //div[text()=' 10 ']
20:39:18.440  INFO  manager.MyListener - WebDriver found element by locator---->By.xpath: //div[text()=' 10 ']
20:39:18.671  INFO  manager.MyListener - WebDriver start find element---->By.cssSelector: button[aria-label='Next month']
20:39:18.677  INFO  manager.MyListener - WebDriver found element by locator---->By.cssSelector: button[aria-label='Next month']
20:39:18.908  INFO  manager.MyListener - WebDriver start find element---->By.cssSelector: button[aria-label='Next month']
20:39:18.914  INFO  manager.MyListener - WebDriver found element by locator---->By.cssSelector: button[aria-label='Next month']
20:39:19.139  INFO  manager.MyListener - WebDriver start find element---->By.xpath: //div[text()=' 20 ']
20:39:19.145  INFO  manager.MyListener - WebDriver found element by locator---->By.xpath: //div[text()=' 20 ']
20:39:19.378  INFO  manager.MyListener - WebDriver start find element---->By.cssSelector: button[type='submit']
20:39:19.384  INFO  manager.MyListener - WebDriver found element by locator---->By.cssSelector: button[type='submit']
20:39:19.399  INFO  manager.MyListener - WebDriver start find element---->By.cssSelector: button[type='submit']
20:39:19.405  INFO  manager.MyListener - WebDriver found element by locator---->By.cssSelector: button[type='submit']
20:39:20.635  INFO  manager.MyListener - WebDriver start find element---->By.cssSelector: .logo
20:39:20.642  INFO  manager.MyListener - WebDriver found element by locator---->By.cssSelector: .logo
20:39:20.877  INFO  manager.MyListener - WebDriver start find element---->By.id: city
20:39:20.882  INFO  manager.MyListener - WebDriver found element by locator---->By.id: city
20:39:22.145  INFO  manager.MyListener - WebDriver start find element---->By.cssSelector: .pac-item
20:39:22.150  INFO  manager.MyListener - WebDriver found element by locator---->By.cssSelector: .pac-item
20:39:23.368  INFO  manager.MyListener - WebDriver start find element---->By.id: dates
20:39:23.374  INFO  manager.MyListener - WebDriver found element by locator---->By.id: dates
20:39:23.392  INFO  manager.MyListener - WebDriver start find element---->By.id: dates
20:39:23.397  INFO  manager.MyListener - WebDriver found element by locator---->By.id: dates
20:39:23.657  INFO  manager.MyListener - WebDriver start find element---->By.cssSelector: button[aria-label='Next month']
20:39:23.663  INFO  manager.MyListener - WebDriver found element by locator---->By.cssSelector: button[aria-label='Next month']
20:39:23.894  INFO  manager.MyListener - WebDriver start find element---->By.xpath: //div[text()=' 20 ']
20:39:23.900  INFO  manager.MyListener - WebDriver found element by locator---->By.xpath: //div[text()=' 20 ']
20:39:24.145  INFO  manager.MyListener - WebDriver start find element---->By.xpath: //div[text()=' 31 ']
20:39:24.150  INFO  manager.MyListener - WebDriver found element by locator---->By.xpath: //div[text()=' 31 ']
20:39:24.391  INFO  manager.MyListener - WebDriver start find element---->By.cssSelector: button[type='submit']
20:39:24.396  INFO  manager.MyListener - WebDriver found element by locator---->By.cssSelector: button[type='submit']
20:39:24.414  INFO  manager.MyListener - WebDriver start find element---->By.cssSelector: button[type='submit']
20:39:24.419  INFO  manager.MyListener - WebDriver found element by locator---->By.cssSelector: button[type='submit']
20:39:25.697  INFO  manager.MyListener - WebDriver start find element---->By.cssSelector: .logo
20:39:25.702  INFO  manager.MyListener - WebDriver found element by locator---->By.cssSelector: .logo
20:39:25.924  INFO  manager.MyListener - WebDriver start find element---->By.id: city
20:39:25.931  INFO  manager.MyListener - WebDriver found element by locator---->By.id: city
20:39:27.203  INFO  manager.MyListener - WebDriver start find element---->By.cssSelector: .pac-item
20:39:27.212  INFO  manager.MyListener - WebDriver found element by locator---->By.cssSelector: .pac-item
20:39:28.442  INFO  manager.MyListener - WebDriver start find element---->By.id: dates
20:39:28.447  INFO  manager.MyListener - WebDriver found element by locator---->By.id: dates
20:39:28.471  INFO  manager.MyListener - WebDriver start find element---->By.id: dates
20:39:28.476  INFO  manager.MyListener - WebDriver found element by locator---->By.id: dates
20:39:29.302  INFO  manager.MyListener - WebDriver start find element---->By.cssSelector: .cdk-overlay-container
20:39:29.308  INFO  manager.MyListener - WebDriver found element by locator---->By.cssSelector: .cdk-overlay-container
20:39:29.533  INFO  manager.MyListener - WebDriver start find element---->By.cssSelector: button[type='submit']
20:39:29.539  INFO  manager.MyListener - WebDriver found element by locator---->By.cssSelector: button[type='submit']
20:39:30.260  INFO  manager.MyListener - WebDriver start find element---->By.cssSelector: [type=submit]
20:39:30.265  INFO  manager.MyListener - WebDriver found element by locator---->By.cssSelector: [type=submit]
20:39:30.268  INFO  manager.MyListener - WebDriver start find element---->By.cssSelector: div.error div
20:39:30.273  INFO  manager.MyListener - WebDriver found element by locator---->By.cssSelector: div.error div
