21:00:26.489  INFO  manager.ApplicationManager - All tests run in chrome browser
21:00:28.476  INFO  manager.ApplicationManager - Current Url---->https://ilcarro-1578153671498.web.app/search
21:00:28.502  INFO  manager.MyListener - WebDriver start find element---->By.id: city
21:00:28.532  INFO  manager.MyListener - WebDriver found element by locator---->By.id: city
21:00:29.816  INFO  manager.MyListener - WebDriver start find element---->By.cssSelector: .pac-item
21:00:29.829  INFO  manager.MyListener - WebDriver found element by locator---->By.cssSelector: .pac-item
21:00:31.060  INFO  manager.MyListener - WebDriver start find element---->By.id: dates
21:00:31.074  INFO  manager.MyListener - WebDriver found element by locator---->By.id: dates
21:00:31.353  INFO  manager.MyListener - WebDriver start find element---->By.cssSelector: button[aria-label='Next month']
21:00:31.364  INFO  manager.MyListener - WebDriver found element by locator---->By.cssSelector: button[aria-label='Next month']
21:00:31.596  INFO  manager.MyListener - WebDriver start find element---->By.xpath: //div[text()=' 10 ']
21:00:31.609  INFO  manager.MyListener - WebDriver found element by locator---->By.xpath: //div[text()=' 10 ']
21:00:31.845  INFO  manager.MyListener - WebDriver start find element---->By.cssSelector: button[aria-label='Next month']
21:00:31.862  INFO  manager.MyListener - WebDriver found element by locator---->By.cssSelector: button[aria-label='Next month']
21:00:32.099  INFO  manager.MyListener - WebDriver start find element---->By.cssSelector: button[aria-label='Next month']
21:00:32.113  INFO  manager.MyListener - WebDriver found element by locator---->By.cssSelector: button[aria-label='Next month']
21:00:32.343  INFO  manager.MyListener - WebDriver start find element---->By.cssSelector: button[aria-label='Next month']
21:00:32.355  INFO  manager.MyListener - WebDriver found element by locator---->By.cssSelector: button[aria-label='Next month']
21:00:32.582  INFO  manager.MyListener - WebDriver start find element---->By.cssSelector: button[aria-label='Next month']
21:00:32.594  INFO  manager.MyListener - WebDriver found element by locator---->By.cssSelector: button[aria-label='Next month']
21:00:32.823  INFO  manager.MyListener - WebDriver start find element---->By.cssSelector: button[aria-label='Next month']
21:00:32.833  INFO  manager.MyListener - WebDriver found element by locator---->By.cssSelector: button[aria-label='Next month']
21:00:33.062  INFO  manager.MyListener - WebDriver start find element---->By.cssSelector: button[aria-label='Next month']
21:00:33.075  INFO  manager.MyListener - WebDriver found element by locator---->By.cssSelector: button[aria-label='Next month']
21:00:33.303  INFO  manager.MyListener - WebDriver start find element---->By.cssSelector: button[aria-label='Next month']
21:00:33.319  INFO  manager.MyListener - WebDriver found element by locator---->By.cssSelector: button[aria-label='Next month']
21:00:33.562  INFO  manager.MyListener - WebDriver start find element---->By.xpath: //div[text()=' 20 ']
21:00:33.572  INFO  manager.MyListener - WebDriver found element by locator---->By.xpath: //div[text()=' 20 ']
21:00:33.814  INFO  manager.MyListener - WebDriver start find element---->By.cssSelector: button[type='submit']
21:00:33.825  INFO  manager.MyListener - WebDriver found element by locator---->By.cssSelector: button[type='submit']
21:00:33.860  INFO  manager.MyListener - WebDriver start find element---->By.cssSelector: button[type='submit']
21:00:33.869  INFO  manager.MyListener - WebDriver found element by locator---->By.cssSelector: button[type='submit']
21:00:34.833  INFO  manager.MyListener - WebDriver start find element---->By.cssSelector: .logo
21:00:34.843  INFO  manager.MyListener - WebDriver found element by locator---->By.cssSelector: .logo
