17:02:13.594  INFO  manager.ApplicationManager - All tests run in chrome browser
17:02:14.952  INFO  manager.ApplicationManager - Current Url---->https://ilcarro-1578153671498.web.app/search
17:02:20.047  INFO  tests.LoginTest - Test stars with email: noam@gmail.com&password:Nnoa12345$
17:02:20.048  INFO  manager.MyListener - WebDriver start find element---->By.cssSelector: div[class='header'] a:nth-child(6)
17:02:20.070  INFO  manager.MyListener - WebDriver found element by locator---->By.cssSelector: div[class='header'] a:nth-child(6)
17:02:20.122  INFO  manager.MyListener - WebDriver start find element---->By.cssSelector: #email
17:02:20.147  INFO  manager.MyListener - WebDriver found element by locator---->By.cssSelector: #email
17:02:21.548  INFO  manager.MyListener - WebDriver start find element---->By.cssSelector: #password
17:02:21.567  INFO  manager.MyListener - WebDriver found element by locator---->By.cssSelector: #password
17:02:22.163  INFO  manager.MyListener - WebDriver start find element---->By.cssSelector: button[type='submit']
17:02:22.183  INFO  manager.MyListener - WebDriver found element by locator---->By.cssSelector: button[type='submit']
17:02:22.215  INFO  manager.MyListener - WebDriver start find element---->By.cssSelector: button[type='submit']
17:02:22.232  INFO  manager.MyListener - WebDriver found element by locator---->By.cssSelector: button[type='submit']
17:02:22.266  INFO  manager.MyListener - WebDriver start find element---->By.cssSelector: div.dialog-container
17:02:23.351  INFO  manager.MyListener - WebDriver found element by locator---->By.cssSelector: div.dialog-container
17:02:23.368  INFO  manager.MyListener - WebDriver start find element---->By.cssSelector: div.dialog-container h1
17:02:23.387  INFO  manager.MyListener - WebDriver found element by locator---->By.cssSelector: div.dialog-container h1
17:02:23.405  INFO  tests.LoginTest - Test passed
17:02:23.429  INFO  manager.MyListener - WebDriver start find element---->By.xpath: //button[text()='Ok']
17:02:23.454  INFO  manager.MyListener - WebDriver found element by locator---->By.xpath: //button[text()='Ok']
17:02:23.501  INFO  manager.MyListener - WebDriver start find element---->By.cssSelector: div[class='header'] a:nth-child(5)
17:02:23.517  INFO  manager.MyListener - WebDriver found element by locator---->By.cssSelector: div[class='header'] a:nth-child(5)
17:02:23.570  INFO  tests.LoginTest - Test stars with email: sonya@gmail.com&password:Ss12345$
17:02:23.570  INFO  manager.MyListener - WebDriver start find element---->By.cssSelector: div[class='header'] a:nth-child(6)
17:02:23.584  INFO  manager.MyListener - WebDriver found element by locator---->By.cssSelector: div[class='header'] a:nth-child(6)
17:02:23.626  INFO  manager.MyListener - WebDriver start find element---->By.cssSelector: #email
17:02:23.642  INFO  manager.MyListener - WebDriver found element by locator---->By.cssSelector: #email
17:02:24.977  INFO  manager.MyListener - WebDriver start find element---->By.cssSelector: #password
17:02:24.990  INFO  manager.MyListener - WebDriver found element by locator---->By.cssSelector: #password
17:02:25.576  INFO  manager.MyListener - WebDriver start find element---->By.cssSelector: button[type='submit']
17:02:25.588  INFO  manager.MyListener - WebDriver found element by locator---->By.cssSelector: button[type='submit']
17:02:25.609  INFO  manager.MyListener - WebDriver start find element---->By.cssSelector: button[type='submit']
17:02:25.621  INFO  manager.MyListener - WebDriver found element by locator---->By.cssSelector: button[type='submit']
17:02:25.652  INFO  manager.MyListener - WebDriver start find element---->By.cssSelector: div.dialog-container
17:02:26.603  INFO  manager.MyListener - WebDriver found element by locator---->By.cssSelector: div.dialog-container
17:02:27.133  INFO  manager.MyListener - WebDriver start find element---->By.cssSelector: div.dialog-container h1
17:02:27.146  INFO  manager.MyListener - WebDriver found element by locator---->By.cssSelector: div.dialog-container h1
17:02:27.158  INFO  tests.LoginTest - Test passed
17:02:27.173  INFO  manager.MyListener - WebDriver start find element---->By.xpath: //button[text()='Ok']
17:02:27.186  INFO  manager.MyListener - WebDriver found element by locator---->By.xpath: //button[text()='Ok']
17:02:27.230  INFO  manager.MyListener - WebDriver start find element---->By.cssSelector: div[class='header'] a:nth-child(5)
17:02:27.245  INFO  manager.MyListener - WebDriver found element by locator---->By.cssSelector: div[class='header'] a:nth-child(5)
17:02:27.296  INFO  tests.LoginTest - Test stars with email: noam@gmail.com&password:Nnoa12345$
17:02:27.297  INFO  manager.MyListener - WebDriver start find element---->By.cssSelector: div[class='header'] a:nth-child(6)
17:02:27.311  INFO  manager.MyListener - WebDriver found element by locator---->By.cssSelector: div[class='header'] a:nth-child(6)
17:02:27.347  INFO  manager.MyListener - WebDriver start find element---->By.cssSelector: #email
17:02:27.358  INFO  manager.MyListener - WebDriver found element by locator---->By.cssSelector: #email
17:02:28.666  INFO  manager.MyListener - WebDriver start find element---->By.cssSelector: #password
17:02:28.677  INFO  manager.MyListener - WebDriver found element by locator---->By.cssSelector: #password
17:02:29.267  INFO  manager.MyListener - WebDriver start find element---->By.cssSelector: button[type='submit']
17:02:29.279  INFO  manager.MyListener - WebDriver found element by locator---->By.cssSelector: button[type='submit']
17:02:29.302  INFO  manager.MyListener - WebDriver start find element---->By.cssSelector: button[type='submit']
17:02:29.314  INFO  manager.MyListener - WebDriver found element by locator---->By.cssSelector: button[type='submit']
17:02:29.349  INFO  manager.MyListener - WebDriver start find element---->By.cssSelector: div.dialog-container
17:02:30.298  INFO  manager.MyListener - WebDriver found element by locator---->By.cssSelector: div.dialog-container
17:02:30.311  INFO  manager.MyListener - WebDriver start find element---->By.cssSelector: div.dialog-container h1
17:02:30.322  INFO  manager.MyListener - WebDriver found element by locator---->By.cssSelector: div.dialog-container h1
17:02:30.333  INFO  tests.LoginTest - Test passed
17:02:30.348  INFO  manager.MyListener - WebDriver start find element---->By.xpath: //button[text()='Ok']
17:02:30.359  INFO  manager.MyListener - WebDriver found element by locator---->By.xpath: //button[text()='Ok']
17:02:30.405  INFO  manager.MyListener - WebDriver start find element---->By.cssSelector: div[class='header'] a:nth-child(5)
17:02:30.416  INFO  manager.MyListener - WebDriver found element by locator---->By.cssSelector: div[class='header'] a:nth-child(5)
17:02:30.471  INFO  tests.LoginTest - Test stars with email: sonya@gmail.com&password:Ss12345$
17:02:30.472  INFO  manager.MyListener - WebDriver start find element---->By.cssSelector: div[class='header'] a:nth-child(6)
17:02:30.483  INFO  manager.MyListener - WebDriver found element by locator---->By.cssSelector: div[class='header'] a:nth-child(6)
17:02:30.528  INFO  manager.MyListener - WebDriver start find element---->By.cssSelector: #email
17:02:30.541  INFO  manager.MyListener - WebDriver found element by locator---->By.cssSelector: #email
17:02:31.830  INFO  manager.MyListener - WebDriver start find element---->By.cssSelector: #password
17:02:31.841  INFO  manager.MyListener - WebDriver found element by locator---->By.cssSelector: #password
17:02:32.441  INFO  manager.MyListener - WebDriver start find element---->By.cssSelector: button[type='submit']
17:02:32.451  INFO  manager.MyListener - WebDriver found element by locator---->By.cssSelector: button[type='submit']
17:02:32.471  INFO  manager.MyListener - WebDriver start find element---->By.cssSelector: button[type='submit']
17:02:32.481  INFO  manager.MyListener - WebDriver found element by locator---->By.cssSelector: button[type='submit']
17:02:32.511  INFO  manager.MyListener - WebDriver start find element---->By.cssSelector: div.dialog-container
17:02:33.467  INFO  manager.MyListener - WebDriver found element by locator---->By.cssSelector: div.dialog-container
17:02:33.998  INFO  manager.MyListener - WebDriver start find element---->By.cssSelector: div.dialog-container h1
17:02:34.008  INFO  manager.MyListener - WebDriver found element by locator---->By.cssSelector: div.dialog-container h1
17:02:34.019  INFO  tests.LoginTest - Test passed
17:02:34.030  INFO  manager.MyListener - WebDriver start find element---->By.xpath: //button[text()='Ok']
17:02:34.040  INFO  manager.MyListener - WebDriver found element by locator---->By.xpath: //button[text()='Ok']
17:02:34.080  INFO  manager.MyListener - WebDriver start find element---->By.cssSelector: div[class='header'] a:nth-child(5)
17:02:34.107  INFO  manager.MyListener - WebDriver found element by locator---->By.cssSelector: div[class='header'] a:nth-child(5)
17:02:34.168  INFO  tests.LoginTest - Test stars with email:
17:02:34.168  INFO  manager.MyListener - WebDriver start find element---->By.cssSelector: div[class='header'] a:nth-child(6)
17:02:34.181  INFO  manager.MyListener - WebDriver found element by locator---->By.cssSelector: div[class='header'] a:nth-child(6)
17:02:34.220  INFO  manager.MyListener - WebDriver start find element---->By.cssSelector: #email
17:02:34.236  INFO  manager.MyListener - WebDriver found element by locator---->By.cssSelector: #email
17:02:34.855  INFO  manager.MyListener - WebDriver start find element---->By.cssSelector: #password
17:02:34.866  INFO  manager.MyListener - WebDriver found element by locator---->By.cssSelector: #password
17:02:35.467  INFO  manager.MyListener - WebDriver start find element---->By.cssSelector: button[type='submit']
17:02:35.478  INFO  manager.MyListener - WebDriver found element by locator---->By.cssSelector: button[type='submit']
17:02:35.499  INFO  manager.MyListener - WebDriver start find element---->By.cssSelector: button[type='submit']
17:02:35.512  INFO  manager.MyListener - WebDriver found element by locator---->By.cssSelector: button[type='submit']
17:02:35.547  INFO  manager.MyListener - WebDriver start find element---->By.cssSelector: div.dialog-container
17:02:36.487  INFO  manager.MyListener - WebDriver found element by locator---->By.cssSelector: div.dialog-container
17:02:36.499  INFO  manager.MyListener - WebDriver start find element---->By.cssSelector: div.dialog-container h1
17:02:36.511  INFO  manager.MyListener - WebDriver found element by locator---->By.cssSelector: div.dialog-container h1
17:02:36.521  INFO  tests.LoginTest - Test passed
17:02:36.533  INFO  manager.MyListener - WebDriver start find element---->By.xpath: //button[text()='Ok']
17:02:36.545  INFO  manager.MyListener - WebDriver found element by locator---->By.xpath: //button[text()='Ok']
17:02:36.585  INFO  manager.MyListener - WebDriver start find element---->By.cssSelector: div[class='header'] a:nth-child(5)
17:02:36.597  INFO  manager.MyListener - WebDriver found element by locator---->By.cssSelector: div[class='header'] a:nth-child(5)
17:02:36.648  INFO  tests.LoginTest - Test stars with email:
17:02:36.648  INFO  manager.MyListener - WebDriver start find element---->By.cssSelector: div[class='header'] a:nth-child(6)
17:02:36.662  INFO  manager.MyListener - WebDriver found element by locator---->By.cssSelector: div[class='header'] a:nth-child(6)
17:02:36.703  INFO  manager.MyListener - WebDriver start find element---->By.cssSelector: #email
17:02:36.715  INFO  manager.MyListener - WebDriver found element by locator---->By.cssSelector: #email
17:02:37.319  INFO  manager.MyListener - WebDriver start find element---->By.cssSelector: #password
17:02:37.330  INFO  manager.MyListener - WebDriver found element by locator---->By.cssSelector: #password
17:02:38.025  INFO  manager.MyListener - WebDriver start find element---->By.cssSelector: button[type='submit']
17:02:38.038  INFO  manager.MyListener - WebDriver found element by locator---->By.cssSelector: button[type='submit']
17:02:38.059  INFO  manager.MyListener - WebDriver start find element---->By.cssSelector: button[type='submit']
17:02:38.069  INFO  manager.MyListener - WebDriver found element by locator---->By.cssSelector: button[type='submit']
17:02:38.098  INFO  manager.MyListener - WebDriver start find element---->By.cssSelector: div.dialog-container
17:02:38.427  INFO  manager.MyListener - WebDriver found element by locator---->By.cssSelector: div.dialog-container
17:02:38.954  INFO  manager.MyListener - WebDriver start find element---->By.cssSelector: div.dialog-container h1
17:02:38.967  INFO  manager.MyListener - WebDriver found element by locator---->By.cssSelector: div.dialog-container h1
17:02:38.978  INFO  tests.LoginTest - Test passed
17:02:38.988  INFO  manager.MyListener - WebDriver start find element---->By.xpath: //button[text()='Ok']
17:02:39.002  INFO  manager.MyListener - WebDriver found element by locator---->By.xpath: //button[text()='Ok']
17:02:39.047  INFO  manager.MyListener - WebDriver start find element---->By.cssSelector: div[class='header'] a:nth-child(5)
17:02:39.059  INFO  manager.MyListener - WebDriver found element by locator---->By.cssSelector: div[class='header'] a:nth-child(5)
17:02:39.108  INFO  tests.LoginTest - Test stars with email:
17:02:39.110  INFO  manager.MyListener - WebDriver start find element---->By.cssSelector: div[class='header'] a:nth-child(6)
17:02:39.128  INFO  manager.MyListener - WebDriver found element by locator---->By.cssSelector: div[class='header'] a:nth-child(6)
17:02:39.170  INFO  manager.MyListener - WebDriver start find element---->By.cssSelector: #email
17:02:39.182  INFO  manager.MyListener - WebDriver found element by locator---->By.cssSelector: #email
17:02:39.782  INFO  manager.MyListener - WebDriver start find element---->By.cssSelector: #password
17:02:39.793  INFO  manager.MyListener - WebDriver found element by locator---->By.cssSelector: #password
17:02:40.397  INFO  manager.MyListener - WebDriver start find element---->By.cssSelector: button[type='submit']
17:02:40.409  INFO  manager.MyListener - WebDriver found element by locator---->By.cssSelector: button[type='submit']
17:02:40.429  INFO  manager.MyListener - WebDriver start find element---->By.cssSelector: button[type='submit']
17:02:40.441  INFO  manager.MyListener - WebDriver found element by locator---->By.cssSelector: button[type='submit']
17:02:40.474  INFO  manager.MyListener - WebDriver start find element---->By.cssSelector: div.dialog-container
17:02:41.444  INFO  manager.MyListener - WebDriver found element by locator---->By.cssSelector: div.dialog-container
17:02:41.978  INFO  manager.MyListener - WebDriver start find element---->By.cssSelector: div.dialog-container h1
17:02:41.989  INFO  manager.MyListener - WebDriver found element by locator---->By.cssSelector: div.dialog-container h1
17:02:42.000  INFO  tests.LoginTest - Test passed
17:02:42.010  INFO  manager.MyListener - WebDriver start find element---->By.xpath: //button[text()='Ok']
17:02:42.021  INFO  manager.MyListener - WebDriver found element by locator---->By.xpath: //button[text()='Ok']
17:02:42.064  INFO  manager.MyListener - WebDriver start find element---->By.cssSelector: div[class='header'] a:nth-child(5)
17:02:42.074  INFO  manager.MyListener - WebDriver found element by locator---->By.cssSelector: div[class='header'] a:nth-child(5)
17:02:42.124  INFO  tests.LoginTest - Test stars with email:
17:02:42.124  INFO  manager.MyListener - WebDriver start find element---->By.cssSelector: div[class='header'] a:nth-child(6)
17:02:42.141  INFO  manager.MyListener - WebDriver found element by locator---->By.cssSelector: div[class='header'] a:nth-child(6)
17:02:42.178  INFO  manager.MyListener - WebDriver start find element---->By.cssSelector: #email
17:02:42.193  INFO  manager.MyListener - WebDriver found element by locator---->By.cssSelector: #email
17:02:42.796  INFO  manager.MyListener - WebDriver start find element---->By.cssSelector: #password
17:02:42.807  INFO  manager.MyListener - WebDriver found element by locator---->By.cssSelector: #password
17:02:43.408  INFO  manager.MyListener - WebDriver start find element---->By.cssSelector: button[type='submit']
17:02:43.420  INFO  manager.MyListener - WebDriver found element by locator---->By.cssSelector: button[type='submit']
17:02:43.443  INFO  manager.MyListener - WebDriver start find element---->By.cssSelector: button[type='submit']
17:02:43.456  INFO  manager.MyListener - WebDriver found element by locator---->By.cssSelector: button[type='submit']
17:02:43.489  INFO  manager.MyListener - WebDriver start find element---->By.cssSelector: div.dialog-container
17:02:43.868  INFO  manager.MyListener - WebDriver found element by locator---->By.cssSelector: div.dialog-container
17:02:43.880  INFO  manager.MyListener - WebDriver start find element---->By.cssSelector: div.dialog-container h1
17:02:43.892  INFO  manager.MyListener - WebDriver found element by locator---->By.cssSelector: div.dialog-container h1
17:02:43.911  INFO  tests.LoginTest - Test passed
17:02:43.936  INFO  manager.MyListener - WebDriver start find element---->By.xpath: //button[text()='Ok']
17:02:43.947  INFO  manager.MyListener - WebDriver found element by locator---->By.xpath: //button[text()='Ok']
17:02:43.988  INFO  manager.MyListener - WebDriver start find element---->By.cssSelector: div[class='header'] a:nth-child(5)
17:02:43.998  INFO  manager.MyListener - WebDriver found element by locator---->By.cssSelector: div[class='header'] a:nth-child(5)
17:02:44.044  INFO  tests.LoginTest - Test stars with email:noa@gmail.com &password:Nnoa12345$
17:02:44.044  INFO  manager.MyListener - WebDriver start find element---->By.cssSelector: div[class='header'] a:nth-child(6)
17:02:44.057  INFO  manager.MyListener - WebDriver found element by locator---->By.cssSelector: div[class='header'] a:nth-child(6)
17:02:44.098  INFO  manager.MyListener - WebDriver start find element---->By.cssSelector: #email
17:02:44.115  INFO  manager.MyListener - WebDriver found element by locator---->By.cssSelector: #email
17:02:45.459  INFO  manager.MyListener - WebDriver start find element---->By.cssSelector: #password
17:02:45.468  INFO  manager.MyListener - WebDriver found element by locator---->By.cssSelector: #password
17:02:46.058  INFO  manager.MyListener - WebDriver start find element---->By.cssSelector: button[type='submit']
17:02:46.070  INFO  manager.MyListener - WebDriver found element by locator---->By.cssSelector: button[type='submit']
17:02:46.088  INFO  manager.MyListener - WebDriver start find element---->By.cssSelector: button[type='submit']
17:02:46.098  INFO  manager.MyListener - WebDriver found element by locator---->By.cssSelector: button[type='submit']
17:02:46.141  INFO  manager.MyListener - WebDriver start find element---->By.cssSelector: div.dialog-container
17:02:47.081  INFO  manager.MyListener - WebDriver found element by locator---->By.cssSelector: div.dialog-container
17:02:47.094  INFO  manager.MyListener - WebDriver start find element---->By.cssSelector: div.dialog-container h1
17:02:47.107  INFO  manager.MyListener - WebDriver found element by locator---->By.cssSelector: div.dialog-container h1
17:02:47.120  INFO  tests.LoginTest - Test passed
17:02:47.130  INFO  manager.MyListener - WebDriver start find element---->By.xpath: //button[text()='Ok']
17:02:47.142  INFO  manager.MyListener - WebDriver found element by locator---->By.xpath: //button[text()='Ok']
