17:44:54.214  INFO  manager.ApplicationManager - All tests run in chrome browser
17:44:55.553  INFO  manager.ApplicationManager - Current Url---->https://ilcarro-1578153671498.web.app/search
17:45:00.652  INFO  manager.MyListener - WebDriver start find element---->By.cssSelector: div[class='header'] a:nth-child(5)
17:45:00.674  INFO  manager.MyListener - WebDriver found element by locator---->By.cssSelector: div[class='header'] a:nth-child(5)
17:45:00.794  INFO  manager.MyListener - WebDriver start find element---->By.id: name
17:45:00.840  INFO  manager.MyListener - WebDriver found element by locator---->By.id: name
17:45:01.434  INFO  manager.MyListener - WebDriver start find element---->By.id: lastName
17:45:01.452  INFO  manager.MyListener - WebDriver found element by locator---->By.id: lastName
17:45:02.041  INFO  manager.MyListener - WebDriver start find element---->By.id: email
17:45:02.059  INFO  manager.MyListener - WebDriver found element by locator---->By.id: email
17:45:02.673  INFO  manager.MyListener - WebDriver start find element---->By.id: password
17:45:02.689  INFO  manager.MyListener - WebDriver found element by locator---->By.id: password
17:45:03.304  INFO  manager.MyListener - WebDriver start find element---->By.cssSelector: button[type='submit']
17:45:03.321  INFO  manager.MyListener - WebDriver found element by locator---->By.cssSelector: button[type='submit']
17:45:03.357  INFO  manager.MyListener - WebDriver start find element---->By.cssSelector: button[type='submit']
17:45:03.384  INFO  manager.MyListener - WebDriver found element by locator---->By.cssSelector: button[type='submit']
17:45:03.425  INFO  manager.MyListener - WebDriver start find element---->By.cssSelector: div.dialog-container
17:45:03.875  INFO  manager.MyListener - WebDriver found element by locator---->By.cssSelector: div.dialog-container
17:45:03.893  INFO  manager.MyListener - WebDriver start find element---->By.cssSelector: div.dialog-container h1
17:45:03.918  INFO  manager.MyListener - WebDriver found element by locator---->By.cssSelector: div.dialog-container h1
17:45:03.961  INFO  manager.MyListener - WebDriver start find element---->By.xpath: //button[text()='Ok']
17:45:03.985  INFO  manager.MyListener - WebDriver found element by locator---->By.xpath: //button[text()='Ok']
