18:43:27.316  INFO  manager.ApplicationManager - All tests run in chrome browser
18:43:28.978  INFO  manager.ApplicationManager - Current Url---->https://ilcarro-1578153671498.web.app/search
18:43:29.011  INFO  manager.MyListener - WebDriver start find element---->By.id: city
18:43:29.043  INFO  manager.MyListener - WebDriver found element by locator---->By.id: city
18:43:29.665  INFO  manager.MyListener - WebDriver start find element---->By.cssSelector: .pac-item
18:43:30.002  INFO  manager.MyListener - WebDriver found element by locator---->By.cssSelector: .pac-item
18:43:30.553  INFO  manager.MyListener - WebDriver start find element---->By.id: dates
18:43:30.580  INFO  manager.MyListener - WebDriver found element by locator---->By.id: dates
18:43:30.669  INFO  manager.MyListener - WebDriver start find element---->By.xpath: //div[text()=' 20 ']
18:43:30.699  INFO  manager.MyListener - WebDriver found element by locator---->By.xpath: //div[text()=' 20 ']
18:43:30.772  INFO  manager.MyListener - WebDriver start find element---->By.xpath: //div[text()=' 31 ']
18:43:30.805  INFO  manager.MyListener - WebDriver found element by locator---->By.xpath: //div[text()=' 31 ']
18:43:30.875  INFO  manager.MyListener - WebDriver start find element---->By.cssSelector: button[type='submit']
18:43:30.894  INFO  manager.MyListener - WebDriver found element by locator---->By.cssSelector: button[type='submit']
18:43:30.941  INFO  manager.MyListener - WebDriver start find element---->By.cssSelector: button[type='submit']
18:43:30.961  INFO  manager.MyListener - WebDriver found element by locator---->By.cssSelector: button[type='submit']
18:43:31.965  INFO  manager.MyListener - WebDriver start find element---->By.id: city
18:43:31.983  INFO  manager.MyListener - WebDriver found element by locator---->By.id: city
18:43:32.635  INFO  manager.MyListener - WebDriver start find element---->By.cssSelector: .pac-item
18:43:32.658  INFO  manager.MyListener - WebDriver found element by locator---->By.cssSelector: .pac-item
18:43:33.200  INFO  manager.MyListener - WebDriver start find element---->By.id: dates
18:43:38.214  INFO  manager.MyListener - The name of method with error-->findElement
18:43:38.216  INFO  manager.MyListener - We have a problem--->org.openqa.selenium.NoSuchElementException: no such element: Unable to locate element: {"method":"css selector","selector":"#dates"}
  (Session info: chrome=103.0.5060.114)
For documentation on this error, please visit: https://selenium.dev/exceptions/#no_such_element
Build info: version: '4.2.2', revision: '683ccb65d6'
System info: host: 'DESKTOP-O54QV38', ip: '192.168.14.148', os.name: 'Windows 10', os.arch: 'amd64', os.version: '10.0', java.version: '13.0.2'
Driver info: org.openqa.selenium.chrome.ChromeDriver
Command: [94fdf5f883398310e525f02bace65fca, findElement {using=id, value=dates}]
Capabilities {acceptInsecureCerts: false, browserName: chrome, browserVersion: 103.0.5060.114, chrome: {chromedriverVersion: 102.0.5005.27 (df4a85108ffa..., userDataDir: C:\Users\allan\AppData\Loca...}, goog:chromeOptions: {debuggerAddress: localhost:50251}, networkConnectionEnabled: false, pageLoadStrategy: normal, platformName: WINDOWS, proxy: Proxy(), se:cdp: ws://localhost:50251/devtoo..., se:cdpVersion: 103.0.5060.114, setWindowRect: true, strictFileInteractability: false, timeouts: {implicit: 0, pageLoad: 300000, script: 30000}, unhandledPromptBehavior: dismiss and notify, webauthn:extension:credBlob: true, webauthn:extension:largeBlob: true, webauthn:virtualAuthenticators: true}
Session ID: 94fdf5f883398310e525f02bace65fca
