18:18:50.141  INFO  manager.ApplicationManager - All tests run in chrome browser
18:18:52.246  INFO  manager.ApplicationManager - Current Url---->https://ilcarro-1578153671498.web.app/search
18:18:52.272  INFO  manager.MyListener - WebDriver start find element---->By.id: city
18:18:52.299  INFO  manager.MyListener - WebDriver found element by locator---->By.id: city
18:18:53.572  INFO  manager.MyListener - WebDriver start find element---->By.cssSelector: .pac-item
18:18:53.588  INFO  manager.MyListener - WebDriver found element by locator---->By.cssSelector: .pac-item
18:18:54.808  INFO  manager.MyListener - WebDriver start find element---->By.id: dates
18:18:54.829  INFO  manager.MyListener - WebDriver found element by locator---->By.id: dates
18:18:54.852  INFO  manager.MyListener - WebDriver start find element---->By.id: dates
18:18:54.867  INFO  manager.MyListener - WebDriver found element by locator---->By.id: dates
18:18:55.139  INFO  manager.MyListener - WebDriver start find element---->By.cssSelector: button[aria-label='Next month']
18:18:55.152  INFO  manager.MyListener - WebDriver found element by locator---->By.cssSelector: button[aria-label='Next month']
18:18:55.386  INFO  manager.MyListener - WebDriver start find element---->By.xpath: //div[text()=' 10 ']
18:18:55.399  INFO  manager.MyListener - WebDriver found element by locator---->By.xpath: //div[text()=' 10 ']
18:18:55.632  INFO  manager.MyListener - WebDriver start find element---->By.cssSelector: button[aria-label='Next month']
18:18:55.654  INFO  manager.MyListener - WebDriver found element by locator---->By.cssSelector: button[aria-label='Next month']
18:18:55.895  INFO  manager.MyListener - WebDriver start find element---->By.cssSelector: button[aria-label='Next month']
18:18:55.907  INFO  manager.MyListener - WebDriver found element by locator---->By.cssSelector: button[aria-label='Next month']
18:18:56.135  INFO  manager.MyListener - WebDriver start find element---->By.cssSelector: button[aria-label='Next month']
18:18:56.150  INFO  manager.MyListener - WebDriver found element by locator---->By.cssSelector: button[aria-label='Next month']
18:18:56.382  INFO  manager.MyListener - WebDriver start find element---->By.cssSelector: button[aria-label='Next month']
18:18:56.393  INFO  manager.MyListener - WebDriver found element by locator---->By.cssSelector: button[aria-label='Next month']
18:18:56.623  INFO  manager.MyListener - WebDriver start find element---->By.cssSelector: button[aria-label='Next month']
18:18:56.635  INFO  manager.MyListener - WebDriver found element by locator---->By.cssSelector: button[aria-label='Next month']
18:18:56.863  INFO  manager.MyListener - WebDriver start find element---->By.cssSelector: button[aria-label='Next month']
18:18:56.880  INFO  manager.MyListener - WebDriver found element by locator---->By.cssSelector: button[aria-label='Next month']
18:18:57.106  INFO  manager.MyListener - WebDriver start find element---->By.cssSelector: button[aria-label='Next month']
18:18:57.118  INFO  manager.MyListener - WebDriver found element by locator---->By.cssSelector: button[aria-label='Next month']
18:18:57.349  INFO  manager.MyListener - WebDriver start find element---->By.xpath: //div[text()=' 20 ']
18:18:57.358  INFO  manager.MyListener - WebDriver found element by locator---->By.xpath: //div[text()=' 20 ']
18:18:57.608  INFO  manager.MyListener - WebDriver start find element---->By.cssSelector: button[type='submit']
18:18:57.621  INFO  manager.MyListener - WebDriver found element by locator---->By.cssSelector: button[type='submit']
18:18:57.656  INFO  manager.MyListener - WebDriver start find element---->By.cssSelector: button[type='submit']
18:18:57.669  INFO  manager.MyListener - WebDriver found element by locator---->By.cssSelector: button[type='submit']
18:18:58.839  INFO  manager.MyListener - WebDriver start find element---->By.cssSelector: .logo
18:18:58.853  INFO  manager.MyListener - WebDriver found element by locator---->By.cssSelector: .logo
18:18:59.217  INFO  manager.MyListener - WebDriver start find element---->By.id: city
18:18:59.226  INFO  manager.MyListener - WebDriver found element by locator---->By.id: city
18:19:00.509  INFO  manager.MyListener - WebDriver start find element---->By.cssSelector: .pac-item
18:19:00.519  INFO  manager.MyListener - WebDriver found element by locator---->By.cssSelector: .pac-item
18:19:01.745  INFO  manager.MyListener - WebDriver start find element---->By.id: dates
18:19:01.754  INFO  manager.MyListener - WebDriver found element by locator---->By.id: dates
18:19:01.769  INFO  manager.MyListener - WebDriver start find element---->By.id: dates
18:19:01.781  INFO  manager.MyListener - WebDriver found element by locator---->By.id: dates
18:19:02.056  INFO  manager.MyListener - WebDriver start find element---->By.cssSelector: button[aria-label='Next month']
18:19:02.065  INFO  manager.MyListener - WebDriver found element by locator---->By.cssSelector: button[aria-label='Next month']
18:19:02.302  INFO  manager.MyListener - WebDriver start find element---->By.xpath: //div[text()=' 10 ']
18:19:02.311  INFO  manager.MyListener - WebDriver found element by locator---->By.xpath: //div[text()=' 10 ']
18:19:02.544  INFO  manager.MyListener - WebDriver start find element---->By.cssSelector: button[aria-label='Next month']
18:19:02.554  INFO  manager.MyListener - WebDriver found element by locator---->By.cssSelector: button[aria-label='Next month']
18:19:02.787  INFO  manager.MyListener - WebDriver start find element---->By.cssSelector: button[aria-label='Next month']
18:19:02.796  INFO  manager.MyListener - WebDriver found element by locator---->By.cssSelector: button[aria-label='Next month']
18:19:03.025  INFO  manager.MyListener - WebDriver start find element---->By.cssSelector: button[aria-label='Next month']
18:19:03.034  INFO  manager.MyListener - WebDriver found element by locator---->By.cssSelector: button[aria-label='Next month']
18:19:03.265  INFO  manager.MyListener - WebDriver start find element---->By.cssSelector: button[aria-label='Next month']
18:19:03.280  INFO  manager.MyListener - WebDriver found element by locator---->By.cssSelector: button[aria-label='Next month']
18:19:03.505  INFO  manager.MyListener - WebDriver start find element---->By.cssSelector: button[aria-label='Next month']
18:19:03.514  INFO  manager.MyListener - WebDriver found element by locator---->By.cssSelector: button[aria-label='Next month']
18:19:03.741  INFO  manager.MyListener - WebDriver start find element---->By.cssSelector: button[aria-label='Next month']
18:19:03.749  INFO  manager.MyListener - WebDriver found element by locator---->By.cssSelector: button[aria-label='Next month']
18:19:03.977  INFO  manager.MyListener - WebDriver start find element---->By.cssSelector: button[aria-label='Next month']
18:19:03.988  INFO  manager.MyListener - WebDriver found element by locator---->By.cssSelector: button[aria-label='Next month']
18:19:04.217  INFO  manager.MyListener - WebDriver start find element---->By.xpath: //div[text()=' 20 ']
18:19:04.226  INFO  manager.MyListener - WebDriver found element by locator---->By.xpath: //div[text()=' 20 ']
18:19:04.460  INFO  manager.MyListener - WebDriver start find element---->By.cssSelector: button[type='submit']
18:19:04.469  INFO  manager.MyListener - WebDriver found element by locator---->By.cssSelector: button[type='submit']
18:19:04.490  INFO  manager.MyListener - WebDriver start find element---->By.cssSelector: button[type='submit']
18:19:04.498  INFO  manager.MyListener - WebDriver found element by locator---->By.cssSelector: button[type='submit']
18:19:05.583  INFO  manager.MyListener - WebDriver start find element---->By.cssSelector: .logo
18:19:05.597  INFO  manager.MyListener - WebDriver found element by locator---->By.cssSelector: .logo
18:19:05.860  INFO  manager.MyListener - WebDriver start find element---->By.id: city
18:19:05.867  INFO  manager.MyListener - WebDriver found element by locator---->By.id: city
18:19:07.141  INFO  manager.MyListener - WebDriver start find element---->By.cssSelector: .pac-item
18:19:07.150  INFO  manager.MyListener - WebDriver found element by locator---->By.cssSelector: .pac-item
18:19:08.574  INFO  manager.MyListener - WebDriver start find element---->By.id: dates
18:19:08.582  INFO  manager.MyListener - WebDriver found element by locator---->By.id: dates
18:19:08.592  INFO  manager.MyListener - WebDriver start find element---->By.id: dates
18:19:08.603  INFO  manager.MyListener - WebDriver found element by locator---->By.id: dates
18:19:09.332  INFO  manager.MyListener - WebDriver start find element---->By.xpath: //div[text()=' 20 ']
18:19:09.340  INFO  manager.MyListener - WebDriver found element by locator---->By.xpath: //div[text()=' 20 ']
18:19:09.867  INFO  manager.MyListener - WebDriver start find element---->By.xpath: //div[text()=' 31 ']
18:19:14.887  INFO  manager.MyListener - The name of method with error-->findElement
18:19:14.889  INFO  manager.MyListener - We have a problem--->org.openqa.selenium.NoSuchElementException: Unable to locate element: //div[text()=' 31 ']
For documentation on this error, please visit: https://selenium.dev/exceptions/#no_such_element
Build info: version: '4.2.2', revision: '683ccb65d6'
System info: host: 'DESKTOP-O54QV38', ip: '192.168.14.148', os.name: 'Windows 10', os.arch: 'amd64', os.version: '10.0', java.version: '13.0.2'
Driver info: org.openqa.selenium.firefox.FirefoxDriver
Command: [8e453bd7-c90b-42ab-aecb-725f991256a9, findElement {using=xpath, value=//div[text()=' 31 ']}]
Capabilities {acceptInsecureCerts: true, browserName: firefox, browserVersion: 94.0.2, moz:accessibilityChecks: false, moz:buildID: 20211119140621, moz:debuggerAddress: localhost:59113, moz:geckodriverVersion: 0.31.0, moz:headless: false, moz:processID: 18328, moz:profile: C:\Users\allan\AppData\Loca..., moz:shutdownTimeout: 60000, moz:useNonSpecCompliantPointerOrigin: false, moz:webdriverClick: true, pageLoadStrategy: normal, platformName: WINDOWS, platformVersion: 10.0, proxy: Proxy(), se:cdp: ws://localhost:59113/devtoo..., se:cdpVersion: 85.0, setWindowRect: true, strictFileInteractability: false, timeouts: {implicit: 0, pageLoad: 300000, script: 30000}, unhandledPromptBehavior: dismiss and notify}
Session ID: 8e453bd7-c90b-42ab-aecb-725f991256a9
18:19:14.890  INFO  manager.MyListener - WebDriver start find element---->By.cssSelector: .logo
18:19:14.931  INFO  manager.MyListener - WebDriver found element by locator---->By.cssSelector: .logo
18:19:14.950  INFO  manager.MyListener - The name of method with error-->click
18:19:14.950  INFO  manager.MyListener - We have a problem--->org.openqa.selenium.ElementClickInterceptedException: Element <a class="logo" href="/"> is not clickable at point (348,34) because another element <div class="cdk-overlay-backdrop mat-overlay-transparent-backdrop cdk-overlay-backdrop-showing"> obscures it
Build info: version: '4.2.2', revision: '683ccb65d6'
System info: host: 'DESKTOP-O54QV38', ip: '192.168.14.148', os.name: 'Windows 10', os.arch: 'amd64', os.version: '10.0', java.version: '13.0.2'
Driver info: org.openqa.selenium.firefox.FirefoxDriver
Command: [8e453bd7-c90b-42ab-aecb-725f991256a9, clickElement {id=d42e7b52-6a31-4fb5-b1d3-d900ee7421f3}]
Capabilities {acceptInsecureCerts: true, browserName: firefox, browserVersion: 94.0.2, moz:accessibilityChecks: false, moz:buildID: 20211119140621, moz:debuggerAddress: localhost:59113, moz:geckodriverVersion: 0.31.0, moz:headless: false, moz:processID: 18328, moz:profile: C:\Users\allan\AppData\Loca..., moz:shutdownTimeout: 60000, moz:useNonSpecCompliantPointerOrigin: false, moz:webdriverClick: true, pageLoadStrategy: normal, platformName: WINDOWS, platformVersion: 10.0, proxy: Proxy(), se:cdp: ws://localhost:59113/devtoo..., se:cdpVersion: 85.0, setWindowRect: true, strictFileInteractability: false, timeouts: {implicit: 0, pageLoad: 300000, script: 30000}, unhandledPromptBehavior: dismiss and notify}
Element: [[FirefoxDriver: firefox on WINDOWS (8e453bd7-c90b-42ab-aecb-725f991256a9)] -> css selector: .logo]
Session ID: 8e453bd7-c90b-42ab-aecb-725f991256a9
