19:00:24.030  INFO  manager.ApplicationManager - All tests run in chrome browser
19:00:25.589  INFO  manager.ApplicationManager - Current Url---->https://ilcarro-1578153671498.web.app/search
19:00:30.669  INFO  tests.LoginTest - Test stars with email: noam@gmail.com&password:Nnoa12345$
19:00:30.671  INFO  manager.MyListener - WebDriver start find element---->By.cssSelector: div[class='header'] a:nth-child(6)
19:00:30.694  INFO  manager.MyListener - WebDriver found element by locator---->By.cssSelector: div[class='header'] a:nth-child(6)
19:00:30.748  INFO  manager.MyListener - WebDriver start find element---->By.cssSelector: #email
19:00:30.771  INFO  manager.MyListener - WebDriver found element by locator---->By.cssSelector: #email
19:00:32.192  INFO  manager.MyListener - WebDriver start find element---->By.cssSelector: #password
19:00:32.210  INFO  manager.MyListener - WebDriver found element by locator---->By.cssSelector: #password
19:00:32.811  INFO  manager.MyListener - WebDriver start find element---->By.cssSelector: button[type='submit']
19:00:32.830  INFO  manager.MyListener - WebDriver found element by locator---->By.cssSelector: button[type='submit']
19:00:32.864  INFO  manager.MyListener - WebDriver start find element---->By.cssSelector: button[type='submit']
19:00:32.878  INFO  manager.MyListener - WebDriver found element by locator---->By.cssSelector: button[type='submit']
19:00:32.912  INFO  manager.MyListener - WebDriver start find element---->By.cssSelector: div.dialog-container
19:00:33.988  INFO  manager.MyListener - WebDriver found element by locator---->By.cssSelector: div.dialog-container
19:00:34.011  INFO  manager.MyListener - WebDriver start find element---->By.cssSelector: div.dialog-container h1
19:00:34.034  INFO  manager.MyListener - WebDriver found element by locator---->By.cssSelector: div.dialog-container h1
19:00:34.052  INFO  tests.LoginTest - Test passed
19:00:34.077  INFO  manager.MyListener - WebDriver start find element---->By.xpath: //button[text()='Ok']
19:00:34.098  INFO  manager.MyListener - WebDriver found element by locator---->By.xpath: //button[text()='Ok']
19:00:34.144  INFO  manager.MyListener - WebDriver start find element---->By.cssSelector: div[class='header'] a:nth-child(5)
19:00:34.162  INFO  manager.MyListener - WebDriver found element by locator---->By.cssSelector: div[class='header'] a:nth-child(5)
19:00:34.229  INFO  tests.LoginTest - Test stars with email: sonya@gmail.com&password:Ss12345$
19:00:34.230  INFO  manager.MyListener - WebDriver start find element---->By.cssSelector: div[class='header'] a:nth-child(6)
19:00:34.245  INFO  manager.MyListener - WebDriver found element by locator---->By.cssSelector: div[class='header'] a:nth-child(6)
19:00:34.283  INFO  manager.MyListener - WebDriver start find element---->By.cssSelector: #email
19:00:34.298  INFO  manager.MyListener - WebDriver found element by locator---->By.cssSelector: #email
19:00:35.673  INFO  manager.MyListener - WebDriver start find element---->By.cssSelector: #password
19:00:35.688  INFO  manager.MyListener - WebDriver found element by locator---->By.cssSelector: #password
19:00:36.291  INFO  manager.MyListener - WebDriver start find element---->By.cssSelector: button[type='submit']
19:00:36.304  INFO  manager.MyListener - WebDriver found element by locator---->By.cssSelector: button[type='submit']
19:00:36.327  INFO  manager.MyListener - WebDriver start find element---->By.cssSelector: button[type='submit']
19:00:36.340  INFO  manager.MyListener - WebDriver found element by locator---->By.cssSelector: button[type='submit']
19:00:36.371  INFO  manager.MyListener - WebDriver start find element---->By.cssSelector: div.dialog-container
19:00:37.370  INFO  manager.MyListener - WebDriver found element by locator---->By.cssSelector: div.dialog-container
19:00:37.384  INFO  manager.MyListener - WebDriver start find element---->By.cssSelector: div.dialog-container h1
19:00:37.402  INFO  manager.MyListener - WebDriver found element by locator---->By.cssSelector: div.dialog-container h1
19:00:37.414  INFO  tests.LoginTest - Test passed
19:00:37.429  INFO  manager.MyListener - WebDriver start find element---->By.xpath: //button[text()='Ok']
19:00:37.445  INFO  manager.MyListener - WebDriver found element by locator---->By.xpath: //button[text()='Ok']
19:00:37.492  INFO  manager.MyListener - WebDriver start find element---->By.cssSelector: div[class='header'] a:nth-child(5)
19:00:37.506  INFO  manager.MyListener - WebDriver found element by locator---->By.cssSelector: div[class='header'] a:nth-child(5)
19:00:37.556  INFO  tests.LoginTest - Test stars with email: noam@gmail.com&password:Nnoa12345$
19:00:37.557  INFO  manager.MyListener - WebDriver start find element---->By.cssSelector: div[class='header'] a:nth-child(6)
19:00:37.574  INFO  manager.MyListener - WebDriver found element by locator---->By.cssSelector: div[class='header'] a:nth-child(6)
19:00:37.609  INFO  manager.MyListener - WebDriver start find element---->By.cssSelector: #email
19:00:37.622  INFO  manager.MyListener - WebDriver found element by locator---->By.cssSelector: #email
19:00:38.985  INFO  manager.MyListener - WebDriver start find element---->By.cssSelector: #password
19:00:39.001  INFO  manager.MyListener - WebDriver found element by locator---->By.cssSelector: #password
19:00:39.606  INFO  manager.MyListener - WebDriver start find element---->By.cssSelector: button[type='submit']
19:00:39.619  INFO  manager.MyListener - WebDriver found element by locator---->By.cssSelector: button[type='submit']
19:00:39.641  INFO  manager.MyListener - WebDriver start find element---->By.cssSelector: button[type='submit']
19:00:39.654  INFO  manager.MyListener - WebDriver found element by locator---->By.cssSelector: button[type='submit']
19:00:39.690  INFO  manager.MyListener - WebDriver start find element---->By.cssSelector: div.dialog-container
19:00:40.704  INFO  manager.MyListener - WebDriver found element by locator---->By.cssSelector: div.dialog-container
19:00:40.722  INFO  manager.MyListener - WebDriver start find element---->By.cssSelector: div.dialog-container h1
19:00:40.734  INFO  manager.MyListener - WebDriver found element by locator---->By.cssSelector: div.dialog-container h1
19:00:40.749  INFO  tests.LoginTest - Test passed
19:00:40.771  INFO  manager.MyListener - WebDriver start find element---->By.xpath: //button[text()='Ok']
19:00:40.785  INFO  manager.MyListener - WebDriver found element by locator---->By.xpath: //button[text()='Ok']
19:00:40.828  INFO  manager.MyListener - WebDriver start find element---->By.cssSelector: div[class='header'] a:nth-child(5)
19:00:40.840  INFO  manager.MyListener - WebDriver found element by locator---->By.cssSelector: div[class='header'] a:nth-child(5)
19:00:40.890  INFO  tests.LoginTest - Test stars with email: sonya@gmail.com&password:Ss12345$
19:00:40.891  INFO  manager.MyListener - WebDriver start find element---->By.cssSelector: div[class='header'] a:nth-child(6)
19:00:40.903  INFO  manager.MyListener - WebDriver found element by locator---->By.cssSelector: div[class='header'] a:nth-child(6)
19:00:40.952  INFO  manager.MyListener - WebDriver start find element---->By.cssSelector: #email
19:00:40.964  INFO  manager.MyListener - WebDriver found element by locator---->By.cssSelector: #email
19:00:42.335  INFO  manager.MyListener - WebDriver start find element---->By.cssSelector: #password
19:00:42.349  INFO  manager.MyListener - WebDriver found element by locator---->By.cssSelector: #password
19:00:42.940  INFO  manager.MyListener - WebDriver start find element---->By.cssSelector: button[type='submit']
19:00:42.952  INFO  manager.MyListener - WebDriver found element by locator---->By.cssSelector: button[type='submit']
19:00:42.973  INFO  manager.MyListener - WebDriver start find element---->By.cssSelector: button[type='submit']
19:00:42.983  INFO  manager.MyListener - WebDriver found element by locator---->By.cssSelector: button[type='submit']
19:00:43.014  INFO  manager.MyListener - WebDriver start find element---->By.cssSelector: div.dialog-container
19:00:43.946  INFO  manager.MyListener - WebDriver found element by locator---->By.cssSelector: div.dialog-container
19:00:43.958  INFO  manager.MyListener - WebDriver start find element---->By.cssSelector: div.dialog-container h1
19:00:43.970  INFO  manager.MyListener - WebDriver found element by locator---->By.cssSelector: div.dialog-container h1
19:00:43.983  INFO  tests.LoginTest - Test passed
19:00:43.994  INFO  manager.MyListener - WebDriver start find element---->By.xpath: //button[text()='Ok']
19:00:44.006  INFO  manager.MyListener - WebDriver found element by locator---->By.xpath: //button[text()='Ok']
19:00:44.049  INFO  manager.MyListener - WebDriver start find element---->By.cssSelector: div[class='header'] a:nth-child(5)
19:00:44.060  INFO  manager.MyListener - WebDriver found element by locator---->By.cssSelector: div[class='header'] a:nth-child(5)
19:00:44.123  INFO  tests.LoginTest - Test stars with email:
19:00:44.124  INFO  manager.MyListener - WebDriver start find element---->By.cssSelector: div[class='header'] a:nth-child(6)
19:00:44.137  INFO  manager.MyListener - WebDriver found element by locator---->By.cssSelector: div[class='header'] a:nth-child(6)
19:00:44.178  INFO  manager.MyListener - WebDriver start find element---->By.cssSelector: #email
19:00:44.192  INFO  manager.MyListener - WebDriver found element by locator---->By.cssSelector: #email
19:00:44.817  INFO  manager.MyListener - WebDriver start find element---->By.cssSelector: #password
19:00:44.832  INFO  manager.MyListener - WebDriver found element by locator---->By.cssSelector: #password
19:00:45.432  INFO  manager.MyListener - WebDriver start find element---->By.cssSelector: button[type='submit']
19:00:45.444  INFO  manager.MyListener - WebDriver found element by locator---->By.cssSelector: button[type='submit']
19:00:45.462  INFO  manager.MyListener - WebDriver start find element---->By.cssSelector: button[type='submit']
19:00:45.472  INFO  manager.MyListener - WebDriver found element by locator---->By.cssSelector: button[type='submit']
19:00:45.506  INFO  manager.MyListener - WebDriver start find element---->By.cssSelector: div.dialog-container
19:00:46.445  INFO  manager.MyListener - WebDriver found element by locator---->By.cssSelector: div.dialog-container
19:00:46.457  INFO  manager.MyListener - WebDriver start find element---->By.cssSelector: div.dialog-container h1
19:00:46.469  INFO  manager.MyListener - WebDriver found element by locator---->By.cssSelector: div.dialog-container h1
19:00:46.480  INFO  tests.LoginTest - Test passed
19:00:46.492  INFO  manager.MyListener - WebDriver start find element---->By.xpath: //button[text()='Ok']
19:00:46.504  INFO  manager.MyListener - WebDriver found element by locator---->By.xpath: //button[text()='Ok']
19:00:46.545  INFO  manager.MyListener - WebDriver start find element---->By.cssSelector: div[class='header'] a:nth-child(5)
19:00:46.556  INFO  manager.MyListener - WebDriver found element by locator---->By.cssSelector: div[class='header'] a:nth-child(5)
19:00:46.611  INFO  tests.LoginTest - Test stars with email:
19:00:46.611  INFO  manager.MyListener - WebDriver start find element---->By.cssSelector: div[class='header'] a:nth-child(6)
19:00:46.628  INFO  manager.MyListener - WebDriver found element by locator---->By.cssSelector: div[class='header'] a:nth-child(6)
19:00:46.673  INFO  manager.MyListener - WebDriver start find element---->By.cssSelector: #email
19:00:46.686  INFO  manager.MyListener - WebDriver found element by locator---->By.cssSelector: #email
19:00:47.299  INFO  manager.MyListener - WebDriver start find element---->By.cssSelector: #password
19:00:47.311  INFO  manager.MyListener - WebDriver found element by locator---->By.cssSelector: #password
19:00:47.909  INFO  manager.MyListener - WebDriver start find element---->By.cssSelector: button[type='submit']
19:00:47.921  INFO  manager.MyListener - WebDriver found element by locator---->By.cssSelector: button[type='submit']
19:00:47.940  INFO  manager.MyListener - WebDriver start find element---->By.cssSelector: button[type='submit']
19:00:47.950  INFO  manager.MyListener - WebDriver found element by locator---->By.cssSelector: button[type='submit']
19:00:47.981  INFO  manager.MyListener - WebDriver start find element---->By.cssSelector: div.dialog-container
19:00:48.310  INFO  manager.MyListener - WebDriver found element by locator---->By.cssSelector: div.dialog-container
19:00:48.840  INFO  manager.MyListener - WebDriver start find element---->By.cssSelector: div.dialog-container h1
19:00:48.851  INFO  manager.MyListener - WebDriver found element by locator---->By.cssSelector: div.dialog-container h1
19:00:48.862  INFO  tests.LoginTest - Test passed
19:00:48.873  INFO  manager.MyListener - WebDriver start find element---->By.xpath: //button[text()='Ok']
19:00:48.884  INFO  manager.MyListener - WebDriver found element by locator---->By.xpath: //button[text()='Ok']
19:00:48.927  INFO  manager.MyListener - WebDriver start find element---->By.cssSelector: div[class='header'] a:nth-child(5)
19:00:48.939  INFO  manager.MyListener - WebDriver found element by locator---->By.cssSelector: div[class='header'] a:nth-child(5)
19:00:48.995  INFO  tests.LoginTest - Test stars with email:
19:00:48.996  INFO  manager.MyListener - WebDriver start find element---->By.cssSelector: div[class='header'] a:nth-child(6)
19:00:49.011  INFO  manager.MyListener - WebDriver found element by locator---->By.cssSelector: div[class='header'] a:nth-child(6)
19:00:49.053  INFO  manager.MyListener - WebDriver start find element---->By.cssSelector: #email
19:00:49.066  INFO  manager.MyListener - WebDriver found element by locator---->By.cssSelector: #email
19:00:49.666  INFO  manager.MyListener - WebDriver start find element---->By.cssSelector: #password
19:00:49.679  INFO  manager.MyListener - WebDriver found element by locator---->By.cssSelector: #password
19:00:50.290  INFO  manager.MyListener - WebDriver start find element---->By.cssSelector: button[type='submit']
19:00:50.301  INFO  manager.MyListener - WebDriver found element by locator---->By.cssSelector: button[type='submit']
19:00:50.320  INFO  manager.MyListener - WebDriver start find element---->By.cssSelector: button[type='submit']
19:00:50.332  INFO  manager.MyListener - WebDriver found element by locator---->By.cssSelector: button[type='submit']
19:00:50.366  INFO  manager.MyListener - WebDriver start find element---->By.cssSelector: div.dialog-container
19:00:51.305  INFO  manager.MyListener - WebDriver found element by locator---->By.cssSelector: div.dialog-container
19:00:51.317  INFO  manager.MyListener - WebDriver start find element---->By.cssSelector: div.dialog-container h1
19:00:51.328  INFO  manager.MyListener - WebDriver found element by locator---->By.cssSelector: div.dialog-container h1
19:00:51.340  INFO  tests.LoginTest - Test passed
19:00:51.351  INFO  manager.MyListener - WebDriver start find element---->By.xpath: //button[text()='Ok']
19:00:51.362  INFO  manager.MyListener - WebDriver found element by locator---->By.xpath: //button[text()='Ok']
19:00:51.408  INFO  manager.MyListener - WebDriver start find element---->By.cssSelector: div[class='header'] a:nth-child(5)
19:00:51.418  INFO  manager.MyListener - WebDriver found element by locator---->By.cssSelector: div[class='header'] a:nth-child(5)
19:00:51.474  INFO  tests.LoginTest - Test stars with email:
19:00:51.475  INFO  manager.MyListener - WebDriver start find element---->By.cssSelector: div[class='header'] a:nth-child(6)
19:00:51.499  INFO  manager.MyListener - WebDriver found element by locator---->By.cssSelector: div[class='header'] a:nth-child(6)
19:00:51.560  INFO  manager.MyListener - WebDriver start find element---->By.cssSelector: #email
19:00:51.572  INFO  manager.MyListener - WebDriver found element by locator---->By.cssSelector: #email
19:00:52.180  INFO  manager.MyListener - WebDriver start find element---->By.cssSelector: #password
19:00:52.190  INFO  manager.MyListener - WebDriver found element by locator---->By.cssSelector: #password
19:00:52.785  INFO  manager.MyListener - WebDriver start find element---->By.cssSelector: button[type='submit']
19:00:52.797  INFO  manager.MyListener - WebDriver found element by locator---->By.cssSelector: button[type='submit']
19:00:52.818  INFO  manager.MyListener - WebDriver start find element---->By.cssSelector: button[type='submit']
19:00:52.828  INFO  manager.MyListener - WebDriver found element by locator---->By.cssSelector: button[type='submit']
19:00:52.860  INFO  manager.MyListener - WebDriver start find element---->By.cssSelector: div.dialog-container
19:00:53.185  INFO  manager.MyListener - WebDriver found element by locator---->By.cssSelector: div.dialog-container
19:00:53.708  INFO  manager.MyListener - WebDriver start find element---->By.cssSelector: div.dialog-container h1
19:00:53.719  INFO  manager.MyListener - WebDriver found element by locator---->By.cssSelector: div.dialog-container h1
19:00:53.731  INFO  tests.LoginTest - Test passed
19:00:53.745  INFO  manager.MyListener - WebDriver start find element---->By.xpath: //button[text()='Ok']
19:00:53.759  INFO  manager.MyListener - WebDriver found element by locator---->By.xpath: //button[text()='Ok']
19:00:53.806  INFO  manager.MyListener - WebDriver start find element---->By.cssSelector: div[class='header'] a:nth-child(5)
19:00:53.824  INFO  manager.MyListener - WebDriver found element by locator---->By.cssSelector: div[class='header'] a:nth-child(5)
19:00:53.885  INFO  tests.LoginTest - Test stars with email:noa@gmail.com &password:Nnoa12345$
19:00:53.885  INFO  manager.MyListener - WebDriver start find element---->By.cssSelector: div[class='header'] a:nth-child(6)
19:00:53.899  INFO  manager.MyListener - WebDriver found element by locator---->By.cssSelector: div[class='header'] a:nth-child(6)
19:00:53.936  INFO  manager.MyListener - WebDriver start find element---->By.cssSelector: #email
19:00:53.948  INFO  manager.MyListener - WebDriver found element by locator---->By.cssSelector: #email
19:00:55.275  INFO  manager.MyListener - WebDriver start find element---->By.cssSelector: #password
19:00:55.286  INFO  manager.MyListener - WebDriver found element by locator---->By.cssSelector: #password
19:00:55.878  INFO  manager.MyListener - WebDriver start find element---->By.cssSelector: button[type='submit']
19:00:55.890  INFO  manager.MyListener - WebDriver found element by locator---->By.cssSelector: button[type='submit']
19:00:55.907  INFO  manager.MyListener - WebDriver start find element---->By.cssSelector: button[type='submit']
19:00:55.918  INFO  manager.MyListener - WebDriver found element by locator---->By.cssSelector: button[type='submit']
19:00:55.951  INFO  manager.MyListener - WebDriver start find element---->By.cssSelector: div.dialog-container
19:00:57.015  INFO  manager.MyListener - WebDriver found element by locator---->By.cssSelector: div.dialog-container
19:00:57.027  INFO  manager.MyListener - WebDriver start find element---->By.cssSelector: div.dialog-container h1
19:00:57.036  INFO  manager.MyListener - WebDriver found element by locator---->By.cssSelector: div.dialog-container h1
19:00:57.048  INFO  tests.LoginTest - Test passed
19:00:57.061  INFO  manager.MyListener - WebDriver start find element---->By.xpath: //button[text()='Ok']
19:00:57.073  INFO  manager.MyListener - WebDriver found element by locator---->By.xpath: //button[text()='Ok']
19:00:57.137  INFO  manager.MyListener - WebDriver start find element---->By.cssSelector: div[class='header'] a:nth-child(5)
19:00:57.161  INFO  manager.MyListener - WebDriver found element by locator---->By.cssSelector: div[class='header'] a:nth-child(5)
19:00:57.228  INFO  manager.MyListener - WebDriver start find element---->By.cssSelector: div[class='header'] a:nth-child(5)
19:00:57.238  INFO  manager.MyListener - WebDriver found element by locator---->By.cssSelector: div[class='header'] a:nth-child(5)
19:00:57.291  INFO  manager.MyListener - WebDriver start find element---->By.id: name
19:00:57.305  INFO  manager.MyListener - WebDriver found element by locator---->By.id: name
19:00:57.892  INFO  manager.MyListener - WebDriver start find element---->By.id: lastName
19:00:57.906  INFO  manager.MyListener - WebDriver found element by locator---->By.id: lastName
19:00:58.497  INFO  manager.MyListener - WebDriver start find element---->By.id: email
19:00:58.508  INFO  manager.MyListener - WebDriver found element by locator---->By.id: email
19:00:59.116  INFO  manager.MyListener - WebDriver start find element---->By.id: password
19:00:59.129  INFO  manager.MyListener - WebDriver found element by locator---->By.id: password
19:00:59.723  INFO  manager.MyListener - WebDriver start find element---->By.cssSelector: button[type='submit']
19:00:59.735  INFO  manager.MyListener - WebDriver found element by locator---->By.cssSelector: button[type='submit']
19:00:59.758  INFO  manager.MyListener - WebDriver start find element---->By.cssSelector: button[type='submit']
19:00:59.769  INFO  manager.MyListener - WebDriver found element by locator---->By.cssSelector: button[type='submit']
19:00:59.803  INFO  manager.MyListener - WebDriver start find element---->By.cssSelector: div.dialog-container
19:01:00.175  INFO  manager.MyListener - WebDriver found element by locator---->By.cssSelector: div.dialog-container
19:01:00.188  INFO  manager.MyListener - WebDriver start find element---->By.cssSelector: div.dialog-container h1
19:01:00.197  INFO  manager.MyListener - WebDriver found element by locator---->By.cssSelector: div.dialog-container h1
19:01:00.221  INFO  manager.MyListener - WebDriver start find element---->By.xpath: //button[text()='Ok']
19:01:00.233  INFO  manager.MyListener - WebDriver found element by locator---->By.xpath: //button[text()='Ok']
19:01:05.281  INFO  manager.MyListener - WebDriver start find element---->By.cssSelector: div[class='header'] a:nth-child(5)
19:01:05.290  INFO  manager.MyListener - WebDriver found element by locator---->By.cssSelector: div[class='header'] a:nth-child(5)
19:01:05.337  INFO  manager.MyListener - WebDriver start find element---->By.id: name
19:01:05.347  INFO  manager.MyListener - WebDriver found element by locator---->By.id: name
19:01:05.937  INFO  manager.MyListener - WebDriver start find element---->By.id: lastName
19:01:05.948  INFO  manager.MyListener - WebDriver found element by locator---->By.id: lastName
19:01:06.578  INFO  manager.MyListener - WebDriver start find element---->By.id: email
19:01:06.589  INFO  manager.MyListener - WebDriver found element by locator---->By.id: email
19:01:07.207  INFO  manager.MyListener - WebDriver start find element---->By.id: password
19:01:07.217  INFO  manager.MyListener - WebDriver found element by locator---->By.id: password
19:01:07.827  INFO  manager.MyListener - WebDriver start find element---->By.cssSelector: button[type='submit']
19:01:07.836  INFO  manager.MyListener - WebDriver found element by locator---->By.cssSelector: button[type='submit']
19:01:07.855  INFO  manager.MyListener - WebDriver start find element---->By.cssSelector: button[type='submit']
19:01:07.864  INFO  manager.MyListener - WebDriver found element by locator---->By.cssSelector: button[type='submit']
19:01:07.890  INFO  manager.MyListener - WebDriver start find element---->By.cssSelector: div.dialog-container
19:01:08.154  INFO  manager.MyListener - WebDriver found element by locator---->By.cssSelector: div.dialog-container
19:01:08.683  INFO  manager.MyListener - WebDriver start find element---->By.cssSelector: div.dialog-container h1
19:01:08.692  INFO  manager.MyListener - WebDriver found element by locator---->By.cssSelector: div.dialog-container h1
19:01:08.716  INFO  manager.MyListener - WebDriver start find element---->By.xpath: //button[text()='Ok']
19:01:08.726  INFO  manager.MyListener - WebDriver found element by locator---->By.xpath: //button[text()='Ok']
19:01:13.791  INFO  manager.MyListener - WebDriver start find element---->By.cssSelector: div[class='header'] a:nth-child(5)
19:01:13.803  INFO  manager.MyListener - WebDriver found element by locator---->By.cssSelector: div[class='header'] a:nth-child(5)
19:01:13.851  INFO  manager.MyListener - WebDriver start find element---->By.id: name
19:01:13.861  INFO  manager.MyListener - WebDriver found element by locator---->By.id: name
19:01:14.441  INFO  manager.MyListener - WebDriver start find element---->By.id: lastName
19:01:14.452  INFO  manager.MyListener - WebDriver found element by locator---->By.id: lastName
19:01:15.029  INFO  manager.MyListener - WebDriver start find element---->By.id: email
19:01:15.040  INFO  manager.MyListener - WebDriver found element by locator---->By.id: email
19:01:15.634  INFO  manager.MyListener - WebDriver start find element---->By.id: password
19:01:15.646  INFO  manager.MyListener - WebDriver found element by locator---->By.id: password
19:01:16.249  INFO  manager.MyListener - WebDriver start find element---->By.cssSelector: button[type='submit']
19:01:16.258  INFO  manager.MyListener - WebDriver found element by locator---->By.cssSelector: button[type='submit']
19:01:16.281  INFO  manager.MyListener - WebDriver start find element---->By.cssSelector: button[type='submit']
19:01:16.294  INFO  manager.MyListener - WebDriver found element by locator---->By.cssSelector: button[type='submit']
19:01:16.319  INFO  manager.MyListener - WebDriver start find element---->By.cssSelector: div.dialog-container
19:01:16.587  INFO  manager.MyListener - WebDriver found element by locator---->By.cssSelector: div.dialog-container
19:01:16.598  INFO  manager.MyListener - WebDriver start find element---->By.cssSelector: div.dialog-container h1
19:01:16.608  INFO  manager.MyListener - WebDriver found element by locator---->By.cssSelector: div.dialog-container h1
19:01:16.633  INFO  manager.MyListener - WebDriver start find element---->By.xpath: //button[text()='Ok']
19:01:16.644  INFO  manager.MyListener - WebDriver found element by locator---->By.xpath: //button[text()='Ok']
19:01:21.709  INFO  manager.MyListener - WebDriver start find element---->By.cssSelector: div[class='header'] a:nth-child(5)
19:01:21.719  INFO  manager.MyListener - WebDriver found element by locator---->By.cssSelector: div[class='header'] a:nth-child(5)
19:01:21.756  INFO  manager.MyListener - WebDriver start find element---->By.id: name
19:01:21.767  INFO  manager.MyListener - WebDriver found element by locator---->By.id: name
19:01:22.360  INFO  manager.MyListener - WebDriver start find element---->By.id: lastName
19:01:22.371  INFO  manager.MyListener - WebDriver found element by locator---->By.id: lastName
19:01:22.948  INFO  manager.MyListener - WebDriver start find element---->By.id: email
19:01:22.959  INFO  manager.MyListener - WebDriver found element by locator---->By.id: email
19:01:23.563  INFO  manager.MyListener - WebDriver start find element---->By.id: password
19:01:23.577  INFO  manager.MyListener - WebDriver found element by locator---->By.id: password
19:01:24.322  INFO  manager.MyListener - WebDriver start find element---->By.cssSelector: button[type='submit']
19:01:24.346  INFO  manager.MyListener - WebDriver found element by locator---->By.cssSelector: button[type='submit']
19:01:24.381  INFO  manager.MyListener - WebDriver start find element---->By.cssSelector: button[type='submit']
19:01:24.430  INFO  manager.MyListener - WebDriver found element by locator---->By.cssSelector: button[type='submit']
19:01:24.532  INFO  manager.MyListener - WebDriver start find element---->By.cssSelector: div.dialog-container
19:01:24.801  INFO  manager.MyListener - WebDriver found element by locator---->By.cssSelector: div.dialog-container
19:01:24.815  INFO  manager.MyListener - WebDriver start find element---->By.cssSelector: div.dialog-container h1
19:01:24.831  INFO  manager.MyListener - WebDriver found element by locator---->By.cssSelector: div.dialog-container h1
19:01:24.872  INFO  manager.MyListener - WebDriver start find element---->By.xpath: //button[text()='Ok']
19:01:24.881  INFO  manager.MyListener - WebDriver found element by locator---->By.xpath: //button[text()='Ok']
19:01:29.954  INFO  manager.MyListener - WebDriver start find element---->By.cssSelector: div[class='header'] a:nth-child(5)
19:01:29.965  INFO  manager.MyListener - WebDriver found element by locator---->By.cssSelector: div[class='header'] a:nth-child(5)
19:01:30.006  INFO  manager.MyListener - WebDriver start find element---->By.id: name
19:01:30.016  INFO  manager.MyListener - WebDriver found element by locator---->By.id: name
19:01:30.618  INFO  manager.MyListener - WebDriver start find element---->By.id: lastName
19:01:30.629  INFO  manager.MyListener - WebDriver found element by locator---->By.id: lastName
19:01:31.229  INFO  manager.MyListener - WebDriver start find element---->By.id: email
19:01:31.238  INFO  manager.MyListener - WebDriver found element by locator---->By.id: email
19:01:31.844  INFO  manager.MyListener - WebDriver start find element---->By.id: password
19:01:31.853  INFO  manager.MyListener - WebDriver found element by locator---->By.id: password
19:01:32.453  INFO  manager.MyListener - WebDriver start find element---->By.cssSelector: button[type='submit']
19:01:32.465  INFO  manager.MyListener - WebDriver found element by locator---->By.cssSelector: button[type='submit']
19:01:32.483  INFO  manager.MyListener - WebDriver start find element---->By.cssSelector: button[type='submit']
19:01:32.494  INFO  manager.MyListener - WebDriver found element by locator---->By.cssSelector: button[type='submit']
19:01:32.517  INFO  manager.MyListener - WebDriver start find element---->By.cssSelector: div.dialog-container
19:01:32.838  INFO  manager.MyListener - WebDriver found element by locator---->By.cssSelector: div.dialog-container
19:01:33.364  INFO  manager.MyListener - WebDriver start find element---->By.cssSelector: div.dialog-container h1
19:01:33.373  INFO  manager.MyListener - WebDriver found element by locator---->By.cssSelector: div.dialog-container h1
19:01:33.395  INFO  manager.MyListener - WebDriver start find element---->By.xpath: //button[text()='Ok']
19:01:33.405  INFO  manager.MyListener - WebDriver found element by locator---->By.xpath: //button[text()='Ok']
19:01:33.444  INFO  manager.MyListener - WebDriver start find element---->By.cssSelector: div[class='header'] a:nth-child(5)
19:01:33.453  INFO  manager.MyListener - WebDriver found element by locator---->By.cssSelector: div[class='header'] a:nth-child(5)
19:01:33.533  INFO  manager.MyListener - WebDriver start find element---->By.cssSelector: div[class='header'] a:nth-child(5)
19:01:33.543  INFO  manager.MyListener - WebDriver found element by locator---->By.cssSelector: div[class='header'] a:nth-child(5)
19:01:33.584  INFO  manager.MyListener - WebDriver start find element---->By.id: name
19:01:33.594  INFO  manager.MyListener - WebDriver found element by locator---->By.id: name
19:01:34.181  INFO  manager.MyListener - WebDriver start find element---->By.id: lastName
19:01:34.191  INFO  manager.MyListener - WebDriver found element by locator---->By.id: lastName
19:01:34.772  INFO  manager.MyListener - WebDriver start find element---->By.id: email
19:01:34.782  INFO  manager.MyListener - WebDriver found element by locator---->By.id: email
19:01:35.394  INFO  manager.MyListener - WebDriver start find element---->By.id: password
19:01:35.405  INFO  manager.MyListener - WebDriver found element by locator---->By.id: password
19:01:35.995  INFO  manager.MyListener - WebDriver start find element---->By.cssSelector: label[for='terms-of-use']
19:01:36.007  INFO  manager.MyListener - WebDriver found element by locator---->By.cssSelector: label[for='terms-of-use']
19:01:36.366  INFO  manager.MyListener - WebDriver start find element---->By.cssSelector: div.error div:first-child
19:01:36.380  INFO  manager.MyListener - WebDriver found element by locator---->By.cssSelector: div.error div:first-child
19:01:36.393  INFO  manager.MyListener - WebDriver start find element---->By.cssSelector: div.error div:last-child
19:01:36.405  INFO  manager.MyListener - WebDriver found element by locator---->By.cssSelector: div.error div:last-child
19:01:36.430  INFO  manager.MyListener - WebDriver start find element---->By.cssSelector: [type=submit]
19:01:36.442  INFO  manager.MyListener - WebDriver found element by locator---->By.cssSelector: [type=submit]
