20:54:26.549  INFO  manager.ApplicationManager - All tests run in chrome browser
20:54:29.073  INFO  manager.ApplicationManager - Current Url---->https://ilcarro-1578153671498.web.app/search
20:54:29.105  INFO  manager.MyListener - WebDriver start find element---->By.id: city
20:54:29.138  INFO  manager.MyListener - WebDriver found element by locator---->By.id: city
20:54:29.763  INFO  manager.MyListener - WebDriver start find element---->By.cssSelector: .pac-item
20:54:30.152  INFO  manager.MyListener - WebDriver found element by locator---->By.cssSelector: .pac-item
20:54:30.688  INFO  manager.MyListener - WebDriver start find element---->By.id: dates
20:54:30.708  INFO  manager.MyListener - WebDriver found element by locator---->By.id: dates
20:54:30.788  INFO  manager.MyListener - WebDriver start find element---->By.cssSelector: button[aria-label='Next month']
20:54:30.807  INFO  manager.MyListener - WebDriver found element by locator---->By.cssSelector: button[aria-label='Next month']
20:54:30.855  INFO  manager.MyListener - WebDriver start find element---->By.xpath: //div[text()=' 10 ']
20:54:30.904  INFO  manager.MyListener - WebDriver found element by locator---->By.xpath: //div[text()=' 10 ']
20:54:30.959  INFO  manager.MyListener - WebDriver start find element---->By.xpath: //div[text()=' 2022 ']
20:54:35.979  INFO  manager.MyListener - The name of method with error-->findElement
20:54:35.982  INFO  manager.MyListener - We have a problem--->org.openqa.selenium.NoSuchElementException: no such element: Unable to locate element: {"method":"xpath","selector":"//div[text()=' 2022 ']"}
  (Session info: chrome=103.0.5060.114)
For documentation on this error, please visit: https://selenium.dev/exceptions/#no_such_element
Build info: version: '4.2.2', revision: '683ccb65d6'
System info: host: 'DESKTOP-O54QV38', ip: '192.168.14.148', os.name: 'Windows 10', os.arch: 'amd64', os.version: '10.0', java.version: '13.0.2'
Driver info: org.openqa.selenium.chrome.ChromeDriver
Command: [504ff6ad92f21fb5bfcc360488cc6cdc, findElement {using=xpath, value=//div[text()=' 2022 ']}]
Capabilities {acceptInsecureCerts: false, browserName: chrome, browserVersion: 103.0.5060.114, chrome: {chromedriverVersion: 102.0.5005.27 (df4a85108ffa..., userDataDir: C:\Users\allan\AppData\Loca...}, goog:chromeOptions: {debuggerAddress: localhost:50707}, networkConnectionEnabled: false, pageLoadStrategy: normal, platformName: WINDOWS, proxy: Proxy(), se:cdp: ws://localhost:50707/devtoo..., se:cdpVersion: 103.0.5060.114, setWindowRect: true, strictFileInteractability: false, timeouts: {implicit: 0, pageLoad: 300000, script: 30000}, unhandledPromptBehavior: dismiss and notify, webauthn:extension:credBlob: true, webauthn:extension:largeBlob: true, webauthn:virtualAuthenticators: true}
Session ID: 504ff6ad92f21fb5bfcc360488cc6cdc
