19:35:17.064  INFO  manager.ApplicationManager - All tests run in chrome browser
19:35:18.422  INFO  manager.ApplicationManager - Current Url---->https://ilcarro-1578153671498.web.app/search
19:35:23.492  INFO  manager.MyListener - WebDriver start find element---->By.cssSelector: div[class='header'] a:nth-child(6)
19:35:23.516  INFO  manager.MyListener - WebDriver found element by locator---->By.cssSelector: div[class='header'] a:nth-child(6)
19:35:23.569  INFO  manager.MyListener - WebDriver start find element---->By.cssSelector: #email
19:35:23.598  INFO  manager.MyListener - WebDriver found element by locator---->By.cssSelector: #email
19:35:24.237  INFO  manager.MyListener - WebDriver start find element---->By.cssSelector: #password
19:35:24.256  INFO  manager.MyListener - WebDriver found element by locator---->By.cssSelector: #password
19:35:24.850  INFO  manager.MyListener - WebDriver start find element---->By.cssSelector: button[type='submit']
19:35:24.869  INFO  manager.MyListener - WebDriver found element by locator---->By.cssSelector: button[type='submit']
19:35:24.902  INFO  manager.MyListener - WebDriver start find element---->By.cssSelector: button[type='submit']
19:35:24.917  INFO  manager.MyListener - WebDriver found element by locator---->By.cssSelector: button[type='submit']
19:35:25.911  INFO  manager.MyListener - WebDriver start find element---->By.xpath: //button[text()='Ok']
19:35:25.937  INFO  manager.MyListener - WebDriver found element by locator---->By.xpath: //button[text()='Ok']
19:35:26.974  INFO  manager.MyListener - WebDriver start find element---->By.id: 1
19:35:26.991  INFO  manager.MyListener - WebDriver found element by locator---->By.id: 1
19:35:27.058  INFO  manager.MyListener - WebDriver start find element---->By.id: pickUpPlace
19:35:27.084  INFO  manager.MyListener - WebDriver found element by locator---->By.id: pickUpPlace
19:35:27.726  INFO  manager.MyListener - WebDriver start find element---->By.cssSelector: div.pac-item
19:35:28.061  INFO  manager.MyListener - WebDriver found element by locator---->By.cssSelector: div.pac-item
19:35:28.605  INFO  manager.MyListener - WebDriver start find element---->By.id: make
19:35:28.622  INFO  manager.MyListener - WebDriver found element by locator---->By.id: make
19:35:29.222  INFO  manager.MyListener - WebDriver start find element---->By.id: model
19:35:29.240  INFO  manager.MyListener - WebDriver found element by locator---->By.id: model
19:35:29.841  INFO  manager.MyListener - WebDriver start find element---->By.id: year
19:35:29.857  INFO  manager.MyListener - WebDriver found element by locator---->By.id: year
19:35:30.459  INFO  manager.MyListener - WebDriver start find element---->By.id: engine
19:35:30.476  INFO  manager.MyListener - WebDriver found element by locator---->By.id: engine
19:35:31.087  INFO  manager.MyListener - WebDriver start find element---->By.id: fuel
19:35:31.105  INFO  manager.MyListener - WebDriver found element by locator---->By.id: fuel
19:35:31.171  INFO  manager.MyListener - WebDriver start find element---->By.id: gear
19:35:31.195  INFO  manager.MyListener - WebDriver found element by locator---->By.id: gear
19:35:31.248  INFO  manager.MyListener - WebDriver start find element---->By.id: wheelsDrive
19:35:31.269  INFO  manager.MyListener - WebDriver found element by locator---->By.id: wheelsDrive
19:35:31.325  INFO  manager.MyListener - WebDriver start find element---->By.id: doors
19:35:31.340  INFO  manager.MyListener - WebDriver found element by locator---->By.id: doors
19:35:31.943  INFO  manager.MyListener - WebDriver start find element---->By.id: seats
19:35:31.959  INFO  manager.MyListener - WebDriver found element by locator---->By.id: seats
19:35:32.563  INFO  manager.MyListener - WebDriver start find element---->By.id: class
19:35:32.580  INFO  manager.MyListener - WebDriver found element by locator---->By.id: class
19:35:33.179  INFO  manager.MyListener - WebDriver start find element---->By.id: fuelConsumption
19:35:33.194  INFO  manager.MyListener - WebDriver found element by locator---->By.id: fuelConsumption
19:35:33.797  INFO  manager.MyListener - WebDriver start find element---->By.id: serialNumber
19:35:33.811  INFO  manager.MyListener - WebDriver found element by locator---->By.id: serialNumber
19:35:34.421  INFO  manager.MyListener - WebDriver start find element---->By.id: price
19:35:34.435  INFO  manager.MyListener - WebDriver found element by locator---->By.id: price
19:35:35.042  INFO  manager.MyListener - WebDriver start find element---->By.id: distance
19:35:35.056  INFO  manager.MyListener - WebDriver found element by locator---->By.id: distance
19:35:35.667  INFO  manager.MyListener - WebDriver start find element---->By.cssSelector: input[placeholder='Type feature']
19:35:35.686  INFO  manager.MyListener - WebDriver found element by locator---->By.cssSelector: input[placeholder='Type feature']
19:35:36.286  INFO  manager.MyListener - WebDriver start find element---->By.id: about
19:35:36.300  INFO  manager.MyListener - WebDriver found element by locator---->By.id: about
19:35:36.903  INFO  manager.MyListener - WebDriver start find element---->By.id: photos
19:35:36.920  INFO  manager.MyListener - WebDriver found element by locator---->By.id: photos
19:35:36.962  INFO  manager.MyListener - WebDriver start find element---->By.cssSelector: button[type='submit']
19:35:36.978  INFO  manager.MyListener - WebDriver found element by locator---->By.cssSelector: button[type='submit']
19:35:38.576  INFO  manager.MyListener - WebDriver start find element---->By.cssSelector: button[type='submit']
19:35:38.587  INFO  manager.MyListener - WebDriver found element by locator---->By.cssSelector: button[type='submit']
19:35:38.621  INFO  manager.MyListener - WebDriver start find element---->By.cssSelector: div.dialog-container
19:35:39.957  INFO  manager.MyListener - WebDriver found element by locator---->By.cssSelector: div.dialog-container
19:35:39.969  INFO  manager.MyListener - WebDriver start find element---->By.cssSelector: div.dialog-container h1
19:35:39.984  INFO  manager.MyListener - WebDriver found element by locator---->By.cssSelector: div.dialog-container h1
19:35:40.000  INFO  manager.MyListener - WebDriver start find element---->By.xpath: //button[text()='Search cars']
19:35:40.014  INFO  manager.MyListener - WebDriver found element by locator---->By.xpath: //button[text()='Search cars']
19:35:40.067  INFO  manager.MyListener - WebDriver start find element---->By.cssSelector: div[class='header'] a:nth-child(5)
19:35:40.081  INFO  manager.MyListener - WebDriver found element by locator---->By.cssSelector: div[class='header'] a:nth-child(5)
19:35:40.204  INFO  tests.LoginTest - Test stars with email: noam@gmail.com&password:Nnoa12345$
19:35:40.204  INFO  manager.MyListener - WebDriver start find element---->By.cssSelector: div[class='header'] a:nth-child(6)
19:35:40.220  INFO  manager.MyListener - WebDriver found element by locator---->By.cssSelector: div[class='header'] a:nth-child(6)
19:35:40.257  INFO  manager.MyListener - WebDriver start find element---->By.cssSelector: #email
19:35:40.274  INFO  manager.MyListener - WebDriver found element by locator---->By.cssSelector: #email
19:35:41.650  INFO  manager.MyListener - WebDriver start find element---->By.cssSelector: #password
19:35:41.665  INFO  manager.MyListener - WebDriver found element by locator---->By.cssSelector: #password
19:35:42.267  INFO  manager.MyListener - WebDriver start find element---->By.cssSelector: button[type='submit']
19:35:42.279  INFO  manager.MyListener - WebDriver found element by locator---->By.cssSelector: button[type='submit']
19:35:42.298  INFO  manager.MyListener - WebDriver start find element---->By.cssSelector: button[type='submit']
19:35:42.307  INFO  manager.MyListener - WebDriver found element by locator---->By.cssSelector: button[type='submit']
19:35:42.339  INFO  manager.MyListener - WebDriver start find element---->By.cssSelector: div.dialog-container
19:35:43.285  INFO  manager.MyListener - WebDriver found element by locator---->By.cssSelector: div.dialog-container
19:35:43.298  INFO  manager.MyListener - WebDriver start find element---->By.cssSelector: div.dialog-container h1
19:35:43.310  INFO  manager.MyListener - WebDriver found element by locator---->By.cssSelector: div.dialog-container h1
19:35:43.322  INFO  tests.LoginTest - Test passed
19:35:43.338  INFO  manager.MyListener - WebDriver start find element---->By.xpath: //button[text()='Ok']
19:35:43.352  INFO  manager.MyListener - WebDriver found element by locator---->By.xpath: //button[text()='Ok']
19:35:43.392  INFO  manager.MyListener - WebDriver start find element---->By.cssSelector: div[class='header'] a:nth-child(5)
19:35:43.404  INFO  manager.MyListener - WebDriver found element by locator---->By.cssSelector: div[class='header'] a:nth-child(5)
19:35:43.460  INFO  tests.LoginTest - Test stars with email: sonya@gmail.com&password:Ss12345$
19:35:43.461  INFO  manager.MyListener - WebDriver start find element---->By.cssSelector: div[class='header'] a:nth-child(6)
19:35:43.480  INFO  manager.MyListener - WebDriver found element by locator---->By.cssSelector: div[class='header'] a:nth-child(6)
19:35:43.524  INFO  manager.MyListener - WebDriver start find element---->By.cssSelector: #email
19:35:43.536  INFO  manager.MyListener - WebDriver found element by locator---->By.cssSelector: #email
19:35:44.882  INFO  manager.MyListener - WebDriver start find element---->By.cssSelector: #password
19:35:44.894  INFO  manager.MyListener - WebDriver found element by locator---->By.cssSelector: #password
19:35:45.496  INFO  manager.MyListener - WebDriver start find element---->By.cssSelector: button[type='submit']
19:35:45.508  INFO  manager.MyListener - WebDriver found element by locator---->By.cssSelector: button[type='submit']
19:35:45.527  INFO  manager.MyListener - WebDriver start find element---->By.cssSelector: button[type='submit']
19:35:45.538  INFO  manager.MyListener - WebDriver found element by locator---->By.cssSelector: button[type='submit']
19:35:45.570  INFO  manager.MyListener - WebDriver start find element---->By.cssSelector: div.dialog-container
19:35:46.513  INFO  manager.MyListener - WebDriver found element by locator---->By.cssSelector: div.dialog-container
19:35:46.526  INFO  manager.MyListener - WebDriver start find element---->By.cssSelector: div.dialog-container h1
19:35:46.538  INFO  manager.MyListener - WebDriver found element by locator---->By.cssSelector: div.dialog-container h1
19:35:46.550  INFO  tests.LoginTest - Test passed
19:35:46.561  INFO  manager.MyListener - WebDriver start find element---->By.xpath: //button[text()='Ok']
19:35:46.575  INFO  manager.MyListener - WebDriver found element by locator---->By.xpath: //button[text()='Ok']
19:35:46.617  INFO  manager.MyListener - WebDriver start find element---->By.cssSelector: div[class='header'] a:nth-child(5)
19:35:46.628  INFO  manager.MyListener - WebDriver found element by locator---->By.cssSelector: div[class='header'] a:nth-child(5)
19:35:46.682  INFO  tests.LoginTest - Test stars with email: noam@gmail.com&password:Nnoa12345$
19:35:46.682  INFO  manager.MyListener - WebDriver start find element---->By.cssSelector: div[class='header'] a:nth-child(6)
19:35:46.703  INFO  manager.MyListener - WebDriver found element by locator---->By.cssSelector: div[class='header'] a:nth-child(6)
19:35:46.745  INFO  manager.MyListener - WebDriver start find element---->By.cssSelector: #email
19:35:46.758  INFO  manager.MyListener - WebDriver found element by locator---->By.cssSelector: #email
19:35:48.101  INFO  manager.MyListener - WebDriver start find element---->By.cssSelector: #password
19:35:48.113  INFO  manager.MyListener - WebDriver found element by locator---->By.cssSelector: #password
19:35:48.706  INFO  manager.MyListener - WebDriver start find element---->By.cssSelector: button[type='submit']
19:35:48.717  INFO  manager.MyListener - WebDriver found element by locator---->By.cssSelector: button[type='submit']
19:35:48.738  INFO  manager.MyListener - WebDriver start find element---->By.cssSelector: button[type='submit']
19:35:48.750  INFO  manager.MyListener - WebDriver found element by locator---->By.cssSelector: button[type='submit']
19:35:48.781  INFO  manager.MyListener - WebDriver start find element---->By.cssSelector: div.dialog-container
19:35:49.660  INFO  manager.MyListener - WebDriver found element by locator---->By.cssSelector: div.dialog-container
19:35:49.673  INFO  manager.MyListener - WebDriver start find element---->By.cssSelector: div.dialog-container h1
19:35:49.684  INFO  manager.MyListener - WebDriver found element by locator---->By.cssSelector: div.dialog-container h1
19:35:49.697  INFO  tests.LoginTest - Test passed
19:35:49.708  INFO  manager.MyListener - WebDriver start find element---->By.xpath: //button[text()='Ok']
19:35:49.720  INFO  manager.MyListener - WebDriver found element by locator---->By.xpath: //button[text()='Ok']
19:35:49.762  INFO  manager.MyListener - WebDriver start find element---->By.cssSelector: div[class='header'] a:nth-child(5)
19:35:49.772  INFO  manager.MyListener - WebDriver found element by locator---->By.cssSelector: div[class='header'] a:nth-child(5)
19:35:49.824  INFO  tests.LoginTest - Test stars with email: sonya@gmail.com&password:Ss12345$
19:35:49.825  INFO  manager.MyListener - WebDriver start find element---->By.cssSelector: div[class='header'] a:nth-child(6)
19:35:49.835  INFO  manager.MyListener - WebDriver found element by locator---->By.cssSelector: div[class='header'] a:nth-child(6)
19:35:49.878  INFO  manager.MyListener - WebDriver start find element---->By.cssSelector: #email
19:35:49.889  INFO  manager.MyListener - WebDriver found element by locator---->By.cssSelector: #email
19:35:51.207  INFO  manager.MyListener - WebDriver start find element---->By.cssSelector: #password
19:35:51.220  INFO  manager.MyListener - WebDriver found element by locator---->By.cssSelector: #password
19:35:51.822  INFO  manager.MyListener - WebDriver start find element---->By.cssSelector: button[type='submit']
19:35:51.836  INFO  manager.MyListener - WebDriver found element by locator---->By.cssSelector: button[type='submit']
19:35:51.855  INFO  manager.MyListener - WebDriver start find element---->By.cssSelector: button[type='submit']
19:35:51.865  INFO  manager.MyListener - WebDriver found element by locator---->By.cssSelector: button[type='submit']
19:35:51.898  INFO  manager.MyListener - WebDriver start find element---->By.cssSelector: div.dialog-container
19:35:52.772  INFO  manager.MyListener - WebDriver found element by locator---->By.cssSelector: div.dialog-container
19:35:52.784  INFO  manager.MyListener - WebDriver start find element---->By.cssSelector: div.dialog-container h1
19:35:52.793  INFO  manager.MyListener - WebDriver found element by locator---->By.cssSelector: div.dialog-container h1
19:35:52.804  INFO  tests.LoginTest - Test passed
19:35:52.814  INFO  manager.MyListener - WebDriver start find element---->By.xpath: //button[text()='Ok']
19:35:52.825  INFO  manager.MyListener - WebDriver found element by locator---->By.xpath: //button[text()='Ok']
19:35:52.866  INFO  manager.MyListener - WebDriver start find element---->By.cssSelector: div[class='header'] a:nth-child(5)
19:35:52.877  INFO  manager.MyListener - WebDriver found element by locator---->By.cssSelector: div[class='header'] a:nth-child(5)
19:35:52.927  INFO  manager.MyListener - WebDriver start find element---->By.cssSelector: div[class='header'] a:nth-child(5)
19:35:52.937  INFO  manager.MyListener - WebDriver found element by locator---->By.cssSelector: div[class='header'] a:nth-child(5)
19:35:52.991  INFO  manager.MyListener - WebDriver start find element---->By.id: name
19:35:53.006  INFO  manager.MyListener - WebDriver found element by locator---->By.id: name
19:35:53.595  INFO  manager.MyListener - WebDriver start find element---->By.id: lastName
19:35:53.608  INFO  manager.MyListener - WebDriver found element by locator---->By.id: lastName
19:35:54.201  INFO  manager.MyListener - WebDriver start find element---->By.id: email
19:35:54.212  INFO  manager.MyListener - WebDriver found element by locator---->By.id: email
19:35:54.825  INFO  manager.MyListener - WebDriver start find element---->By.id: password
19:35:54.837  INFO  manager.MyListener - WebDriver found element by locator---->By.id: password
19:35:55.426  INFO  manager.MyListener - WebDriver start find element---->By.cssSelector: label[for='terms-of-use']
19:35:55.439  INFO  manager.MyListener - WebDriver found element by locator---->By.cssSelector: label[for='terms-of-use']
19:35:55.805  INFO  manager.MyListener - WebDriver start find element---->By.cssSelector: button[type='submit']
19:35:55.818  INFO  manager.MyListener - WebDriver found element by locator---->By.cssSelector: button[type='submit']
19:35:55.841  INFO  manager.MyListener - WebDriver start find element---->By.cssSelector: button[type='submit']
19:35:55.851  INFO  manager.MyListener - WebDriver found element by locator---->By.cssSelector: button[type='submit']
19:35:55.884  INFO  manager.MyListener - WebDriver start find element---->By.cssSelector: div.dialog-container
19:35:56.333  INFO  manager.MyListener - WebDriver found element by locator---->By.cssSelector: div.dialog-container
19:35:56.346  INFO  manager.MyListener - WebDriver start find element---->By.cssSelector: div.dialog-container h1
19:35:56.356  INFO  manager.MyListener - WebDriver found element by locator---->By.cssSelector: div.dialog-container h1
19:35:56.378  INFO  manager.MyListener - WebDriver start find element---->By.xpath: //button[text()='Ok']
19:35:56.388  INFO  manager.MyListener - WebDriver found element by locator---->By.xpath: //button[text()='Ok']
19:35:56.427  INFO  manager.MyListener - WebDriver start find element---->By.cssSelector: div[class='header'] a:nth-child(5)
19:35:56.436  INFO  manager.MyListener - WebDriver found element by locator---->By.cssSelector: div[class='header'] a:nth-child(5)
19:35:56.491  INFO  manager.MyListener - WebDriver start find element---->By.cssSelector: div[class='header'] a:nth-child(5)
19:35:56.501  INFO  manager.MyListener - WebDriver found element by locator---->By.cssSelector: div[class='header'] a:nth-child(5)
19:35:56.550  INFO  manager.MyListener - WebDriver start find element---->By.id: name
19:35:56.562  INFO  manager.MyListener - WebDriver found element by locator---->By.id: name
19:35:57.150  INFO  manager.MyListener - WebDriver start find element---->By.id: lastName
19:35:57.161  INFO  manager.MyListener - WebDriver found element by locator---->By.id: lastName
19:35:57.746  INFO  manager.MyListener - WebDriver start find element---->By.id: email
19:35:57.756  INFO  manager.MyListener - WebDriver found element by locator---->By.id: email
19:35:58.364  INFO  manager.MyListener - WebDriver start find element---->By.id: password
19:35:58.374  INFO  manager.MyListener - WebDriver found element by locator---->By.id: password
19:35:58.965  INFO  manager.MyListener - WebDriver start find element---->By.cssSelector: label[for='terms-of-use']
19:35:58.974  INFO  manager.MyListener - WebDriver found element by locator---->By.cssSelector: label[for='terms-of-use']
19:35:59.321  INFO  manager.MyListener - WebDriver start find element---->By.cssSelector: div.error div:first-child
19:35:59.335  INFO  manager.MyListener - WebDriver found element by locator---->By.cssSelector: div.error div:first-child
19:35:59.348  INFO  manager.MyListener - WebDriver start find element---->By.cssSelector: div.error div:last-child
19:35:59.359  INFO  manager.MyListener - WebDriver found element by locator---->By.cssSelector: div.error div:last-child
19:35:59.383  INFO  manager.MyListener - WebDriver start find element---->By.cssSelector: [type=submit]
19:35:59.396  INFO  manager.MyListener - WebDriver found element by locator---->By.cssSelector: [type=submit]
19:36:04.430  INFO  manager.MyListener - WebDriver start find element---->By.id: city
19:36:09.473  INFO  manager.MyListener - The name of method with error-->findElement
19:36:09.475  INFO  manager.MyListener - We have a problem--->org.openqa.selenium.NoSuchElementException: no such element: Unable to locate element: {"method":"css selector","selector":"#city"}
  (Session info: chrome=103.0.5060.114)
For documentation on this error, please visit: https://selenium.dev/exceptions/#no_such_element
Build info: version: '4.2.2', revision: '683ccb65d6'
System info: host: 'DESKTOP-O54QV38', ip: '192.168.14.148', os.name: 'Windows 10', os.arch: 'amd64', os.version: '10.0', java.version: '13.0.2'
Driver info: org.openqa.selenium.chrome.ChromeDriver
Command: [0f730b68642aefd83c9c259466e60888, findElement {using=id, value=city}]
Capabilities {acceptInsecureCerts: false, browserName: chrome, browserVersion: 103.0.5060.114, chrome: {chromedriverVersion: 102.0.5005.27 (df4a85108ffa..., userDataDir: C:\Users\allan\AppData\Loca...}, goog:chromeOptions: {debuggerAddress: localhost:52129}, networkConnectionEnabled: false, pageLoadStrategy: normal, platformName: WINDOWS, proxy: Proxy(), se:cdp: ws://localhost:52129/devtoo..., se:cdpVersion: 103.0.5060.114, setWindowRect: true, strictFileInteractability: false, timeouts: {implicit: 0, pageLoad: 300000, script: 30000}, unhandledPromptBehavior: dismiss and notify, webauthn:extension:credBlob: true, webauthn:extension:largeBlob: true, webauthn:virtualAuthenticators: true}
Session ID: 0f730b68642aefd83c9c259466e60888
19:36:09.477  INFO  manager.MyListener - WebDriver start find element---->By.cssSelector: .logo
19:36:09.491  INFO  manager.MyListener - WebDriver found element by locator---->By.cssSelector: .logo
19:36:09.868  INFO  manager.MyListener - WebDriver start find element---->By.id: city
19:36:09.881  INFO  manager.MyListener - WebDriver found element by locator---->By.id: city
19:36:10.999  INFO  manager.MyListener - WebDriver start find element---->By.cssSelector: .pac-item
19:36:11.012  INFO  manager.MyListener - WebDriver found element by locator---->By.cssSelector: .pac-item
19:36:11.553  INFO  manager.MyListener - WebDriver start find element---->By.id: dates
19:36:11.566  INFO  manager.MyListener - WebDriver found element by locator---->By.id: dates
19:36:11.625  INFO  manager.MyListener - WebDriver start find element---->By.id: dates
19:36:11.635  INFO  manager.MyListener - WebDriver found element by locator---->By.id: dates
19:36:11.710  INFO  manager.MyListener - WebDriver start find element---->By.cssSelector: button[aria-label='Next month']
19:36:11.724  INFO  manager.MyListener - WebDriver found element by locator---->By.cssSelector: button[aria-label='Next month']
19:36:11.776  INFO  manager.MyListener - WebDriver start find element---->By.xpath: //div[text()=' 10 ']
19:36:11.791  INFO  manager.MyListener - WebDriver found element by locator---->By.xpath: //div[text()=' 10 ']
19:36:11.836  INFO  manager.MyListener - WebDriver start find element---->By.cssSelector: button[aria-label='Next month']
19:36:11.850  INFO  manager.MyListener - WebDriver found element by locator---->By.cssSelector: button[aria-label='Next month']
19:36:11.891  INFO  manager.MyListener - WebDriver start find element---->By.cssSelector: button[aria-label='Next month']
19:36:11.904  INFO  manager.MyListener - WebDriver found element by locator---->By.cssSelector: button[aria-label='Next month']
19:36:11.948  INFO  manager.MyListener - WebDriver start find element---->By.cssSelector: button[aria-label='Next month']
19:36:11.962  INFO  manager.MyListener - WebDriver found element by locator---->By.cssSelector: button[aria-label='Next month']
19:36:11.994  INFO  manager.MyListener - WebDriver start find element---->By.cssSelector: button[aria-label='Next month']
19:36:12.003  INFO  manager.MyListener - WebDriver found element by locator---->By.cssSelector: button[aria-label='Next month']
19:36:12.034  INFO  manager.MyListener - WebDriver start find element---->By.cssSelector: button[aria-label='Next month']
19:36:12.043  INFO  manager.MyListener - WebDriver found element by locator---->By.cssSelector: button[aria-label='Next month']
19:36:12.073  INFO  manager.MyListener - WebDriver start find element---->By.cssSelector: button[aria-label='Next month']
19:36:12.082  INFO  manager.MyListener - WebDriver found element by locator---->By.cssSelector: button[aria-label='Next month']
19:36:12.114  INFO  manager.MyListener - WebDriver start find element---->By.cssSelector: button[aria-label='Next month']
19:36:12.127  INFO  manager.MyListener - WebDriver found element by locator---->By.cssSelector: button[aria-label='Next month']
19:36:12.159  INFO  manager.MyListener - WebDriver start find element---->By.xpath: //div[text()=' 20 ']
19:36:12.173  INFO  manager.MyListener - WebDriver found element by locator---->By.xpath: //div[text()=' 20 ']
19:36:12.218  INFO  manager.MyListener - WebDriver start find element---->By.cssSelector: button[type='submit']
19:36:12.233  INFO  manager.MyListener - WebDriver found element by locator---->By.cssSelector: button[type='submit']
19:36:12.252  INFO  manager.MyListener - WebDriver start find element---->By.cssSelector: button[type='submit']
19:36:12.263  INFO  manager.MyListener - WebDriver found element by locator---->By.cssSelector: button[type='submit']
19:36:13.370  INFO  manager.MyListener - WebDriver start find element---->By.cssSelector: .logo
19:36:13.381  INFO  manager.MyListener - WebDriver found element by locator---->By.cssSelector: .logo
19:36:13.549  INFO  manager.MyListener - WebDriver start find element---->By.id: city
19:36:13.561  INFO  manager.MyListener - WebDriver found element by locator---->By.id: city
19:36:14.708  INFO  manager.MyListener - WebDriver start find element---->By.cssSelector: .pac-item
19:36:14.717  INFO  manager.MyListener - WebDriver found element by locator---->By.cssSelector: .pac-item
19:36:15.249  INFO  manager.MyListener - WebDriver start find element---->By.id: dates
19:36:15.258  INFO  manager.MyListener - WebDriver found element by locator---->By.id: dates
19:36:15.314  INFO  manager.MyListener - WebDriver start find element---->By.id: dates
19:36:15.325  INFO  manager.MyListener - WebDriver found element by locator---->By.id: dates
19:36:15.374  INFO  manager.MyListener - WebDriver start find element---->By.xpath: //div[text()=' 25 ']
19:36:15.387  INFO  manager.MyListener - WebDriver found element by locator---->By.xpath: //div[text()=' 25 ']
19:36:15.431  INFO  manager.MyListener - WebDriver start find element---->By.xpath: //div[text()=' 31 ']
19:36:15.446  INFO  manager.MyListener - WebDriver found element by locator---->By.xpath: //div[text()=' 31 ']
19:36:15.495  INFO  manager.MyListener - WebDriver start find element---->By.cssSelector: button[type='submit']
19:36:15.504  INFO  manager.MyListener - WebDriver found element by locator---->By.cssSelector: button[type='submit']
19:36:15.528  INFO  manager.MyListener - WebDriver start find element---->By.cssSelector: button[type='submit']
19:36:15.538  INFO  manager.MyListener - WebDriver found element by locator---->By.cssSelector: button[type='submit']
19:36:17.055  INFO  manager.MyListener - WebDriver start find element---->By.cssSelector: .logo
19:36:17.065  INFO  manager.MyListener - WebDriver found element by locator---->By.cssSelector: .logo
19:36:17.266  INFO  manager.MyListener - WebDriver start find element---->By.id: city
19:36:17.278  INFO  manager.MyListener - WebDriver found element by locator---->By.id: city
19:36:18.429  INFO  manager.MyListener - WebDriver start find element---->By.cssSelector: .pac-item
19:36:18.439  INFO  manager.MyListener - WebDriver found element by locator---->By.cssSelector: .pac-item
19:36:18.976  INFO  manager.MyListener - WebDriver start find element---->By.id: dates
19:36:18.986  INFO  manager.MyListener - WebDriver found element by locator---->By.id: dates
19:36:19.040  INFO  manager.MyListener - WebDriver start find element---->By.id: dates
19:36:19.051  INFO  manager.MyListener - WebDriver found element by locator---->By.id: dates
19:36:19.099  INFO  manager.MyListener - WebDriver start find element---->By.cssSelector: button[aria-label='Next month']
19:36:19.109  INFO  manager.MyListener - WebDriver found element by locator---->By.cssSelector: button[aria-label='Next month']
19:36:19.153  INFO  manager.MyListener - WebDriver start find element---->By.xpath: //div[text()=' 10 ']
19:36:19.172  INFO  manager.MyListener - WebDriver found element by locator---->By.xpath: //div[text()=' 10 ']
19:36:19.223  INFO  manager.MyListener - WebDriver start find element---->By.xpath: //div[text()=' 20 ']
19:36:19.239  INFO  manager.MyListener - WebDriver found element by locator---->By.xpath: //div[text()=' 20 ']
19:36:19.286  INFO  manager.MyListener - WebDriver start find element---->By.cssSelector: button[type='submit']
19:36:19.296  INFO  manager.MyListener - WebDriver found element by locator---->By.cssSelector: button[type='submit']
19:36:19.317  INFO  manager.MyListener - WebDriver start find element---->By.cssSelector: button[type='submit']
19:36:19.326  INFO  manager.MyListener - WebDriver found element by locator---->By.cssSelector: button[type='submit']
19:36:20.684  INFO  manager.MyListener - WebDriver start find element---->By.cssSelector: .logo
19:36:20.695  INFO  manager.MyListener - WebDriver found element by locator---->By.cssSelector: .logo
19:36:20.911  INFO  manager.MyListener - WebDriver start find element---->By.id: city
19:36:20.925  INFO  manager.MyListener - WebDriver found element by locator---->By.id: city
19:36:22.059  INFO  manager.MyListener - WebDriver start find element---->By.cssSelector: .pac-item
19:36:22.069  INFO  manager.MyListener - WebDriver found element by locator---->By.cssSelector: .pac-item
19:36:22.605  INFO  manager.MyListener - WebDriver start find element---->By.id: dates
19:36:22.615  INFO  manager.MyListener - WebDriver found element by locator---->By.id: dates
19:36:22.670  INFO  manager.MyListener - WebDriver start find element---->By.id: dates
19:36:22.680  INFO  manager.MyListener - WebDriver found element by locator---->By.id: dates
19:36:22.732  INFO  manager.MyListener - WebDriver start find element---->By.cssSelector: button[aria-label='Next month']
19:36:22.743  INFO  manager.MyListener - WebDriver found element by locator---->By.cssSelector: button[aria-label='Next month']
19:36:22.796  INFO  manager.MyListener - WebDriver start find element---->By.xpath: //div[text()=' 10 ']
19:36:22.808  INFO  manager.MyListener - WebDriver found element by locator---->By.xpath: //div[text()=' 10 ']
19:36:22.851  INFO  manager.MyListener - WebDriver start find element---->By.cssSelector: button[aria-label='Next month']
19:36:22.860  INFO  manager.MyListener - WebDriver found element by locator---->By.cssSelector: button[aria-label='Next month']
19:36:22.902  INFO  manager.MyListener - WebDriver start find element---->By.cssSelector: button[aria-label='Next month']
19:36:22.912  INFO  manager.MyListener - WebDriver found element by locator---->By.cssSelector: button[aria-label='Next month']
19:36:22.944  INFO  manager.MyListener - WebDriver start find element---->By.xpath: //div[text()=' 20 ']
19:36:22.955  INFO  manager.MyListener - WebDriver found element by locator---->By.xpath: //div[text()=' 20 ']
19:36:23.004  INFO  manager.MyListener - WebDriver start find element---->By.cssSelector: button[type='submit']
19:36:23.013  INFO  manager.MyListener - WebDriver found element by locator---->By.cssSelector: button[type='submit']
19:36:23.028  INFO  manager.MyListener - WebDriver start find element---->By.cssSelector: button[type='submit']
19:36:23.037  INFO  manager.MyListener - WebDriver found element by locator---->By.cssSelector: button[type='submit']
19:36:24.875  INFO  manager.MyListener - WebDriver start find element---->By.cssSelector: .logo
19:36:24.885  INFO  manager.MyListener - WebDriver found element by locator---->By.cssSelector: .logo
19:36:25.072  INFO  manager.MyListener - WebDriver start find element---->By.id: city
19:36:25.079  INFO  manager.MyListener - WebDriver found element by locator---->By.id: city
19:36:26.200  INFO  manager.MyListener - WebDriver start find element---->By.cssSelector: .pac-item
19:36:26.210  INFO  manager.MyListener - WebDriver found element by locator---->By.cssSelector: .pac-item
19:36:26.756  INFO  manager.MyListener - WebDriver start find element---->By.id: dates
19:36:26.766  INFO  manager.MyListener - WebDriver found element by locator---->By.id: dates
19:36:26.822  INFO  manager.MyListener - WebDriver start find element---->By.id: dates
19:36:26.832  INFO  manager.MyListener - WebDriver found element by locator---->By.id: dates
19:36:26.880  INFO  manager.MyListener - WebDriver start find element---->By.cssSelector: button[aria-label='Next month']
19:36:26.891  INFO  manager.MyListener - WebDriver found element by locator---->By.cssSelector: button[aria-label='Next month']
19:36:26.934  INFO  manager.MyListener - WebDriver start find element---->By.xpath: //div[text()=' 10 ']
19:36:26.945  INFO  manager.MyListener - WebDriver found element by locator---->By.xpath: //div[text()=' 10 ']
19:36:26.989  INFO  manager.MyListener - WebDriver start find element---->By.cssSelector: button[aria-label='Next month']
19:36:27.000  INFO  manager.MyListener - WebDriver found element by locator---->By.cssSelector: button[aria-label='Next month']
19:36:27.042  INFO  manager.MyListener - WebDriver start find element---->By.cssSelector: button[aria-label='Next month']
19:36:27.052  INFO  manager.MyListener - WebDriver found element by locator---->By.cssSelector: button[aria-label='Next month']
19:36:27.083  INFO  manager.MyListener - WebDriver start find element---->By.xpath: //div[text()=' 20 ']
19:36:27.095  INFO  manager.MyListener - WebDriver found element by locator---->By.xpath: //div[text()=' 20 ']
19:36:27.146  INFO  manager.MyListener - WebDriver start find element---->By.cssSelector: button[type='submit']
19:36:27.157  INFO  manager.MyListener - WebDriver found element by locator---->By.cssSelector: button[type='submit']
19:36:27.177  INFO  manager.MyListener - WebDriver start find element---->By.cssSelector: button[type='submit']
19:36:27.188  INFO  manager.MyListener - WebDriver found element by locator---->By.cssSelector: button[type='submit']
19:36:29.071  INFO  manager.MyListener - WebDriver start find element---->By.cssSelector: .logo
19:36:29.087  INFO  manager.MyListener - WebDriver found element by locator---->By.cssSelector: .logo
19:36:29.280  INFO  manager.MyListener - WebDriver start find element---->By.id: city
19:36:29.291  INFO  manager.MyListener - WebDriver found element by locator---->By.id: city
19:36:30.440  INFO  manager.MyListener - WebDriver start find element---->By.cssSelector: .pac-item
19:36:30.450  INFO  manager.MyListener - WebDriver found element by locator---->By.cssSelector: .pac-item
19:36:31.000  INFO  manager.MyListener - WebDriver start find element---->By.id: dates
19:36:31.010  INFO  manager.MyListener - WebDriver found element by locator---->By.id: dates
19:36:31.066  INFO  manager.MyListener - WebDriver start find element---->By.id: dates
19:36:31.076  INFO  manager.MyListener - WebDriver found element by locator---->By.id: dates
19:36:31.123  INFO  manager.MyListener - WebDriver start find element---->By.cssSelector: button[aria-label='Next month']
19:36:31.135  INFO  manager.MyListener - WebDriver found element by locator---->By.cssSelector: button[aria-label='Next month']
19:36:31.178  INFO  manager.MyListener - WebDriver start find element---->By.xpath: //div[text()=' 20 ']
19:36:31.189  INFO  manager.MyListener - WebDriver found element by locator---->By.xpath: //div[text()=' 20 ']
19:36:31.230  INFO  manager.MyListener - WebDriver start find element---->By.xpath: //div[text()=' 31 ']
19:36:31.245  INFO  manager.MyListener - WebDriver found element by locator---->By.xpath: //div[text()=' 31 ']
19:36:31.296  INFO  manager.MyListener - WebDriver start find element---->By.cssSelector: button[type='submit']
19:36:31.307  INFO  manager.MyListener - WebDriver found element by locator---->By.cssSelector: button[type='submit']
19:36:31.327  INFO  manager.MyListener - WebDriver start find element---->By.cssSelector: button[type='submit']
19:36:31.337  INFO  manager.MyListener - WebDriver found element by locator---->By.cssSelector: button[type='submit']
19:36:33.069  INFO  manager.MyListener - WebDriver start find element---->By.cssSelector: .logo
19:36:33.078  INFO  manager.MyListener - WebDriver found element by locator---->By.cssSelector: .logo
19:36:33.266  INFO  manager.MyListener - WebDriver start find element---->By.id: city
19:36:33.278  INFO  manager.MyListener - WebDriver found element by locator---->By.id: city
19:36:34.411  INFO  manager.MyListener - WebDriver start find element---->By.cssSelector: .pac-item
19:36:34.421  INFO  manager.MyListener - WebDriver found element by locator---->By.cssSelector: .pac-item
19:36:34.956  INFO  manager.MyListener - WebDriver start find element---->By.id: dates
19:36:34.966  INFO  manager.MyListener - WebDriver found element by locator---->By.id: dates
19:36:35.023  INFO  manager.MyListener - WebDriver start find element---->By.id: dates
19:36:35.034  INFO  manager.MyListener - WebDriver found element by locator---->By.id: dates
19:36:35.685  INFO  manager.MyListener - WebDriver start find element---->By.cssSelector: .cdk-overlay-container
19:36:35.700  INFO  manager.MyListener - WebDriver found element by locator---->By.cssSelector: .cdk-overlay-container
19:36:35.734  INFO  manager.MyListener - WebDriver start find element---->By.cssSelector: button[type='submit']
19:36:35.743  INFO  manager.MyListener - WebDriver found element by locator---->By.cssSelector: button[type='submit']
19:36:35.796  INFO  manager.MyListener - WebDriver start find element---->By.cssSelector: [type=submit]
19:36:35.816  INFO  manager.MyListener - WebDriver found element by locator---->By.cssSelector: [type=submit]
19:36:35.824  INFO  manager.MyListener - WebDriver start find element---->By.cssSelector: div.error div
19:36:35.838  INFO  manager.MyListener - WebDriver found element by locator---->By.cssSelector: div.error div
19:36:35.851  INFO  manager.MyListener - WebDriver start find element---->By.cssSelector: .logo
19:36:35.859  INFO  manager.MyListener - WebDriver found element by locator---->By.cssSelector: .logo
