20:52:04.944  INFO  manager.ApplicationManager - All tests run in chrome browser
20:52:07.552  INFO  manager.ApplicationManager - Current Url---->https://ilcarro-1578153671498.web.app/search
20:52:12.602  INFO  manager.MyListener - WebDriver start find element---->By.cssSelector: div[class='header'] a:nth-child(6)
20:52:12.620  INFO  manager.MyListener - WebDriver found element by locator---->By.cssSelector: div[class='header'] a:nth-child(6)
20:52:13.341  INFO  manager.MyListener - WebDriver start find element---->By.cssSelector: #email
20:52:13.355  INFO  manager.MyListener - WebDriver found element by locator---->By.cssSelector: #email
20:52:14.424  INFO  manager.MyListener - WebDriver start find element---->By.cssSelector: #password
20:52:14.437  INFO  manager.MyListener - WebDriver found element by locator---->By.cssSelector: #password
20:52:15.690  INFO  manager.MyListener - WebDriver start find element---->By.cssSelector: button[type='submit']
20:52:15.702  INFO  manager.MyListener - WebDriver found element by locator---->By.cssSelector: button[type='submit']
20:52:15.735  INFO  manager.MyListener - WebDriver start find element---->By.cssSelector: button[type='submit']
20:52:15.746  INFO  manager.MyListener - WebDriver found element by locator---->By.cssSelector: button[type='submit']
20:52:17.031  INFO  manager.MyListener - WebDriver start find element---->By.xpath: //button[text()='Ok']
20:52:17.054  INFO  manager.MyListener - WebDriver found element by locator---->By.xpath: //button[text()='Ok']
20:52:18.789  INFO  manager.MyListener - WebDriver start find element---->By.id: 1
20:52:18.801  INFO  manager.MyListener - WebDriver found element by locator---->By.id: 1
20:52:19.331  INFO  manager.MyListener - WebDriver start find element---->By.id: pickUpPlace
20:52:19.344  INFO  manager.MyListener - WebDriver found element by locator---->By.id: pickUpPlace
20:52:20.615  INFO  manager.MyListener - WebDriver start find element---->By.cssSelector: div.pac-item
20:52:21.908  INFO  manager.MyListener - WebDriver found element by locator---->By.cssSelector: div.pac-item
20:52:23.131  INFO  manager.MyListener - WebDriver start find element---->By.id: make
20:52:23.141  INFO  manager.MyListener - WebDriver found element by locator---->By.id: make
20:52:24.383  INFO  manager.MyListener - WebDriver start find element---->By.id: model
20:52:24.393  INFO  manager.MyListener - WebDriver found element by locator---->By.id: model
20:52:25.622  INFO  manager.MyListener - WebDriver start find element---->By.id: year
20:52:25.632  INFO  manager.MyListener - WebDriver found element by locator---->By.id: year
20:52:26.858  INFO  manager.MyListener - WebDriver start find element---->By.id: engine
20:52:26.868  INFO  manager.MyListener - WebDriver found element by locator---->By.id: engine
20:52:28.101  INFO  manager.MyListener - WebDriver start find element---->By.id: fuel
20:52:28.112  INFO  manager.MyListener - WebDriver found element by locator---->By.id: fuel
20:52:28.346  INFO  manager.MyListener - WebDriver start find element---->By.id: gear
20:52:28.366  INFO  manager.MyListener - WebDriver found element by locator---->By.id: gear
20:52:28.598  INFO  manager.MyListener - WebDriver start find element---->By.id: wheelsDrive
20:52:28.607  INFO  manager.MyListener - WebDriver found element by locator---->By.id: wheelsDrive
20:52:28.837  INFO  manager.MyListener - WebDriver start find element---->By.id: doors
20:52:28.846  INFO  manager.MyListener - WebDriver found element by locator---->By.id: doors
20:52:30.077  INFO  manager.MyListener - WebDriver start find element---->By.id: seats
20:52:30.086  INFO  manager.MyListener - WebDriver found element by locator---->By.id: seats
20:52:31.315  INFO  manager.MyListener - WebDriver start find element---->By.id: class
20:52:31.324  INFO  manager.MyListener - WebDriver found element by locator---->By.id: class
20:52:32.549  INFO  manager.MyListener - WebDriver start find element---->By.id: fuelConsumption
20:52:32.558  INFO  manager.MyListener - WebDriver found element by locator---->By.id: fuelConsumption
20:52:33.792  INFO  manager.MyListener - WebDriver start find element---->By.id: serialNumber
20:52:33.801  INFO  manager.MyListener - WebDriver found element by locator---->By.id: serialNumber
20:52:35.046  INFO  manager.MyListener - WebDriver start find element---->By.id: price
20:52:35.054  INFO  manager.MyListener - WebDriver found element by locator---->By.id: price
20:52:36.289  INFO  manager.MyListener - WebDriver start find element---->By.id: distance
20:52:36.299  INFO  manager.MyListener - WebDriver found element by locator---->By.id: distance
20:52:37.527  INFO  manager.MyListener - WebDriver start find element---->By.cssSelector: input[placeholder='Type feature']
20:52:37.538  INFO  manager.MyListener - WebDriver found element by locator---->By.cssSelector: input[placeholder='Type feature']
20:52:38.766  INFO  manager.MyListener - WebDriver start find element---->By.id: about
20:52:38.774  INFO  manager.MyListener - WebDriver found element by locator---->By.id: about
20:52:40.012  INFO  manager.MyListener - WebDriver start find element---->By.id: photos
20:52:40.020  INFO  manager.MyListener - WebDriver found element by locator---->By.id: photos
20:52:40.046  INFO  manager.MyListener - WebDriver start find element---->By.cssSelector: button[type='submit']
20:52:40.054  INFO  manager.MyListener - WebDriver found element by locator---->By.cssSelector: button[type='submit']
20:52:42.166  INFO  manager.MyListener - WebDriver start find element---->By.cssSelector: button[type='submit']
20:52:42.174  INFO  manager.MyListener - WebDriver found element by locator---->By.cssSelector: button[type='submit']
20:52:42.893  INFO  manager.MyListener - WebDriver start find element---->By.cssSelector: div.dialog-container
20:52:43.523  INFO  manager.MyListener - WebDriver found element by locator---->By.cssSelector: div.dialog-container
20:52:48.756  INFO  manager.MyListener - WebDriver start find element---->By.xpath: //button[text()='Search cars']
20:52:48.765  INFO  manager.MyListener - WebDriver found element by locator---->By.xpath: //button[text()='Search cars']
20:52:50.503  INFO  manager.MyListener - WebDriver start find element---->By.id: 1
20:52:50.511  INFO  manager.MyListener - WebDriver found element by locator---->By.id: 1
20:52:51.030  INFO  manager.MyListener - WebDriver start find element---->By.id: pickUpPlace
20:52:51.037  INFO  manager.MyListener - WebDriver found element by locator---->By.id: pickUpPlace
20:52:52.290  INFO  manager.MyListener - WebDriver start find element---->By.cssSelector: div.pac-item
20:52:53.490  INFO  manager.MyListener - WebDriver found element by locator---->By.cssSelector: div.pac-item
20:52:54.707  INFO  manager.MyListener - WebDriver start find element---->By.id: make
20:52:54.714  INFO  manager.MyListener - WebDriver found element by locator---->By.id: make
20:52:55.944  INFO  manager.MyListener - WebDriver start find element---->By.id: model
20:52:55.952  INFO  manager.MyListener - WebDriver found element by locator---->By.id: model
20:52:57.175  INFO  manager.MyListener - WebDriver start find element---->By.id: year
20:52:57.184  INFO  manager.MyListener - WebDriver found element by locator---->By.id: year
20:52:58.414  INFO  manager.MyListener - WebDriver start find element---->By.id: engine
20:52:58.423  INFO  manager.MyListener - WebDriver found element by locator---->By.id: engine
20:52:59.650  INFO  manager.MyListener - WebDriver start find element---->By.id: fuel
20:52:59.657  INFO  manager.MyListener - WebDriver found element by locator---->By.id: fuel
20:52:59.885  INFO  manager.MyListener - WebDriver start find element---->By.id: gear
20:52:59.893  INFO  manager.MyListener - WebDriver found element by locator---->By.id: gear
20:53:00.119  INFO  manager.MyListener - WebDriver start find element---->By.id: wheelsDrive
20:53:00.127  INFO  manager.MyListener - WebDriver found element by locator---->By.id: wheelsDrive
20:53:00.361  INFO  manager.MyListener - WebDriver start find element---->By.id: doors
20:53:00.371  INFO  manager.MyListener - WebDriver found element by locator---->By.id: doors
20:53:01.602  INFO  manager.MyListener - WebDriver start find element---->By.id: seats
20:53:01.610  INFO  manager.MyListener - WebDriver found element by locator---->By.id: seats
20:53:02.848  INFO  manager.MyListener - WebDriver start find element---->By.id: class
20:53:02.856  INFO  manager.MyListener - WebDriver found element by locator---->By.id: class
20:53:04.086  INFO  manager.MyListener - WebDriver start find element---->By.id: fuelConsumption
20:53:04.094  INFO  manager.MyListener - WebDriver found element by locator---->By.id: fuelConsumption
20:53:05.330  INFO  manager.MyListener - WebDriver start find element---->By.id: serialNumber
20:53:05.338  INFO  manager.MyListener - WebDriver found element by locator---->By.id: serialNumber
20:53:06.582  INFO  manager.MyListener - WebDriver start find element---->By.id: price
20:53:06.591  INFO  manager.MyListener - WebDriver found element by locator---->By.id: price
20:53:07.816  INFO  manager.MyListener - WebDriver start find element---->By.id: distance
20:53:07.823  INFO  manager.MyListener - WebDriver found element by locator---->By.id: distance
20:53:09.054  INFO  manager.MyListener - WebDriver start find element---->By.cssSelector: input[placeholder='Type feature']
20:53:09.062  INFO  manager.MyListener - WebDriver found element by locator---->By.cssSelector: input[placeholder='Type feature']
20:53:10.288  INFO  manager.MyListener - WebDriver start find element---->By.id: about
20:53:10.296  INFO  manager.MyListener - WebDriver found element by locator---->By.id: about
20:53:11.544  INFO  manager.MyListener - WebDriver start find element---->By.id: photos
20:53:11.552  INFO  manager.MyListener - WebDriver found element by locator---->By.id: photos
20:53:11.569  INFO  manager.MyListener - WebDriver start find element---->By.cssSelector: button[type='submit']
20:53:11.576  INFO  manager.MyListener - WebDriver found element by locator---->By.cssSelector: button[type='submit']
20:53:14.217  INFO  manager.MyListener - WebDriver start find element---->By.cssSelector: button[type='submit']
20:53:14.225  INFO  manager.MyListener - WebDriver found element by locator---->By.cssSelector: button[type='submit']
20:53:14.943  INFO  manager.MyListener - WebDriver start find element---->By.cssSelector: div.dialog-container
20:53:15.516  INFO  manager.MyListener - WebDriver found element by locator---->By.cssSelector: div.dialog-container
20:53:20.756  INFO  manager.MyListener - WebDriver start find element---->By.xpath: //button[text()='Search cars']
20:53:20.767  INFO  manager.MyListener - WebDriver found element by locator---->By.xpath: //button[text()='Search cars']
20:53:21.501  INFO  manager.MyListener - WebDriver start find element---->By.cssSelector: div[class='header'] a:nth-child(5)
20:53:21.508  INFO  manager.MyListener - WebDriver found element by locator---->By.cssSelector: div[class='header'] a:nth-child(5)
20:53:21.520  INFO  manager.MyListener - The name of method with error-->click
20:53:21.520  INFO  manager.MyListener - We have a problem--->org.openqa.selenium.ElementNotInteractableException: Element <a class="navigation-link ng-star-inserted" href="/logout?url=%2Flet-car-work"> could not be scrolled into view
Build info: version: '4.2.2', revision: '683ccb65d6'
System info: host: 'DESKTOP-O54QV38', ip: '192.168.14.148', os.name: 'Windows 10', os.arch: 'amd64', os.version: '10.0', java.version: '13.0.2'
Driver info: org.openqa.selenium.firefox.FirefoxDriver
Command: [bbd5850f-c28a-4df1-bfa6-3167cde4cf48, clickElement {id=f17f1ce0-aa6b-4bb5-89a8-693e3fc5e392}]
Capabilities {acceptInsecureCerts: true, browserName: firefox, browserVersion: 94.0.2, moz:accessibilityChecks: false, moz:buildID: 20211119140621, moz:debuggerAddress: localhost:60787, moz:geckodriverVersion: 0.31.0, moz:headless: false, moz:processID: 14248, moz:profile: C:\Users\allan\AppData\Loca..., moz:shutdownTimeout: 60000, moz:useNonSpecCompliantPointerOrigin: false, moz:webdriverClick: true, pageLoadStrategy: normal, platformName: WINDOWS, platformVersion: 10.0, proxy: Proxy(), se:cdp: ws://localhost:60787/devtoo..., se:cdpVersion: 85.0, setWindowRect: true, strictFileInteractability: false, timeouts: {implicit: 0, pageLoad: 300000, script: 30000}, unhandledPromptBehavior: dismiss and notify}
Element: [[FirefoxDriver: firefox on WINDOWS (bbd5850f-c28a-4df1-bfa6-3167cde4cf48)] -> css selector: div[class='header'] a:nth-child(5)]
Session ID: bbd5850f-c28a-4df1-bfa6-3167cde4cf48
20:53:21.554  INFO  manager.MyListener - WebDriver start find element---->By.cssSelector: div[class='header'] a:nth-child(5)
20:53:21.563  INFO  manager.MyListener - WebDriver found element by locator---->By.cssSelector: div[class='header'] a:nth-child(5)
20:53:21.571  INFO  manager.MyListener - The name of method with error-->click
20:53:21.571  INFO  manager.MyListener - We have a problem--->org.openqa.selenium.ElementNotInteractableException: Element <a class="navigation-link ng-star-inserted" href="/logout?url=%2Flet-car-work"> could not be scrolled into view
Build info: version: '4.2.2', revision: '683ccb65d6'
System info: host: 'DESKTOP-O54QV38', ip: '192.168.14.148', os.name: 'Windows 10', os.arch: 'amd64', os.version: '10.0', java.version: '13.0.2'
Driver info: org.openqa.selenium.firefox.FirefoxDriver
Command: [bbd5850f-c28a-4df1-bfa6-3167cde4cf48, clickElement {id=f17f1ce0-aa6b-4bb5-89a8-693e3fc5e392}]
Capabilities {acceptInsecureCerts: true, browserName: firefox, browserVersion: 94.0.2, moz:accessibilityChecks: false, moz:buildID: 20211119140621, moz:debuggerAddress: localhost:60787, moz:geckodriverVersion: 0.31.0, moz:headless: false, moz:processID: 14248, moz:profile: C:\Users\allan\AppData\Loca..., moz:shutdownTimeout: 60000, moz:useNonSpecCompliantPointerOrigin: false, moz:webdriverClick: true, pageLoadStrategy: normal, platformName: WINDOWS, platformVersion: 10.0, proxy: Proxy(), se:cdp: ws://localhost:60787/devtoo..., se:cdpVersion: 85.0, setWindowRect: true, strictFileInteractability: false, timeouts: {implicit: 0, pageLoad: 300000, script: 30000}, unhandledPromptBehavior: dismiss and notify}
Element: [[FirefoxDriver: firefox on WINDOWS (bbd5850f-c28a-4df1-bfa6-3167cde4cf48)] -> css selector: div[class='header'] a:nth-child(5)]
Session ID: bbd5850f-c28a-4df1-bfa6-3167cde4cf48
20:53:21.577  INFO  manager.MyListener - WebDriver start find element---->By.cssSelector: .logo
20:53:21.592  INFO  manager.MyListener - WebDriver found element by locator---->By.cssSelector: .logo
20:53:21.597  INFO  manager.MyListener - The name of method with error-->click
20:53:21.598  INFO  manager.MyListener - We have a problem--->org.openqa.selenium.ElementNotInteractableException: Element <a class="logo" href="/"> could not be scrolled into view
Build info: version: '4.2.2', revision: '683ccb65d6'
System info: host: 'DESKTOP-O54QV38', ip: '192.168.14.148', os.name: 'Windows 10', os.arch: 'amd64', os.version: '10.0', java.version: '13.0.2'
Driver info: org.openqa.selenium.firefox.FirefoxDriver
Command: [bbd5850f-c28a-4df1-bfa6-3167cde4cf48, clickElement {id=879423aa-f92a-474d-ba3a-b34ef6717665}]
Capabilities {acceptInsecureCerts: true, browserName: firefox, browserVersion: 94.0.2, moz:accessibilityChecks: false, moz:buildID: 20211119140621, moz:debuggerAddress: localhost:60787, moz:geckodriverVersion: 0.31.0, moz:headless: false, moz:processID: 14248, moz:profile: C:\Users\allan\AppData\Loca..., moz:shutdownTimeout: 60000, moz:useNonSpecCompliantPointerOrigin: false, moz:webdriverClick: true, pageLoadStrategy: normal, platformName: WINDOWS, platformVersion: 10.0, proxy: Proxy(), se:cdp: ws://localhost:60787/devtoo..., se:cdpVersion: 85.0, setWindowRect: true, strictFileInteractability: false, timeouts: {implicit: 0, pageLoad: 300000, script: 30000}, unhandledPromptBehavior: dismiss and notify}
Element: [[FirefoxDriver: firefox on WINDOWS (bbd5850f-c28a-4df1-bfa6-3167cde4cf48)] -> css selector: .logo]
Session ID: bbd5850f-c28a-4df1-bfa6-3167cde4cf48
