19:29:29.996  INFO  manager.ApplicationManager - All tests run in chrome browser
19:29:31.787  INFO  manager.ApplicationManager - Current Url---->https://ilcarro-1578153671498.web.app/search
19:29:36.851  INFO  tests.LoginTest - Test stars with email: noam@gmail.com&password:Nnoa12345$
19:29:36.852  INFO  manager.MyListener - WebDriver start find element---->By.cssSelector: div[class='header'] a:nth-child(6)
19:29:36.872  INFO  manager.MyListener - WebDriver found element by locator---->By.cssSelector: div[class='header'] a:nth-child(6)
19:29:37.124  INFO  manager.MyListener - WebDriver start find element---->By.cssSelector: #email
19:29:37.140  INFO  manager.MyListener - WebDriver found element by locator---->By.cssSelector: #email
19:29:38.360  INFO  manager.MyListener - WebDriver start find element---->By.cssSelector: #password
19:29:38.373  INFO  manager.MyListener - WebDriver found element by locator---->By.cssSelector: #password
19:29:39.113  INFO  manager.MyListener - WebDriver start find element---->By.cssSelector: button[type='submit']
19:29:39.125  INFO  manager.MyListener - WebDriver found element by locator---->By.cssSelector: button[type='submit']
19:29:39.157  INFO  manager.MyListener - WebDriver start find element---->By.cssSelector: button[type='submit']
19:29:39.169  INFO  manager.MyListener - WebDriver found element by locator---->By.cssSelector: button[type='submit']
19:29:39.390  INFO  manager.MyListener - WebDriver start find element---->By.cssSelector: div.dialog-container
19:29:40.127  INFO  manager.MyListener - WebDriver found element by locator---->By.cssSelector: div.dialog-container
19:29:40.146  INFO  manager.MyListener - WebDriver start find element---->By.cssSelector: div.dialog-container h1
19:29:40.160  INFO  manager.MyListener - WebDriver found element by locator---->By.cssSelector: div.dialog-container h1
19:29:40.174  INFO  tests.LoginTest - Test passed
19:29:40.190  INFO  manager.MyListener - WebDriver start find element---->By.xpath: //button[text()='Ok']
19:29:40.205  INFO  manager.MyListener - WebDriver found element by locator---->By.xpath: //button[text()='Ok']
19:29:40.434  INFO  manager.MyListener - WebDriver start find element---->By.cssSelector: div[class='header'] a:nth-child(5)
19:29:40.450  INFO  manager.MyListener - WebDriver found element by locator---->By.cssSelector: div[class='header'] a:nth-child(5)
19:29:40.710  INFO  tests.LoginTest - Test stars with email: sonya@gmail.com&password:Ss12345$
19:29:40.710  INFO  manager.MyListener - WebDriver start find element---->By.cssSelector: div[class='header'] a:nth-child(6)
19:29:40.721  INFO  manager.MyListener - WebDriver found element by locator---->By.cssSelector: div[class='header'] a:nth-child(6)
19:29:40.945  INFO  manager.MyListener - WebDriver start find element---->By.cssSelector: #email
19:29:40.956  INFO  manager.MyListener - WebDriver found element by locator---->By.cssSelector: #email
19:29:42.103  INFO  manager.MyListener - WebDriver start find element---->By.cssSelector: #password
19:29:42.113  INFO  manager.MyListener - WebDriver found element by locator---->By.cssSelector: #password
19:29:42.859  INFO  manager.MyListener - WebDriver start find element---->By.cssSelector: button[type='submit']
19:29:42.869  INFO  manager.MyListener - WebDriver found element by locator---->By.cssSelector: button[type='submit']
19:29:42.887  INFO  manager.MyListener - WebDriver start find element---->By.cssSelector: button[type='submit']
19:29:42.897  INFO  manager.MyListener - WebDriver found element by locator---->By.cssSelector: button[type='submit']
19:29:43.114  INFO  manager.MyListener - WebDriver start find element---->By.cssSelector: div.dialog-container
19:29:43.859  INFO  manager.MyListener - WebDriver found element by locator---->By.cssSelector: div.dialog-container
19:29:43.876  INFO  manager.MyListener - WebDriver start find element---->By.cssSelector: div.dialog-container h1
19:29:43.888  INFO  manager.MyListener - WebDriver found element by locator---->By.cssSelector: div.dialog-container h1
19:29:43.894  INFO  tests.LoginTest - Test passed
19:29:43.904  INFO  manager.MyListener - WebDriver start find element---->By.xpath: //button[text()='Ok']
19:29:43.924  INFO  manager.MyListener - WebDriver found element by locator---->By.xpath: //button[text()='Ok']
19:29:44.152  INFO  manager.MyListener - WebDriver start find element---->By.cssSelector: div[class='header'] a:nth-child(5)
19:29:44.162  INFO  manager.MyListener - WebDriver found element by locator---->By.cssSelector: div[class='header'] a:nth-child(5)
19:29:44.398  INFO  tests.LoginTest - Test stars with email: noam@gmail.com&password:Nnoa12345$
19:29:44.398  INFO  manager.MyListener - WebDriver start find element---->By.cssSelector: div[class='header'] a:nth-child(6)
19:29:44.408  INFO  manager.MyListener - WebDriver found element by locator---->By.cssSelector: div[class='header'] a:nth-child(6)
19:29:44.634  INFO  manager.MyListener - WebDriver start find element---->By.cssSelector: #email
19:29:44.643  INFO  manager.MyListener - WebDriver found element by locator---->By.cssSelector: #email
19:29:45.799  INFO  manager.MyListener - WebDriver start find element---->By.cssSelector: #password
19:29:45.808  INFO  manager.MyListener - WebDriver found element by locator---->By.cssSelector: #password
19:29:46.544  INFO  manager.MyListener - WebDriver start find element---->By.cssSelector: button[type='submit']
19:29:46.552  INFO  manager.MyListener - WebDriver found element by locator---->By.cssSelector: button[type='submit']
19:29:46.570  INFO  manager.MyListener - WebDriver start find element---->By.cssSelector: button[type='submit']
19:29:46.580  INFO  manager.MyListener - WebDriver found element by locator---->By.cssSelector: button[type='submit']
19:29:46.797  INFO  manager.MyListener - WebDriver start find element---->By.cssSelector: div.dialog-container
19:29:47.552  INFO  manager.MyListener - WebDriver found element by locator---->By.cssSelector: div.dialog-container
19:29:47.568  INFO  manager.MyListener - WebDriver start find element---->By.cssSelector: div.dialog-container h1
19:29:47.579  INFO  manager.MyListener - WebDriver found element by locator---->By.cssSelector: div.dialog-container h1
19:29:47.586  INFO  tests.LoginTest - Test passed
19:29:47.596  INFO  manager.MyListener - WebDriver start find element---->By.xpath: //button[text()='Ok']
19:29:47.607  INFO  manager.MyListener - WebDriver found element by locator---->By.xpath: //button[text()='Ok']
19:29:47.833  INFO  manager.MyListener - WebDriver start find element---->By.cssSelector: div[class='header'] a:nth-child(5)
19:29:47.842  INFO  manager.MyListener - WebDriver found element by locator---->By.cssSelector: div[class='header'] a:nth-child(5)
19:29:48.081  INFO  tests.LoginTest - Test stars with email: sonya@gmail.com&password:Ss12345$
19:29:48.081  INFO  manager.MyListener - WebDriver start find element---->By.cssSelector: div[class='header'] a:nth-child(6)
19:29:48.091  INFO  manager.MyListener - WebDriver found element by locator---->By.cssSelector: div[class='header'] a:nth-child(6)
19:29:48.320  INFO  manager.MyListener - WebDriver start find element---->By.cssSelector: #email
19:29:48.329  INFO  manager.MyListener - WebDriver found element by locator---->By.cssSelector: #email
19:29:49.483  INFO  manager.MyListener - WebDriver start find element---->By.cssSelector: #password
19:29:49.495  INFO  manager.MyListener - WebDriver found element by locator---->By.cssSelector: #password
19:29:50.250  INFO  manager.MyListener - WebDriver start find element---->By.cssSelector: button[type='submit']
19:29:50.258  INFO  manager.MyListener - WebDriver found element by locator---->By.cssSelector: button[type='submit']
19:29:50.276  INFO  manager.MyListener - WebDriver start find element---->By.cssSelector: button[type='submit']
19:29:50.283  INFO  manager.MyListener - WebDriver found element by locator---->By.cssSelector: button[type='submit']
19:29:50.501  INFO  manager.MyListener - WebDriver start find element---->By.cssSelector: div.dialog-container
19:29:51.429  INFO  manager.MyListener - WebDriver found element by locator---->By.cssSelector: div.dialog-container
19:29:51.444  INFO  manager.MyListener - WebDriver start find element---->By.cssSelector: div.dialog-container h1
19:29:51.452  INFO  manager.MyListener - WebDriver found element by locator---->By.cssSelector: div.dialog-container h1
19:29:51.458  INFO  tests.LoginTest - Test passed
19:29:51.467  INFO  manager.MyListener - WebDriver start find element---->By.xpath: //button[text()='Ok']
19:29:51.474  INFO  manager.MyListener - WebDriver found element by locator---->By.xpath: //button[text()='Ok']
19:29:51.698  INFO  manager.MyListener - WebDriver start find element---->By.cssSelector: div[class='header'] a:nth-child(5)
19:29:51.707  INFO  manager.MyListener - WebDriver found element by locator---->By.cssSelector: div[class='header'] a:nth-child(5)
19:29:51.968  INFO  tests.LoginTest - Test stars with email:
19:29:51.968  INFO  manager.MyListener - WebDriver start find element---->By.cssSelector: div[class='header'] a:nth-child(6)
19:29:51.975  INFO  manager.MyListener - WebDriver found element by locator---->By.cssSelector: div[class='header'] a:nth-child(6)
19:29:52.199  INFO  manager.MyListener - WebDriver start find element---->By.cssSelector: #email
19:29:52.206  INFO  manager.MyListener - WebDriver found element by locator---->By.cssSelector: #email
19:29:52.948  INFO  manager.MyListener - WebDriver start find element---->By.cssSelector: #password
19:29:52.957  INFO  manager.MyListener - WebDriver found element by locator---->By.cssSelector: #password
19:29:53.691  INFO  manager.MyListener - WebDriver start find element---->By.cssSelector: button[type='submit']
19:29:53.698  INFO  manager.MyListener - WebDriver found element by locator---->By.cssSelector: button[type='submit']
19:29:53.715  INFO  manager.MyListener - WebDriver start find element---->By.cssSelector: button[type='submit']
19:29:53.722  INFO  manager.MyListener - WebDriver found element by locator---->By.cssSelector: button[type='submit']
19:29:53.937  INFO  manager.MyListener - WebDriver start find element---->By.cssSelector: div.dialog-container
19:29:54.773  INFO  manager.MyListener - WebDriver found element by locator---->By.cssSelector: div.dialog-container
19:29:55.311  INFO  manager.MyListener - WebDriver start find element---->By.cssSelector: div.dialog-container h1
19:29:55.318  INFO  manager.MyListener - WebDriver found element by locator---->By.cssSelector: div.dialog-container h1
19:29:55.324  INFO  tests.LoginTest - Test passed
19:29:55.332  INFO  manager.MyListener - WebDriver start find element---->By.xpath: //button[text()='Ok']
19:29:55.340  INFO  manager.MyListener - WebDriver found element by locator---->By.xpath: //button[text()='Ok']
19:29:55.559  INFO  manager.MyListener - WebDriver start find element---->By.cssSelector: div[class='header'] a:nth-child(5)
19:29:55.566  INFO  manager.MyListener - WebDriver found element by locator---->By.cssSelector: div[class='header'] a:nth-child(5)
19:29:55.803  INFO  tests.LoginTest - Test stars with email:
19:29:55.804  INFO  manager.MyListener - WebDriver start find element---->By.cssSelector: div[class='header'] a:nth-child(6)
19:29:55.811  INFO  manager.MyListener - WebDriver found element by locator---->By.cssSelector: div[class='header'] a:nth-child(6)
19:29:56.039  INFO  manager.MyListener - WebDriver start find element---->By.cssSelector: #email
19:29:56.047  INFO  manager.MyListener - WebDriver found element by locator---->By.cssSelector: #email
19:29:56.797  INFO  manager.MyListener - WebDriver start find element---->By.cssSelector: #password
19:29:56.804  INFO  manager.MyListener - WebDriver found element by locator---->By.cssSelector: #password
19:29:57.544  INFO  manager.MyListener - WebDriver start find element---->By.cssSelector: button[type='submit']
19:29:57.553  INFO  manager.MyListener - WebDriver found element by locator---->By.cssSelector: button[type='submit']
19:29:57.568  INFO  manager.MyListener - WebDriver start find element---->By.cssSelector: button[type='submit']
19:29:57.575  INFO  manager.MyListener - WebDriver found element by locator---->By.cssSelector: button[type='submit']
19:29:57.792  INFO  manager.MyListener - WebDriver start find element---->By.cssSelector: div.dialog-container
19:29:57.947  INFO  manager.MyListener - WebDriver found element by locator---->By.cssSelector: div.dialog-container
19:29:57.961  INFO  manager.MyListener - WebDriver start find element---->By.cssSelector: div.dialog-container h1
19:29:57.971  INFO  manager.MyListener - WebDriver found element by locator---->By.cssSelector: div.dialog-container h1
19:29:57.977  INFO  tests.LoginTest - Test passed
19:29:57.986  INFO  manager.MyListener - WebDriver start find element---->By.xpath: //button[text()='Ok']
19:29:57.994  INFO  manager.MyListener - WebDriver found element by locator---->By.xpath: //button[text()='Ok']
19:29:58.223  INFO  manager.MyListener - WebDriver start find element---->By.cssSelector: div[class='header'] a:nth-child(5)
19:29:58.231  INFO  manager.MyListener - WebDriver found element by locator---->By.cssSelector: div[class='header'] a:nth-child(5)
19:29:58.475  INFO  tests.LoginTest - Test stars with email:
19:29:58.475  INFO  manager.MyListener - WebDriver start find element---->By.cssSelector: div[class='header'] a:nth-child(6)
19:29:58.484  INFO  manager.MyListener - WebDriver found element by locator---->By.cssSelector: div[class='header'] a:nth-child(6)
19:29:58.712  INFO  manager.MyListener - WebDriver start find element---->By.cssSelector: #email
19:29:58.719  INFO  manager.MyListener - WebDriver found element by locator---->By.cssSelector: #email
19:29:59.453  INFO  manager.MyListener - WebDriver start find element---->By.cssSelector: #password
19:29:59.460  INFO  manager.MyListener - WebDriver found element by locator---->By.cssSelector: #password
19:30:00.195  INFO  manager.MyListener - WebDriver start find element---->By.cssSelector: button[type='submit']
19:30:00.204  INFO  manager.MyListener - WebDriver found element by locator---->By.cssSelector: button[type='submit']
19:30:00.219  INFO  manager.MyListener - WebDriver start find element---->By.cssSelector: button[type='submit']
19:30:00.226  INFO  manager.MyListener - WebDriver found element by locator---->By.cssSelector: button[type='submit']
19:30:00.441  INFO  manager.MyListener - WebDriver start find element---->By.cssSelector: div.dialog-container
19:30:01.229  INFO  manager.MyListener - WebDriver found element by locator---->By.cssSelector: div.dialog-container
19:30:01.245  INFO  manager.MyListener - WebDriver start find element---->By.cssSelector: div.dialog-container h1
19:30:01.253  INFO  manager.MyListener - WebDriver found element by locator---->By.cssSelector: div.dialog-container h1
19:30:01.258  INFO  tests.LoginTest - Test passed
19:30:01.266  INFO  manager.MyListener - WebDriver start find element---->By.xpath: //button[text()='Ok']
19:30:01.273  INFO  manager.MyListener - WebDriver found element by locator---->By.xpath: //button[text()='Ok']
19:30:01.492  INFO  manager.MyListener - WebDriver start find element---->By.cssSelector: div[class='header'] a:nth-child(5)
19:30:01.498  INFO  manager.MyListener - WebDriver found element by locator---->By.cssSelector: div[class='header'] a:nth-child(5)
19:30:01.731  INFO  tests.LoginTest - Test stars with email:
19:30:01.732  INFO  manager.MyListener - WebDriver start find element---->By.cssSelector: div[class='header'] a:nth-child(6)
19:30:01.738  INFO  manager.MyListener - WebDriver found element by locator---->By.cssSelector: div[class='header'] a:nth-child(6)
19:30:01.962  INFO  manager.MyListener - WebDriver start find element---->By.cssSelector: #email
19:30:01.969  INFO  manager.MyListener - WebDriver found element by locator---->By.cssSelector: #email
19:30:02.708  INFO  manager.MyListener - WebDriver start find element---->By.cssSelector: #password
19:30:02.715  INFO  manager.MyListener - WebDriver found element by locator---->By.cssSelector: #password
19:30:03.450  INFO  manager.MyListener - WebDriver start find element---->By.cssSelector: button[type='submit']
19:30:03.458  INFO  manager.MyListener - WebDriver found element by locator---->By.cssSelector: button[type='submit']
19:30:03.477  INFO  manager.MyListener - WebDriver start find element---->By.cssSelector: button[type='submit']
19:30:03.485  INFO  manager.MyListener - WebDriver found element by locator---->By.cssSelector: button[type='submit']
19:30:03.701  INFO  manager.MyListener - WebDriver start find element---->By.cssSelector: div.dialog-container
19:30:03.849  INFO  manager.MyListener - WebDriver found element by locator---->By.cssSelector: div.dialog-container
19:30:03.864  INFO  manager.MyListener - WebDriver start find element---->By.cssSelector: div.dialog-container h1
19:30:03.872  INFO  manager.MyListener - WebDriver found element by locator---->By.cssSelector: div.dialog-container h1
19:30:03.877  INFO  tests.LoginTest - Test passed
19:30:03.885  INFO  manager.MyListener - WebDriver start find element---->By.xpath: //button[text()='Ok']
19:30:03.892  INFO  manager.MyListener - WebDriver found element by locator---->By.xpath: //button[text()='Ok']
19:30:04.112  INFO  manager.MyListener - WebDriver start find element---->By.cssSelector: div[class='header'] a:nth-child(5)
19:30:04.119  INFO  manager.MyListener - WebDriver found element by locator---->By.cssSelector: div[class='header'] a:nth-child(5)
19:30:04.358  INFO  tests.LoginTest - Test stars with email:noa@gmail.com &password:Nnoa12345$
19:30:04.359  INFO  manager.MyListener - WebDriver start find element---->By.cssSelector: div[class='header'] a:nth-child(6)
19:30:04.366  INFO  manager.MyListener - WebDriver found element by locator---->By.cssSelector: div[class='header'] a:nth-child(6)
19:30:04.588  INFO  manager.MyListener - WebDriver start find element---->By.cssSelector: #email
19:30:04.595  INFO  manager.MyListener - WebDriver found element by locator---->By.cssSelector: #email
19:30:05.730  INFO  manager.MyListener - WebDriver start find element---->By.cssSelector: #password
19:30:05.738  INFO  manager.MyListener - WebDriver found element by locator---->By.cssSelector: #password
19:30:06.491  INFO  manager.MyListener - WebDriver start find element---->By.cssSelector: button[type='submit']
19:30:06.498  INFO  manager.MyListener - WebDriver found element by locator---->By.cssSelector: button[type='submit']
19:30:06.516  INFO  manager.MyListener - WebDriver start find element---->By.cssSelector: button[type='submit']
19:30:06.523  INFO  manager.MyListener - WebDriver found element by locator---->By.cssSelector: button[type='submit']
19:30:06.744  INFO  manager.MyListener - WebDriver start find element---->By.cssSelector: div.dialog-container
19:30:07.796  INFO  manager.MyListener - WebDriver found element by locator---->By.cssSelector: div.dialog-container
19:30:08.335  INFO  manager.MyListener - WebDriver start find element---->By.cssSelector: div.dialog-container h1
19:30:08.344  INFO  manager.MyListener - WebDriver found element by locator---->By.cssSelector: div.dialog-container h1
19:30:08.350  INFO  tests.LoginTest - Test passed
19:30:08.358  INFO  manager.MyListener - WebDriver start find element---->By.xpath: //button[text()='Ok']
19:30:08.365  INFO  manager.MyListener - WebDriver found element by locator---->By.xpath: //button[text()='Ok']
19:30:08.597  INFO  manager.MyListener - WebDriver start find element---->By.cssSelector: div[class='header'] a:nth-child(5)
19:30:08.605  INFO  manager.MyListener - WebDriver found element by locator---->By.cssSelector: div[class='header'] a:nth-child(5)
19:30:08.850  INFO  manager.MyListener - WebDriver start find element---->By.cssSelector: div[class='header'] a:nth-child(5)
19:30:08.858  INFO  manager.MyListener - WebDriver found element by locator---->By.cssSelector: div[class='header'] a:nth-child(5)
19:30:09.106  INFO  manager.MyListener - WebDriver start find element---->By.id: name
19:30:09.114  INFO  manager.MyListener - WebDriver found element by locator---->By.id: name
19:30:09.852  INFO  manager.MyListener - WebDriver start find element---->By.id: lastName
19:30:09.861  INFO  manager.MyListener - WebDriver found element by locator---->By.id: lastName
19:30:10.600  INFO  manager.MyListener - WebDriver start find element---->By.id: email
19:30:10.607  INFO  manager.MyListener - WebDriver found element by locator---->By.id: email
19:30:11.358  INFO  manager.MyListener - WebDriver start find element---->By.id: password
19:30:11.366  INFO  manager.MyListener - WebDriver found element by locator---->By.id: password
19:30:12.120  INFO  manager.MyListener - WebDriver start find element---->By.cssSelector: button[type='submit']
19:30:12.126  INFO  manager.MyListener - WebDriver found element by locator---->By.cssSelector: button[type='submit']
19:30:12.142  INFO  manager.MyListener - WebDriver start find element---->By.cssSelector: button[type='submit']
19:30:12.150  INFO  manager.MyListener - WebDriver found element by locator---->By.cssSelector: button[type='submit']
19:30:12.377  INFO  manager.MyListener - WebDriver start find element---->By.cssSelector: div.dialog-container
19:30:12.521  INFO  manager.MyListener - WebDriver found element by locator---->By.cssSelector: div.dialog-container
19:30:13.053  INFO  manager.MyListener - WebDriver start find element---->By.cssSelector: div.dialog-container h1
19:30:13.060  INFO  manager.MyListener - WebDriver found element by locator---->By.cssSelector: div.dialog-container h1
19:30:13.083  INFO  manager.MyListener - WebDriver start find element---->By.xpath: //button[text()='Ok']
19:30:13.092  INFO  manager.MyListener - WebDriver found element by locator---->By.xpath: //button[text()='Ok']
19:30:18.317  INFO  manager.MyListener - WebDriver start find element---->By.cssSelector: div[class='header'] a:nth-child(5)
19:30:18.323  INFO  manager.MyListener - WebDriver found element by locator---->By.cssSelector: div[class='header'] a:nth-child(5)
19:30:18.559  INFO  manager.MyListener - WebDriver start find element---->By.id: name
19:30:18.566  INFO  manager.MyListener - WebDriver found element by locator---->By.id: name
19:30:19.330  INFO  manager.MyListener - WebDriver start find element---->By.id: lastName
19:30:19.341  INFO  manager.MyListener - WebDriver found element by locator---->By.id: lastName
19:30:20.081  INFO  manager.MyListener - WebDriver start find element---->By.id: email
19:30:20.091  INFO  manager.MyListener - WebDriver found element by locator---->By.id: email
19:30:20.847  INFO  manager.MyListener - WebDriver start find element---->By.id: password
19:30:20.854  INFO  manager.MyListener - WebDriver found element by locator---->By.id: password
19:30:21.613  INFO  manager.MyListener - WebDriver start find element---->By.cssSelector: button[type='submit']
19:30:21.621  INFO  manager.MyListener - WebDriver found element by locator---->By.cssSelector: button[type='submit']
19:30:21.639  INFO  manager.MyListener - WebDriver start find element---->By.cssSelector: button[type='submit']
19:30:21.645  INFO  manager.MyListener - WebDriver found element by locator---->By.cssSelector: button[type='submit']
19:30:21.866  INFO  manager.MyListener - WebDriver start find element---->By.cssSelector: div.dialog-container
19:30:21.948  INFO  manager.MyListener - WebDriver found element by locator---->By.cssSelector: div.dialog-container
19:30:21.967  INFO  manager.MyListener - WebDriver start find element---->By.cssSelector: div.dialog-container h1
19:30:21.978  INFO  manager.MyListener - WebDriver found element by locator---->By.cssSelector: div.dialog-container h1
19:30:21.996  INFO  manager.MyListener - WebDriver start find element---->By.xpath: //button[text()='Ok']
19:30:22.004  INFO  manager.MyListener - WebDriver found element by locator---->By.xpath: //button[text()='Ok']
19:30:27.239  INFO  manager.MyListener - WebDriver start find element---->By.cssSelector: div[class='header'] a:nth-child(5)
19:30:27.245  INFO  manager.MyListener - WebDriver found element by locator---->By.cssSelector: div[class='header'] a:nth-child(5)
19:30:27.482  INFO  manager.MyListener - WebDriver start find element---->By.id: name
19:30:27.489  INFO  manager.MyListener - WebDriver found element by locator---->By.id: name
19:30:28.237  INFO  manager.MyListener - WebDriver start find element---->By.id: lastName
19:30:28.244  INFO  manager.MyListener - WebDriver found element by locator---->By.id: lastName
19:30:28.978  INFO  manager.MyListener - WebDriver start find element---->By.id: email
19:30:28.986  INFO  manager.MyListener - WebDriver found element by locator---->By.id: email
19:30:29.740  INFO  manager.MyListener - WebDriver start find element---->By.id: password
19:30:29.749  INFO  manager.MyListener - WebDriver found element by locator---->By.id: password
19:30:30.510  INFO  manager.MyListener - WebDriver start find element---->By.cssSelector: button[type='submit']
19:30:30.517  INFO  manager.MyListener - WebDriver found element by locator---->By.cssSelector: button[type='submit']
19:30:30.535  INFO  manager.MyListener - WebDriver start find element---->By.cssSelector: button[type='submit']
19:30:30.541  INFO  manager.MyListener - WebDriver found element by locator---->By.cssSelector: button[type='submit']
19:30:30.767  INFO  manager.MyListener - WebDriver start find element---->By.cssSelector: div.dialog-container
19:30:30.815  INFO  manager.MyListener - WebDriver found element by locator---->By.cssSelector: div.dialog-container
19:30:31.351  INFO  manager.MyListener - WebDriver start find element---->By.cssSelector: div.dialog-container h1
19:30:31.358  INFO  manager.MyListener - WebDriver found element by locator---->By.cssSelector: div.dialog-container h1
19:30:31.371  INFO  manager.MyListener - WebDriver start find element---->By.xpath: //button[text()='Ok']
19:30:31.377  INFO  manager.MyListener - WebDriver found element by locator---->By.xpath: //button[text()='Ok']
19:30:36.614  INFO  manager.MyListener - WebDriver start find element---->By.cssSelector: div[class='header'] a:nth-child(5)
19:30:36.620  INFO  manager.MyListener - WebDriver found element by locator---->By.cssSelector: div[class='header'] a:nth-child(5)
19:30:36.840  INFO  manager.MyListener - WebDriver start find element---->By.id: name
19:30:36.847  INFO  manager.MyListener - WebDriver found element by locator---->By.id: name
19:30:37.599  INFO  manager.MyListener - WebDriver start find element---->By.id: lastName
19:30:37.606  INFO  manager.MyListener - WebDriver found element by locator---->By.id: lastName
19:30:38.346  INFO  manager.MyListener - WebDriver start find element---->By.id: email
19:30:38.352  INFO  manager.MyListener - WebDriver found element by locator---->By.id: email
19:30:39.108  INFO  manager.MyListener - WebDriver start find element---->By.id: password
19:30:39.114  INFO  manager.MyListener - WebDriver found element by locator---->By.id: password
19:30:39.876  INFO  manager.MyListener - WebDriver start find element---->By.cssSelector: button[type='submit']
19:30:39.884  INFO  manager.MyListener - WebDriver found element by locator---->By.cssSelector: button[type='submit']
19:30:39.901  INFO  manager.MyListener - WebDriver start find element---->By.cssSelector: button[type='submit']
19:30:39.908  INFO  manager.MyListener - WebDriver found element by locator---->By.cssSelector: button[type='submit']
19:30:40.141  INFO  manager.MyListener - WebDriver start find element---->By.cssSelector: div.dialog-container
19:30:40.193  INFO  manager.MyListener - WebDriver found element by locator---->By.cssSelector: div.dialog-container
19:30:40.716  INFO  manager.MyListener - WebDriver start find element---->By.cssSelector: div.dialog-container h1
19:30:40.722  INFO  manager.MyListener - WebDriver found element by locator---->By.cssSelector: div.dialog-container h1
19:30:40.735  INFO  manager.MyListener - WebDriver start find element---->By.xpath: //button[text()='Ok']
19:30:40.741  INFO  manager.MyListener - WebDriver found element by locator---->By.xpath: //button[text()='Ok']
19:30:45.973  INFO  manager.MyListener - WebDriver start find element---->By.cssSelector: div[class='header'] a:nth-child(5)
19:30:45.981  INFO  manager.MyListener - WebDriver found element by locator---->By.cssSelector: div[class='header'] a:nth-child(5)
19:30:46.219  INFO  manager.MyListener - WebDriver start find element---->By.id: name
19:30:46.226  INFO  manager.MyListener - WebDriver found element by locator---->By.id: name
19:30:46.967  INFO  manager.MyListener - WebDriver start find element---->By.id: lastName
19:30:46.974  INFO  manager.MyListener - WebDriver found element by locator---->By.id: lastName
19:30:47.711  INFO  manager.MyListener - WebDriver start find element---->By.id: email
19:30:47.718  INFO  manager.MyListener - WebDriver found element by locator---->By.id: email
19:30:48.475  INFO  manager.MyListener - WebDriver start find element---->By.id: password
19:30:48.484  INFO  manager.MyListener - WebDriver found element by locator---->By.id: password
19:30:49.236  INFO  manager.MyListener - WebDriver start find element---->By.cssSelector: button[type='submit']
19:30:49.242  INFO  manager.MyListener - WebDriver found element by locator---->By.cssSelector: button[type='submit']
19:30:49.259  INFO  manager.MyListener - WebDriver start find element---->By.cssSelector: button[type='submit']
19:30:49.267  INFO  manager.MyListener - WebDriver found element by locator---->By.cssSelector: button[type='submit']
19:30:49.491  INFO  manager.MyListener - WebDriver start find element---->By.cssSelector: div.dialog-container
19:30:49.635  INFO  manager.MyListener - WebDriver found element by locator---->By.cssSelector: div.dialog-container
19:30:50.171  INFO  manager.MyListener - WebDriver start find element---->By.cssSelector: div.dialog-container h1
19:30:50.177  INFO  manager.MyListener - WebDriver found element by locator---->By.cssSelector: div.dialog-container h1
19:30:50.188  INFO  manager.MyListener - WebDriver start find element---->By.xpath: //button[text()='Ok']
19:30:50.195  INFO  manager.MyListener - WebDriver found element by locator---->By.xpath: //button[text()='Ok']
19:30:50.414  INFO  manager.MyListener - WebDriver start find element---->By.cssSelector: div[class='header'] a:nth-child(5)
19:30:50.421  INFO  manager.MyListener - WebDriver found element by locator---->By.cssSelector: div[class='header'] a:nth-child(5)
19:30:50.660  INFO  manager.MyListener - WebDriver start find element---->By.cssSelector: div[class='header'] a:nth-child(5)
19:30:50.666  INFO  manager.MyListener - WebDriver found element by locator---->By.cssSelector: div[class='header'] a:nth-child(5)
19:30:50.907  INFO  manager.MyListener - WebDriver start find element---->By.id: name
19:30:50.913  INFO  manager.MyListener - WebDriver found element by locator---->By.id: name
19:30:51.639  INFO  manager.MyListener - WebDriver start find element---->By.id: lastName
19:30:51.644  INFO  manager.MyListener - WebDriver found element by locator---->By.id: lastName
19:30:52.386  INFO  manager.MyListener - WebDriver start find element---->By.id: email
19:30:52.392  INFO  manager.MyListener - WebDriver found element by locator---->By.id: email
19:30:53.141  INFO  manager.MyListener - WebDriver start find element---->By.id: password
19:30:53.149  INFO  manager.MyListener - WebDriver found element by locator---->By.id: password
19:30:53.886  INFO  manager.MyListener - WebDriver start find element---->By.cssSelector: label[for='terms-of-use']
19:30:53.892  INFO  manager.MyListener - WebDriver found element by locator---->By.cssSelector: label[for='terms-of-use']
19:30:54.241  INFO  manager.MyListener - WebDriver start find element---->By.cssSelector: div.error div:first-child
19:30:54.248  INFO  manager.MyListener - WebDriver found element by locator---->By.cssSelector: div.error div:first-child
19:30:54.255  INFO  manager.MyListener - WebDriver start find element---->By.cssSelector: div.error div:last-child
19:30:54.261  INFO  manager.MyListener - WebDriver found element by locator---->By.cssSelector: div.error div:last-child
19:30:54.274  INFO  manager.MyListener - WebDriver start find element---->By.cssSelector: [type=submit]
19:30:54.280  INFO  manager.MyListener - WebDriver found element by locator---->By.cssSelector: [type=submit]
