21:28:36.376  INFO  manager.ApplicationManager - All tests run in chrome browser
21:28:37.891  INFO  manager.ApplicationManager - Current Url---->https://ilcarro-1578153671498.web.app/search
21:28:37.919  INFO  manager.MyListener - WebDriver start find element---->By.id: city
21:28:37.947  INFO  manager.MyListener - WebDriver found element by locator---->By.id: city
21:28:38.566  INFO  manager.MyListener - WebDriver start find element---->By.cssSelector: .pac-item
21:28:38.907  INFO  manager.MyListener - WebDriver found element by locator---->By.cssSelector: .pac-item
21:28:39.455  INFO  manager.MyListener - WebDriver start find element---->By.id: dates
21:28:39.476  INFO  manager.MyListener - WebDriver found element by locator---->By.id: dates
21:28:39.563  INFO  manager.MyListener - WebDriver start find element---->By.cssSelector: button[aria-label='Next month']
21:28:39.585  INFO  manager.MyListener - WebDriver found element by locator---->By.cssSelector: button[aria-label='Next month']
21:28:39.635  INFO  manager.MyListener - WebDriver start find element---->By.cssSelector: button[aria-label='Next month']
21:28:39.660  INFO  manager.MyListener - WebDriver found element by locator---->By.cssSelector: button[aria-label='Next month']
21:28:39.704  INFO  manager.MyListener - WebDriver start find element---->By.cssSelector: button[aria-label='Next month']
21:28:39.719  INFO  manager.MyListener - WebDriver found element by locator---->By.cssSelector: button[aria-label='Next month']
21:28:39.759  INFO  manager.MyListener - WebDriver start find element---->By.cssSelector: button[aria-label='Next month']
21:28:39.778  INFO  manager.MyListener - WebDriver found element by locator---->By.cssSelector: button[aria-label='Next month']
21:28:39.816  INFO  manager.MyListener - WebDriver start find element---->By.cssSelector: button[aria-label='Next month']
21:28:39.831  INFO  manager.MyListener - WebDriver found element by locator---->By.cssSelector: button[aria-label='Next month']
21:28:39.870  INFO  manager.MyListener - WebDriver start find element---->By.cssSelector: button[aria-label='Next month']
21:28:39.886  INFO  manager.MyListener - WebDriver found element by locator---->By.cssSelector: button[aria-label='Next month']
21:28:39.926  INFO  manager.MyListener - WebDriver start find element---->By.cssSelector: button[aria-label='Next month']
21:28:39.943  INFO  manager.MyListener - WebDriver found element by locator---->By.cssSelector: button[aria-label='Next month']
21:28:39.989  INFO  manager.MyListener - WebDriver start find element---->By.cssSelector: button[aria-label='Next month']
21:28:40.002  INFO  manager.MyListener - WebDriver found element by locator---->By.cssSelector: button[aria-label='Next month']
21:28:40.034  INFO  manager.MyListener - WebDriver start find element---->By.cssSelector: button[aria-label='Next month']
21:28:40.045  INFO  manager.MyListener - WebDriver found element by locator---->By.cssSelector: button[aria-label='Next month']
21:28:40.079  INFO  manager.MyListener - WebDriver start find element---->By.cssSelector: button[aria-label='Next month']
21:28:40.091  INFO  manager.MyListener - WebDriver found element by locator---->By.cssSelector: button[aria-label='Next month']
21:28:40.129  INFO  manager.MyListener - WebDriver start find element---->By.cssSelector: button[aria-label='Next month']
21:28:40.154  INFO  manager.MyListener - WebDriver found element by locator---->By.cssSelector: button[aria-label='Next month']
21:28:40.185  INFO  manager.MyListener - WebDriver start find element---->By.cssSelector: button[type='submit']
21:28:40.201  INFO  manager.MyListener - WebDriver found element by locator---->By.cssSelector: button[type='submit']
