20:28:03.616  INFO  manager.ApplicationManager - All tests run in chrome browser
20:28:05.547  INFO  manager.ApplicationManager - Current Url---->https://ilcarro-1578153671498.web.app/search
20:28:10.602  INFO  manager.MyListener - WebDriver start find element---->By.cssSelector: div[class='header'] a:nth-child(5)
20:28:10.626  INFO  manager.MyListener - WebDriver found element by locator---->By.cssSelector: div[class='header'] a:nth-child(5)
20:28:10.873  INFO  manager.MyListener - WebDriver start find element---->By.id: name
20:28:10.889  INFO  manager.MyListener - WebDriver found element by locator---->By.id: name
20:28:11.633  INFO  manager.MyListener - WebDriver start find element---->By.id: lastName
20:28:11.649  INFO  manager.MyListener - WebDriver found element by locator---->By.id: lastName
20:28:12.394  INFO  manager.MyListener - WebDriver start find element---->By.id: email
20:28:12.406  INFO  manager.MyListener - WebDriver found element by locator---->By.id: email
20:28:13.147  INFO  manager.MyListener - WebDriver start find element---->By.id: password
20:28:13.159  INFO  manager.MyListener - WebDriver found element by locator---->By.id: password
20:28:13.895  INFO  manager.MyListener - WebDriver start find element---->By.cssSelector: label[for='terms-of-use']
20:28:13.910  INFO  manager.MyListener - WebDriver found element by locator---->By.cssSelector: label[for='terms-of-use']
20:28:14.256  INFO  manager.MyListener - WebDriver start find element---->By.cssSelector: button[type='submit']
20:28:14.268  INFO  manager.MyListener - WebDriver found element by locator---->By.cssSelector: button[type='submit']
20:28:14.985  INFO  manager.MyListener - WebDriver start find element---->By.cssSelector: div.dialog-container
20:28:19.999  INFO  manager.MyListener - The name of method with error-->findElement
20:28:20.003  INFO  manager.MyListener - We have a problem--->org.openqa.selenium.NoSuchElementException: Unable to locate element: div.dialog-container
For documentation on this error, please visit: https://selenium.dev/exceptions/#no_such_element
Build info: version: '4.2.2', revision: '683ccb65d6'
System info: host: 'DESKTOP-O54QV38', ip: '192.168.14.148', os.name: 'Windows 10', os.arch: 'amd64', os.version: '10.0', java.version: '13.0.2'
Driver info: org.openqa.selenium.firefox.FirefoxDriver
Command: [fe35e1eb-c168-41ad-bfc6-79d3cf8f3937, findElement {using=css selector, value=div.dialog-container}]
Capabilities {acceptInsecureCerts: true, browserName: firefox, browserVersion: 94.0.2, moz:accessibilityChecks: false, moz:buildID: 20211119140621, moz:debuggerAddress: localhost:49951, moz:geckodriverVersion: 0.31.0, moz:headless: false, moz:processID: 10644, moz:profile: C:\Users\allan\AppData\Loca..., moz:shutdownTimeout: 60000, moz:useNonSpecCompliantPointerOrigin: false, moz:webdriverClick: true, pageLoadStrategy: normal, platformName: WINDOWS, platformVersion: 10.0, proxy: Proxy(), se:cdp: ws://localhost:49951/devtoo..., se:cdpVersion: 85.0, setWindowRect: true, strictFileInteractability: false, timeouts: {implicit: 0, pageLoad: 300000, script: 30000}, unhandledPromptBehavior: dismiss and notify}
Session ID: fe35e1eb-c168-41ad-bfc6-79d3cf8f3937
