20:25:30.020  INFO  manager.ApplicationManager - All tests run in chrome browser
20:25:31.861  INFO  manager.ApplicationManager - Current Url---->https://ilcarro-1578153671498.web.app/search
20:25:36.917  INFO  manager.MyListener - WebDriver start find element---->By.cssSelector: div[class='header'] a:nth-child(5)
20:25:36.936  INFO  manager.MyListener - WebDriver found element by locator---->By.cssSelector: div[class='header'] a:nth-child(5)
20:25:37.193  INFO  manager.MyListener - WebDriver start find element---->By.id: name
20:25:37.205  INFO  manager.MyListener - WebDriver found element by locator---->By.id: name
20:25:37.938  INFO  manager.MyListener - WebDriver start find element---->By.id: lastName
20:25:37.953  INFO  manager.MyListener - WebDriver found element by locator---->By.id: lastName
20:25:38.688  INFO  manager.MyListener - WebDriver start find element---->By.id: email
20:25:38.700  INFO  manager.MyListener - WebDriver found element by locator---->By.id: email
20:25:39.446  INFO  manager.MyListener - WebDriver start find element---->By.id: password
20:25:39.464  INFO  manager.MyListener - WebDriver found element by locator---->By.id: password
20:25:40.217  INFO  manager.MyListener - WebDriver start find element---->By.cssSelector: label.checkbox-label.terms-label
20:25:40.228  INFO  manager.MyListener - WebDriver found element by locator---->By.cssSelector: label.checkbox-label.terms-label
20:25:40.477  INFO  manager.MyListener - WebDriver start find element---->By.cssSelector: label[for='terms-of-use']
20:25:45.508  INFO  manager.MyListener - The name of method with error-->findElement
20:25:45.508  INFO  manager.MyListener - We have a problem--->org.openqa.selenium.NoSuchElementException: Unable to locate element: label[for='terms-of-use']
For documentation on this error, please visit: https://selenium.dev/exceptions/#no_such_element
Build info: version: '4.2.2', revision: '683ccb65d6'
System info: host: 'DESKTOP-O54QV38', ip: '192.168.14.148', os.name: 'Windows 10', os.arch: 'amd64', os.version: '10.0', java.version: '13.0.2'
Driver info: org.openqa.selenium.firefox.FirefoxDriver
Command: [4a8cf9b4-289d-4424-924f-42e2273ff1f0, findElement {using=css selector, value=label[for='terms-of-use']}]
Capabilities {acceptInsecureCerts: true, browserName: firefox, browserVersion: 94.0.2, moz:accessibilityChecks: false, moz:buildID: 20211119140621, moz:debuggerAddress: localhost:49757, moz:geckodriverVersion: 0.31.0, moz:headless: false, moz:processID: 20212, moz:profile: C:\Users\allan\AppData\Loca..., moz:shutdownTimeout: 60000, moz:useNonSpecCompliantPointerOrigin: false, moz:webdriverClick: true, pageLoadStrategy: normal, platformName: WINDOWS, platformVersion: 10.0, proxy: Proxy(), se:cdp: ws://localhost:49757/devtoo..., se:cdpVersion: 85.0, setWindowRect: true, strictFileInteractability: false, timeouts: {implicit: 0, pageLoad: 300000, script: 30000}, unhandledPromptBehavior: dismiss and notify}
Session ID: 4a8cf9b4-289d-4424-924f-42e2273ff1f0
