20:26:51.228  INFO  manager.ApplicationManager - All tests run in chrome browser
20:26:53.072  INFO  manager.ApplicationManager - Current Url---->https://ilcarro-1578153671498.web.app/search
20:26:58.128  INFO  manager.MyListener - WebDriver start find element---->By.cssSelector: div[class='header'] a:nth-child(5)
20:26:58.144  INFO  manager.MyListener - WebDriver found element by locator---->By.cssSelector: div[class='header'] a:nth-child(5)
20:26:58.391  INFO  manager.MyListener - WebDriver start find element---->By.id: name
20:26:58.403  INFO  manager.MyListener - WebDriver found element by locator---->By.id: name
20:26:59.143  INFO  manager.MyListener - WebDriver start find element---->By.id: lastName
20:26:59.159  INFO  manager.MyListener - WebDriver found element by locator---->By.id: lastName
20:26:59.891  INFO  manager.MyListener - WebDriver start find element---->By.id: email
20:26:59.911  INFO  manager.MyListener - WebDriver found element by locator---->By.id: email
20:27:00.663  INFO  manager.MyListener - WebDriver start find element---->By.id: password
20:27:00.675  INFO  manager.MyListener - WebDriver found element by locator---->By.id: password
20:27:01.409  INFO  manager.MyListener - WebDriver start find element---->By.cssSelector: label[for='terms-of-use']
20:27:01.421  INFO  manager.MyListener - WebDriver found element by locator---->By.cssSelector: label[for='terms-of-use']
20:27:01.794  INFO  manager.MyListener - WebDriver start find element---->By.cssSelector: button[type='submit']
20:27:01.806  INFO  manager.MyListener - WebDriver found element by locator---->By.cssSelector: button[type='submit']
20:27:02.521  INFO  manager.MyListener - WebDriver start find element---->By.cssSelector: div.dialog-container
20:27:07.539  INFO  manager.MyListener - The name of method with error-->findElement
20:27:07.539  INFO  manager.MyListener - We have a problem--->org.openqa.selenium.NoSuchElementException: Unable to locate element: div.dialog-container
For documentation on this error, please visit: https://selenium.dev/exceptions/#no_such_element
Build info: version: '4.2.2', revision: '683ccb65d6'
System info: host: 'DESKTOP-O54QV38', ip: '192.168.14.148', os.name: 'Windows 10', os.arch: 'amd64', os.version: '10.0', java.version: '13.0.2'
Driver info: org.openqa.selenium.firefox.FirefoxDriver
Command: [1c4af120-72c3-406f-8977-9af8e4b6f581, findElement {using=css selector, value=div.dialog-container}]
Capabilities {acceptInsecureCerts: true, browserName: firefox, browserVersion: 94.0.2, moz:accessibilityChecks: false, moz:buildID: 20211119140621, moz:debuggerAddress: localhost:56891, moz:geckodriverVersion: 0.31.0, moz:headless: false, moz:processID: 19008, moz:profile: C:\Users\allan\AppData\Loca..., moz:shutdownTimeout: 60000, moz:useNonSpecCompliantPointerOrigin: false, moz:webdriverClick: true, pageLoadStrategy: normal, platformName: WINDOWS, platformVersion: 10.0, proxy: Proxy(), se:cdp: ws://localhost:56891/devtoo..., se:cdpVersion: 85.0, setWindowRect: true, strictFileInteractability: false, timeouts: {implicit: 0, pageLoad: 300000, script: 30000}, unhandledPromptBehavior: dismiss and notify}
Session ID: 1c4af120-72c3-406f-8977-9af8e4b6f581
