20:22:56.173  INFO  manager.ApplicationManager - All tests run in chrome browser
20:22:58.174  INFO  manager.ApplicationManager - Current Url---->https://ilcarro-1578153671498.web.app/search
20:22:58.205  INFO  manager.MyListener - WebDriver start find element---->By.id: city
20:22:58.236  INFO  manager.MyListener - WebDriver found element by locator---->By.id: city
20:22:58.846  INFO  manager.MyListener - WebDriver start find element---->By.cssSelector: .pac-item
20:22:59.190  INFO  manager.MyListener - WebDriver found element by locator---->By.cssSelector: .pac-item
20:22:59.743  INFO  manager.MyListener - WebDriver start find element---->By.id: dates
20:22:59.765  INFO  manager.MyListener - WebDriver found element by locator---->By.id: dates
20:22:59.866  INFO  manager.MyListener - WebDriver start find element---->By.xpath: //div[text()='25'
20:22:59.898  INFO  manager.MyListener - The name of method with error-->findElement
20:22:59.901  INFO  manager.MyListener - We have a problem--->org.openqa.selenium.InvalidSelectorException: invalid selector: Unable to locate an element with the xpath expression //div[text()='25' because of the following error:
SyntaxError: Failed to execute 'evaluate' on 'Document': The string '//div[text()='25'' is not a valid XPath expression.
  (Session info: chrome=103.0.5060.114)
For documentation on this error, please visit: https://selenium.dev/exceptions/#invalid_selector_exception
Build info: version: '4.2.2', revision: '683ccb65d6'
System info: host: 'DESKTOP-O54QV38', ip: '192.168.14.148', os.name: 'Windows 10', os.arch: 'amd64', os.version: '10.0', java.version: '13.0.2'
Driver info: org.openqa.selenium.chrome.ChromeDriver
Command: [3fa1e87534a29255150550e2580f30f0, findElement {using=xpath, value=//div[text()='25'}]
Capabilities {acceptInsecureCerts: false, browserName: chrome, browserVersion: 103.0.5060.114, chrome: {chromedriverVersion: 102.0.5005.27 (df4a85108ffa..., userDataDir: C:\Users\allan\AppData\Loca...}, goog:chromeOptions: {debuggerAddress: localhost:50385}, networkConnectionEnabled: false, pageLoadStrategy: normal, platformName: WINDOWS, proxy: Proxy(), se:cdp: ws://localhost:50385/devtoo..., se:cdpVersion: 103.0.5060.114, setWindowRect: true, strictFileInteractability: false, timeouts: {implicit: 0, pageLoad: 300000, script: 30000}, unhandledPromptBehavior: dismiss and notify, webauthn:extension:credBlob: true, webauthn:extension:largeBlob: true, webauthn:virtualAuthenticators: true}
Session ID: 3fa1e87534a29255150550e2580f30f0
