20:24:47.720  INFO  manager.ApplicationManager - All tests run in chrome browser
20:24:49.148  INFO  manager.ApplicationManager - Current Url---->https://ilcarro-1578153671498.web.app/search
20:24:49.178  INFO  manager.MyListener - WebDriver start find element---->By.id: city
20:24:49.210  INFO  manager.MyListener - WebDriver found element by locator---->By.id: city
20:24:49.830  INFO  manager.MyListener - WebDriver start find element---->By.cssSelector: .pac-item
20:24:50.226  INFO  manager.MyListener - WebDriver found element by locator---->By.cssSelector: .pac-item
20:24:50.778  INFO  manager.MyListener - WebDriver start find element---->By.id: dates
20:24:50.798  INFO  manager.MyListener - WebDriver found element by locator---->By.id: dates
20:24:50.887  INFO  manager.MyListener - WebDriver start find element---->By.xpath: //div[text()=' 20 ']
20:24:50.912  INFO  manager.MyListener - WebDriver found element by locator---->By.xpath: //div[text()=' 20 ']
20:24:51.009  INFO  manager.MyListener - WebDriver start find element---->By.xpath: //div[text()=' 31 ']
20:24:51.034  INFO  manager.MyListener - WebDriver found element by locator---->By.xpath: //div[text()=' 31 ']
20:24:51.091  INFO  manager.MyListener - WebDriver start find element---->By.cssSelector: button[type='submit']
20:24:51.112  INFO  manager.MyListener - WebDriver found element by locator---->By.cssSelector: button[type='submit']
20:24:51.148  INFO  manager.MyListener - WebDriver start find element---->By.cssSelector: button[type='submit']
20:24:51.164  INFO  manager.MyListener - WebDriver found element by locator---->By.cssSelector: button[type='submit']
20:24:51.239  INFO  manager.MyListener - WebDriver start find element---->By.id: city
20:24:51.286  INFO  manager.MyListener - WebDriver found element by locator---->By.id: city
20:24:51.993  INFO  manager.MyListener - WebDriver start find element---->By.cssSelector: .pac-item
20:24:52.011  INFO  manager.MyListener - WebDriver found element by locator---->By.cssSelector: .pac-item
20:24:52.555  INFO  manager.MyListener - WebDriver start find element---->By.id: dates
20:24:57.582  INFO  manager.MyListener - The name of method with error-->findElement
20:24:57.585  INFO  manager.MyListener - We have a problem--->org.openqa.selenium.NoSuchElementException: no such element: Unable to locate element: {"method":"css selector","selector":"#dates"}
  (Session info: chrome=103.0.5060.114)
For documentation on this error, please visit: https://selenium.dev/exceptions/#no_such_element
Build info: version: '4.2.2', revision: '683ccb65d6'
System info: host: 'DESKTOP-O54QV38', ip: '192.168.14.148', os.name: 'Windows 10', os.arch: 'amd64', os.version: '10.0', java.version: '13.0.2'
Driver info: org.openqa.selenium.chrome.ChromeDriver
Command: [2b160d490a2fdd3ccd11ea5c28ffd989, findElement {using=id, value=dates}]
Capabilities {acceptInsecureCerts: false, browserName: chrome, browserVersion: 103.0.5060.114, chrome: {chromedriverVersion: 102.0.5005.27 (df4a85108ffa..., userDataDir: C:\Users\allan\AppData\Loca...}, goog:chromeOptions: {debuggerAddress: localhost:53410}, networkConnectionEnabled: false, pageLoadStrategy: normal, platformName: WINDOWS, proxy: Proxy(), se:cdp: ws://localhost:53410/devtoo..., se:cdpVersion: 103.0.5060.114, setWindowRect: true, strictFileInteractability: false, timeouts: {implicit: 0, pageLoad: 300000, script: 30000}, unhandledPromptBehavior: dismiss and notify, webauthn:extension:credBlob: true, webauthn:extension:largeBlob: true, webauthn:virtualAuthenticators: true}
Session ID: 2b160d490a2fdd3ccd11ea5c28ffd989
